\BOOKMARK [0][-]{chapter.1}{\376\377\0001\000\040\000C\000l\000a\000s\000s\000\040\000I\000n\000d\000e\000x}{}% 1
\BOOKMARK [1][-]{section.1.1}{\376\377\0001\000.\0001\000\040\000C\000l\000a\000s\000s\000\040\000L\000i\000s\000t}{chapter.1}% 2
\BOOKMARK [0][-]{chapter.2}{\376\377\0002\000\040\000F\000i\000l\000e\000\040\000I\000n\000d\000e\000x}{}% 3
\BOOKMARK [1][-]{section.2.1}{\376\377\0002\000.\0001\000\040\000F\000i\000l\000e\000\040\000L\000i\000s\000t}{chapter.2}% 4
\BOOKMARK [0][-]{chapter.3}{\376\377\0003\000\040\000C\000l\000a\000s\000s\000\040\000D\000o\000c\000u\000m\000e\000n\000t\000a\000t\000i\000o\000n}{}% 5
\BOOKMARK [1][-]{section.3.1}{\376\377\0003\000.\0001\000\040\000C\000u\000r\000v\000e\000\040\000S\000t\000r\000u\000c\000t\000\040\000R\000e\000f\000e\000r\000e\000n\000c\000e}{chapter.3}% 6
\BOOKMARK [2][-]{subsection.3.1.1}{\376\377\0003\000.\0001\000.\0001\000\040\000D\000e\000t\000a\000i\000l\000e\000d\000\040\000D\000e\000s\000c\000r\000i\000p\000t\000i\000o\000n}{section.3.1}% 7
\BOOKMARK [2][-]{subsection.3.1.2}{\376\377\0003\000.\0001\000.\0002\000\040\000M\000e\000m\000b\000e\000r\000\040\000D\000a\000t\000a\000\040\000D\000o\000c\000u\000m\000e\000n\000t\000a\000t\000i\000o\000n}{section.3.1}% 8
\BOOKMARK [3][-]{subsubsection.3.1.2.1}{\376\377\0003\000.\0001\000.\0002\000.\0001\000\040\000c\000a\000p\000a\000c\000i\000t\000y}{subsection.3.1.2}% 9
\BOOKMARK [3][-]{subsubsection.3.1.2.2}{\376\377\0003\000.\0001\000.\0002\000.\0002\000\040\000c\000o\000l\000o\000r}{subsection.3.1.2}% 10
\BOOKMARK [3][-]{subsubsection.3.1.2.3}{\376\377\0003\000.\0001\000.\0002\000.\0003\000\040\000e\000l\000e\000m\000e\000n\000t\000s}{subsection.3.1.2}% 11
\BOOKMARK [3][-]{subsubsection.3.1.2.4}{\376\377\0003\000.\0001\000.\0002\000.\0004\000\040\000l\000e\000n\000g\000t\000h}{subsection.3.1.2}% 12
\BOOKMARK [1][-]{section.3.2}{\376\377\0003\000.\0002\000\040\000C\000u\000r\000v\000e\000\137\000a\000d\000a\000\040\000S\000t\000r\000u\000c\000t\000\040\000R\000e\000f\000e\000r\000e\000n\000c\000e}{chapter.3}% 13
\BOOKMARK [2][-]{subsection.3.2.1}{\376\377\0003\000.\0002\000.\0001\000\040\000D\000e\000t\000a\000i\000l\000e\000d\000\040\000D\000e\000s\000c\000r\000i\000p\000t\000i\000o\000n}{section.3.2}% 14
\BOOKMARK [2][-]{subsection.3.2.2}{\376\377\0003\000.\0002\000.\0002\000\040\000M\000e\000m\000b\000e\000r\000\040\000D\000a\000t\000a\000\040\000D\000o\000c\000u\000m\000e\000n\000t\000a\000t\000i\000o\000n}{section.3.2}% 15
\BOOKMARK [3][-]{subsubsection.3.2.2.1}{\376\377\0003\000.\0002\000.\0002\000.\0001\000\040\000c\000a\000p\000a\000c\000i\000t\000y}{subsection.3.2.2}% 16
\BOOKMARK [3][-]{subsubsection.3.2.2.2}{\376\377\0003\000.\0002\000.\0002\000.\0002\000\040\000e\000l\000e\000m\000e\000n\000t\000s}{subsection.3.2.2}% 17
\BOOKMARK [3][-]{subsubsection.3.2.2.3}{\376\377\0003\000.\0002\000.\0002\000.\0003\000\040\000l\000e\000n\000g\000t\000h}{subsection.3.2.2}% 18
\BOOKMARK [1][-]{section.3.3}{\376\377\0003\000.\0003\000\040\000F\000i\000g\000u\000r\000e\000\040\000S\000t\000r\000u\000c\000t\000\040\000R\000e\000f\000e\000r\000e\000n\000c\000e}{chapter.3}% 19
\BOOKMARK [2][-]{subsection.3.3.1}{\376\377\0003\000.\0003\000.\0001\000\040\000D\000e\000t\000a\000i\000l\000e\000d\000\040\000D\000e\000s\000c\000r\000i\000p\000t\000i\000o\000n}{section.3.3}% 20
\BOOKMARK [2][-]{subsection.3.3.2}{\376\377\0003\000.\0003\000.\0002\000\040\000M\000e\000m\000b\000e\000r\000\040\000D\000a\000t\000a\000\040\000D\000o\000c\000u\000m\000e\000n\000t\000a\000t\000i\000o\000n}{section.3.3}% 21
\BOOKMARK [3][-]{subsubsection.3.3.2.1}{\376\377\0003\000.\0003\000.\0002\000.\0001\000\040\000b\000a\000c\000k\000g\000r\000o\000u\000n\000d\000\137\000c\000o\000l\000o\000r}{subsection.3.3.2}% 22
\BOOKMARK [3][-]{subsubsection.3.3.2.2}{\376\377\0003\000.\0003\000.\0002\000.\0002\000\040\000i\000n\000v\000\137\000z\000\137\000b\000u\000f\000f\000e\000r\000\137\000m\000a\000t}{subsection.3.3.2}% 23
\BOOKMARK [3][-]{subsubsection.3.3.2.3}{\376\377\0003\000.\0003\000.\0002\000.\0003\000\040\000m\000a\000x\000\137\000x}{subsection.3.3.2}% 24
\BOOKMARK [3][-]{subsubsection.3.3.2.4}{\376\377\0003\000.\0003\000.\0002\000.\0004\000\040\000m\000a\000x\000\137\000x\000\137\000p\000i\000x\000e\000l}{subsection.3.3.2}% 25
\BOOKMARK [3][-]{subsubsection.3.3.2.5}{\376\377\0003\000.\0003\000.\0002\000.\0005\000\040\000m\000a\000x\000\137\000y}{subsection.3.3.2}% 26
\BOOKMARK [3][-]{subsubsection.3.3.2.6}{\376\377\0003\000.\0003\000.\0002\000.\0006\000\040\000m\000a\000x\000\137\000y\000\137\000p\000i\000x\000e\000l}{subsection.3.3.2}% 27
\BOOKMARK [3][-]{subsubsection.3.3.2.7}{\376\377\0003\000.\0003\000.\0002\000.\0007\000\040\000m\000i\000n\000\137\000x}{subsection.3.3.2}% 28
\BOOKMARK [3][-]{subsubsection.3.3.2.8}{\376\377\0003\000.\0003\000.\0002\000.\0008\000\040\000m\000i\000n\000\137\000x\000\137\000p\000i\000x\000e\000l}{subsection.3.3.2}% 29
\BOOKMARK [3][-]{subsubsection.3.3.2.9}{\376\377\0003\000.\0003\000.\0002\000.\0009\000\040\000m\000i\000n\000\137\000y}{subsection.3.3.2}% 30
\BOOKMARK [3][-]{subsubsection.3.3.2.10}{\376\377\0003\000.\0003\000.\0002\000.\0001\0000\000\040\000m\000i\000n\000\137\000y\000\137\000p\000i\000x\000e\000l}{subsection.3.3.2}% 31
\BOOKMARK [3][-]{subsubsection.3.3.2.11}{\376\377\0003\000.\0003\000.\0002\000.\0001\0001\000\040\000o\000f\000f\000s\000e\000t\000\137\000z\000o\000o\000m\000\137\000p\000a\000r\000a\000m}{subsection.3.3.2}% 32
\BOOKMARK [3][-]{subsubsection.3.3.2.12}{\376\377\0003\000.\0003\000.\0002\000.\0001\0002\000\040\000p\000i\000x\000e\000l\000s\000\137\000m\000a\000t}{subsection.3.3.2}% 33
\BOOKMARK [3][-]{subsubsection.3.3.2.13}{\376\377\0003\000.\0003\000.\0002\000.\0001\0003\000\040\000s\000r\000c\000\137\000c\000u\000r\000v\000e\000\137\000a\000r\000r\000a\000y}{subsection.3.3.2}% 34
\BOOKMARK [3][-]{subsubsection.3.3.2.14}{\376\377\0003\000.\0003\000.\0002\000.\0001\0004\000\040\000t\000o\000\137\000d\000r\000a\000w\000\137\000a\000x\000i\000s}{subsection.3.3.2}% 35
\BOOKMARK [3][-]{subsubsection.3.3.2.15}{\376\377\0003\000.\0003\000.\0002\000.\0001\0005\000\040\000t\000o\000\137\000d\000r\000a\000w\000\137\000m\000a\000x\000\137\000m\000i\000n\000\137\000v\000a\000l\000u\000e\000s}{subsection.3.3.2}% 36
\BOOKMARK [3][-]{subsubsection.3.3.2.16}{\376\377\0003\000.\0003\000.\0002\000.\0001\0006\000\040\000t\000o\000p\000\137\000l\000e\000f\000t\000\137\000p\000o\000s\000i\000t\000i\000o\000n}{subsection.3.3.2}% 37
\BOOKMARK [3][-]{subsubsection.3.3.2.17}{\376\377\0003\000.\0003\000.\0002\000.\0001\0007\000\040\000x\000\137\000a\000x\000i\000s\000\137\000h\000e\000a\000d\000\137\000s\000i\000z\000e}{subsection.3.3.2}% 38
\BOOKMARK [3][-]{subsubsection.3.3.2.18}{\376\377\0003\000.\0003\000.\0002\000.\0001\0008\000\040\000y\000\137\000a\000x\000i\000s\000\137\000h\000e\000a\000d\000\137\000s\000i\000z\000e}{subsection.3.3.2}% 39
\BOOKMARK [1][-]{section.3.4}{\376\377\0003\000.\0004\000\040\000g\000a\000m\000e\000\137\000s\000t\000a\000t\000e\000\137\000t\000\040\000S\000t\000r\000u\000c\000t\000\040\000R\000e\000f\000e\000r\000e\000n\000c\000e}{chapter.3}% 40
\BOOKMARK [2][-]{subsection.3.4.1}{\376\377\0003\000.\0004\000.\0001\000\040\000D\000e\000t\000a\000i\000l\000e\000d\000\040\000D\000e\000s\000c\000r\000i\000p\000t\000i\000o\000n}{section.3.4}% 41
\BOOKMARK [2][-]{subsection.3.4.2}{\376\377\0003\000.\0004\000.\0002\000\040\000M\000e\000m\000b\000e\000r\000\040\000D\000a\000t\000a\000\040\000D\000o\000c\000u\000m\000e\000n\000t\000a\000t\000i\000o\000n}{section.3.4}% 42
\BOOKMARK [3][-]{subsubsection.3.4.2.1}{\376\377\0003\000.\0004\000.\0002\000.\0001\000\040\000a\000\137\000w\000a\000s\000\137\000p\000r\000e\000s\000s\000e\000d}{subsection.3.4.2}% 43
\BOOKMARK [3][-]{subsubsection.3.4.2.2}{\376\377\0003\000.\0004\000.\0002\000.\0002\000\040\000c\000o\000n\000s\000t\000\137\000f\000p\000s}{subsection.3.4.2}% 44
\BOOKMARK [3][-]{subsubsection.3.4.2.3}{\376\377\0003\000.\0004\000.\0002\000.\0003\000\040\000d\000\137\000w\000a\000s\000\137\000p\000r\000e\000s\000s\000e\000d}{subsection.3.4.2}% 45
\BOOKMARK [3][-]{subsubsection.3.4.2.4}{\376\377\0003\000.\0004\000.\0002\000.\0004\000\040\000d\000e\000l\000t\000a\000\137\000t\000i\000m\000e}{subsection.3.4.2}% 46
\BOOKMARK [3][-]{subsubsection.3.4.2.5}{\376\377\0003\000.\0004\000.\0002\000.\0005\000\040\000e\000\137\000w\000a\000s\000\137\000p\000r\000e\000s\000s\000e\000d}{subsection.3.4.2}% 47
\BOOKMARK [3][-]{subsubsection.3.4.2.6}{\376\377\0003\000.\0004\000.\0002\000.\0006\000\040\000e\000l\000a\000p\000s\000e\000d\000\137\000t\000i\000m\000e}{subsection.3.4.2}% 48
\BOOKMARK [3][-]{subsubsection.3.4.2.7}{\376\377\0003\000.\0004\000.\0002\000.\0007\000\040\000f\000o\000n\000t}{subsection.3.4.2}% 49
\BOOKMARK [3][-]{subsubsection.3.4.2.8}{\376\377\0003\000.\0004\000.\0002\000.\0008\000\040\000f\000p\000s}{subsection.3.4.2}% 50
\BOOKMARK [3][-]{subsubsection.3.4.2.9}{\376\377\0003\000.\0004\000.\0002\000.\0009\000\040\000f\000r\000a\000m\000e\000\137\000t\000a\000r\000g\000e\000t\000\137\000t\000i\000m\000e}{subsection.3.4.2}% 51
\BOOKMARK [3][-]{subsubsection.3.4.2.10}{\376\377\0003\000.\0004\000.\0002\000.\0001\0000\000\040\000g\000a\000m\000e\000\137\000i\000s\000\137\000r\000u\000n\000n\000i\000n\000g}{subsection.3.4.2}% 52
\BOOKMARK [3][-]{subsubsection.3.4.2.11}{\376\377\0003\000.\0004\000.\0002\000.\0001\0001\000\040\000i\000n\000v\000\137\000z\000\137\000b\000u\000f\000f\000e\000r\000\137\000m\000a\000t}{subsection.3.4.2}% 53
\BOOKMARK [3][-]{subsubsection.3.4.2.12}{\376\377\0003\000.\0004\000.\0002\000.\0001\0002\000\040\000l\000e\000f\000t\000\137\000b\000u\000t\000t\000o\000n\000\137\000p\000r\000e\000s\000s\000e\000d}{subsection.3.4.2}% 54
\BOOKMARK [3][-]{subsubsection.3.4.2.13}{\376\377\0003\000.\0004\000.\0002\000.\0001\0003\000\040\000o\000f\000f\000s\000e\000t\000\137\000z\000o\000o\000m\000\137\000p\000a\000r\000a\000m}{subsection.3.4.2}% 55
\BOOKMARK [3][-]{subsubsection.3.4.2.14}{\376\377\0003\000.\0004\000.\0002\000.\0001\0004\000\040\000p\000r\000e\000v\000i\000o\000u\000s\000\137\000f\000r\000a\000m\000e\000\137\000t\000i\000m\000e}{subsection.3.4.2}% 56
\BOOKMARK [3][-]{subsubsection.3.4.2.15}{\376\377\0003\000.\0004\000.\0002\000.\0001\0005\000\040\000q\000\137\000w\000a\000s\000\137\000p\000r\000e\000s\000s\000e\000d}{subsection.3.4.2}% 57
\BOOKMARK [3][-]{subsubsection.3.4.2.16}{\376\377\0003\000.\0004\000.\0002\000.\0001\0006\000\040\000r\000e\000n\000d\000e\000r\000e\000r}{subsection.3.4.2}% 58
\BOOKMARK [3][-]{subsubsection.3.4.2.17}{\376\377\0003\000.\0004\000.\0002\000.\0001\0007\000\040\000s\000\137\000w\000a\000s\000\137\000p\000r\000e\000s\000s\000e\000d}{subsection.3.4.2}% 59
\BOOKMARK [3][-]{subsubsection.3.4.2.18}{\376\377\0003\000.\0004\000.\0002\000.\0001\0008\000\040\000s\000p\000a\000c\000e\000\137\000b\000a\000r\000\137\000w\000a\000s\000\137\000p\000r\000e\000s\000s\000e\000d}{subsection.3.4.2}% 60
\BOOKMARK [3][-]{subsubsection.3.4.2.19}{\376\377\0003\000.\0004\000.\0002\000.\0001\0009\000\040\000t\000o\000\137\000c\000l\000e\000a\000r\000\137\000r\000e\000n\000d\000e\000r\000e\000r}{subsection.3.4.2}% 61
\BOOKMARK [3][-]{subsubsection.3.4.2.20}{\376\377\0003\000.\0004\000.\0002\000.\0002\0000\000\040\000t\000o\000\137\000l\000i\000m\000i\000t\000\137\000f\000p\000s}{subsection.3.4.2}% 62
\BOOKMARK [3][-]{subsubsection.3.4.2.21}{\376\377\0003\000.\0004\000.\0002\000.\0002\0001\000\040\000t\000o\000\137\000r\000e\000n\000d\000e\000r}{subsection.3.4.2}% 63
\BOOKMARK [3][-]{subsubsection.3.4.2.22}{\376\377\0003\000.\0004\000.\0002\000.\0002\0002\000\040\000t\000o\000\137\000u\000p\000d\000a\000t\000e}{subsection.3.4.2}% 64
\BOOKMARK [3][-]{subsubsection.3.4.2.23}{\376\377\0003\000.\0004\000.\0002\000.\0002\0003\000\040\000w\000\137\000w\000a\000s\000\137\000p\000r\000e\000s\000s\000e\000d}{subsection.3.4.2}% 65
\BOOKMARK [3][-]{subsubsection.3.4.2.24}{\376\377\0003\000.\0004\000.\0002\000.\0002\0004\000\040\000w\000i\000n\000d\000o\000w}{subsection.3.4.2}% 66
\BOOKMARK [3][-]{subsubsection.3.4.2.25}{\376\377\0003\000.\0004\000.\0002\000.\0002\0005\000\040\000w\000i\000n\000d\000o\000w\000\137\000h}{subsection.3.4.2}% 67
\BOOKMARK [3][-]{subsubsection.3.4.2.26}{\376\377\0003\000.\0004\000.\0002\000.\0002\0006\000\040\000w\000i\000n\000d\000o\000w\000\137\000p\000i\000x\000e\000l\000s\000\137\000m\000a\000t}{subsection.3.4.2}% 68
\BOOKMARK [3][-]{subsubsection.3.4.2.27}{\376\377\0003\000.\0004\000.\0002\000.\0002\0007\000\040\000w\000i\000n\000d\000o\000w\000\137\000s\000u\000r\000f\000a\000c\000e}{subsection.3.4.2}% 69
\BOOKMARK [3][-]{subsubsection.3.4.2.28}{\376\377\0003\000.\0004\000.\0002\000.\0002\0008\000\040\000w\000i\000n\000d\000o\000w\000\137\000t\000e\000x\000t\000u\000r\000e}{subsection.3.4.2}% 70
\BOOKMARK [3][-]{subsubsection.3.4.2.29}{\376\377\0003\000.\0004\000.\0002\000.\0002\0009\000\040\000w\000i\000n\000d\000o\000w\000\137\000w}{subsection.3.4.2}% 71
\BOOKMARK [1][-]{section.3.5}{\376\377\0003\000.\0005\000\040\000G\000r\000i\000d\000\040\000S\000t\000r\000u\000c\000t\000\040\000R\000e\000f\000e\000r\000e\000n\000c\000e}{chapter.3}% 72
\BOOKMARK [2][-]{subsection.3.5.1}{\376\377\0003\000.\0005\000.\0001\000\040\000D\000e\000t\000a\000i\000l\000e\000d\000\040\000D\000e\000s\000c\000r\000i\000p\000t\000i\000o\000n}{section.3.5}% 73
\BOOKMARK [2][-]{subsection.3.5.2}{\376\377\0003\000.\0005\000.\0002\000\040\000M\000e\000m\000b\000e\000r\000\040\000D\000a\000t\000a\000\040\000D\000o\000c\000u\000m\000e\000n\000t\000a\000t\000i\000o\000n}{section.3.5}% 74
\BOOKMARK [3][-]{subsubsection.3.5.2.1}{\376\377\0003\000.\0005\000.\0002\000.\0001\000\040\000c\000u\000r\000v\000e\000s}{subsection.3.5.2}% 75
\BOOKMARK [3][-]{subsubsection.3.5.2.2}{\376\377\0003\000.\0005\000.\0002\000.\0002\000\040\000d\000e\0001}{subsection.3.5.2}% 76
\BOOKMARK [3][-]{subsubsection.3.5.2.3}{\376\377\0003\000.\0005\000.\0002\000.\0003\000\040\000d\000e\0002}{subsection.3.5.2}% 77
\BOOKMARK [3][-]{subsubsection.3.5.2.4}{\376\377\0003\000.\0005\000.\0002\000.\0004\000\040\000m\000a\000x\000\137\000e\0001}{subsection.3.5.2}% 78
\BOOKMARK [3][-]{subsubsection.3.5.2.5}{\376\377\0003\000.\0005\000.\0002\000.\0005\000\040\000m\000a\000x\000\137\000e\0002}{subsection.3.5.2}% 79
\BOOKMARK [3][-]{subsubsection.3.5.2.6}{\376\377\0003\000.\0005\000.\0002\000.\0006\000\040\000m\000i\000n\000\137\000e\0001}{subsection.3.5.2}% 80
\BOOKMARK [3][-]{subsubsection.3.5.2.7}{\376\377\0003\000.\0005\000.\0002\000.\0007\000\040\000m\000i\000n\000\137\000e\0002}{subsection.3.5.2}% 81
\BOOKMARK [3][-]{subsubsection.3.5.2.8}{\376\377\0003\000.\0005\000.\0002\000.\0008\000\040\000n\000u\000m\000\137\000s\000a\000m\000p\000l\000e\000s\000\137\000e\0001}{subsection.3.5.2}% 82
\BOOKMARK [3][-]{subsubsection.3.5.2.9}{\376\377\0003\000.\0005\000.\0002\000.\0009\000\040\000n\000u\000m\000\137\000s\000a\000m\000p\000l\000e\000s\000\137\000e\0002}{subsection.3.5.2}% 83
\BOOKMARK [3][-]{subsubsection.3.5.2.10}{\376\377\0003\000.\0005\000.\0002\000.\0001\0000\000\040\000p\000l\000a\000n\000e}{subsection.3.5.2}% 84
\BOOKMARK [1][-]{section.3.6}{\376\377\0003\000.\0006\000\040\000M\000a\000t\0002\000D\000\040\000S\000t\000r\000u\000c\000t\000\040\000R\000e\000f\000e\000r\000e\000n\000c\000e}{chapter.3}% 85
\BOOKMARK [2][-]{subsection.3.6.1}{\376\377\0003\000.\0006\000.\0001\000\040\000D\000e\000t\000a\000i\000l\000e\000d\000\040\000D\000e\000s\000c\000r\000i\000p\000t\000i\000o\000n}{section.3.6}% 86
\BOOKMARK [2][-]{subsection.3.6.2}{\376\377\0003\000.\0006\000.\0002\000\040\000M\000e\000m\000b\000e\000r\000\040\000D\000a\000t\000a\000\040\000D\000o\000c\000u\000m\000e\000n\000t\000a\000t\000i\000o\000n}{section.3.6}% 87
\BOOKMARK [3][-]{subsubsection.3.6.2.1}{\376\377\0003\000.\0006\000.\0002\000.\0001\000\040\000c\000o\000l\000s}{subsection.3.6.2}% 88
\BOOKMARK [3][-]{subsubsection.3.6.2.2}{\376\377\0003\000.\0006\000.\0002\000.\0002\000\040\000e\000l\000e\000m\000e\000n\000t\000s}{subsection.3.6.2}% 89
\BOOKMARK [3][-]{subsubsection.3.6.2.3}{\376\377\0003\000.\0006\000.\0002\000.\0003\000\040\000r\000o\000w\000s}{subsection.3.6.2}% 90
\BOOKMARK [3][-]{subsubsection.3.6.2.4}{\376\377\0003\000.\0006\000.\0002\000.\0004\000\040\000s\000t\000r\000i\000d\000e\000\137\000r}{subsection.3.6.2}% 91
\BOOKMARK [1][-]{section.3.7}{\376\377\0003\000.\0007\000\040\000M\000a\000t\0002\000D\000\137\000M\000i\000n\000o\000r\000\040\000S\000t\000r\000u\000c\000t\000\040\000R\000e\000f\000e\000r\000e\000n\000c\000e}{chapter.3}% 92
\BOOKMARK [2][-]{subsection.3.7.1}{\376\377\0003\000.\0007\000.\0001\000\040\000D\000e\000t\000a\000i\000l\000e\000d\000\040\000D\000e\000s\000c\000r\000i\000p\000t\000i\000o\000n}{section.3.7}% 93
\BOOKMARK [2][-]{subsection.3.7.2}{\376\377\0003\000.\0007\000.\0002\000\040\000M\000e\000m\000b\000e\000r\000\040\000D\000a\000t\000a\000\040\000D\000o\000c\000u\000m\000e\000n\000t\000a\000t\000i\000o\000n}{section.3.7}% 94
\BOOKMARK [3][-]{subsubsection.3.7.2.1}{\376\377\0003\000.\0007\000.\0002\000.\0001\000\040\000c\000o\000l\000s}{subsection.3.7.2}% 95
\BOOKMARK [3][-]{subsubsection.3.7.2.2}{\376\377\0003\000.\0007\000.\0002\000.\0002\000\040\000c\000o\000l\000s\000\137\000l\000i\000s\000t}{subsection.3.7.2}% 96
\BOOKMARK [3][-]{subsubsection.3.7.2.3}{\376\377\0003\000.\0007\000.\0002\000.\0003\000\040\000r\000e\000f\000\137\000m\000a\000t}{subsection.3.7.2}% 97
\BOOKMARK [3][-]{subsubsection.3.7.2.4}{\376\377\0003\000.\0007\000.\0002\000.\0004\000\040\000r\000o\000w\000s}{subsection.3.7.2}% 98
\BOOKMARK [3][-]{subsubsection.3.7.2.5}{\376\377\0003\000.\0007\000.\0002\000.\0005\000\040\000r\000o\000w\000s\000\137\000l\000i\000s\000t}{subsection.3.7.2}% 99
\BOOKMARK [3][-]{subsubsection.3.7.2.6}{\376\377\0003\000.\0007\000.\0002\000.\0006\000\040\000s\000t\000r\000i\000d\000e\000\137\000r}{subsection.3.7.2}% 100
\BOOKMARK [1][-]{section.3.8}{\376\377\0003\000.\0008\000\040\000M\000a\000t\0002\000D\000\137\000u\000i\000n\000t\0003\0002\000\040\000S\000t\000r\000u\000c\000t\000\040\000R\000e\000f\000e\000r\000e\000n\000c\000e}{chapter.3}% 101
\BOOKMARK [2][-]{subsection.3.8.1}{\376\377\0003\000.\0008\000.\0001\000\040\000D\000e\000t\000a\000i\000l\000e\000d\000\040\000D\000e\000s\000c\000r\000i\000p\000t\000i\000o\000n}{section.3.8}% 102
\BOOKMARK [2][-]{subsection.3.8.2}{\376\377\0003\000.\0008\000.\0002\000\040\000M\000e\000m\000b\000e\000r\000\040\000D\000a\000t\000a\000\040\000D\000o\000c\000u\000m\000e\000n\000t\000a\000t\000i\000o\000n}{section.3.8}% 103
\BOOKMARK [3][-]{subsubsection.3.8.2.1}{\376\377\0003\000.\0008\000.\0002\000.\0001\000\040\000c\000o\000l\000s}{subsection.3.8.2}% 104
\BOOKMARK [3][-]{subsubsection.3.8.2.2}{\376\377\0003\000.\0008\000.\0002\000.\0002\000\040\000e\000l\000e\000m\000e\000n\000t\000s}{subsection.3.8.2}% 105
\BOOKMARK [3][-]{subsubsection.3.8.2.3}{\376\377\0003\000.\0008\000.\0002\000.\0003\000\040\000r\000o\000w\000s}{subsection.3.8.2}% 106
\BOOKMARK [3][-]{subsubsection.3.8.2.4}{\376\377\0003\000.\0008\000.\0002\000.\0004\000\040\000s\000t\000r\000i\000d\000e\000\137\000r}{subsection.3.8.2}% 107
\BOOKMARK [1][-]{section.3.9}{\376\377\0003\000.\0009\000\040\000O\000f\000f\000s\000e\000t\000\137\000z\000o\000o\000m\000\137\000p\000a\000r\000a\000m\000\040\000S\000t\000r\000u\000c\000t\000\040\000R\000e\000f\000e\000r\000e\000n\000c\000e}{chapter.3}% 108
\BOOKMARK [2][-]{subsection.3.9.1}{\376\377\0003\000.\0009\000.\0001\000\040\000D\000e\000t\000a\000i\000l\000e\000d\000\040\000D\000e\000s\000c\000r\000i\000p\000t\000i\000o\000n}{section.3.9}% 109
\BOOKMARK [2][-]{subsection.3.9.2}{\376\377\0003\000.\0009\000.\0002\000\040\000M\000e\000m\000b\000e\000r\000\040\000D\000a\000t\000a\000\040\000D\000o\000c\000u\000m\000e\000n\000t\000a\000t\000i\000o\000n}{section.3.9}% 110
\BOOKMARK [3][-]{subsubsection.3.9.2.1}{\376\377\0003\000.\0009\000.\0002\000.\0001\000\040\000m\000o\000u\000s\000e\000\137\000x}{subsection.3.9.2}% 111
\BOOKMARK [3][-]{subsubsection.3.9.2.2}{\376\377\0003\000.\0009\000.\0002\000.\0002\000\040\000m\000o\000u\000s\000e\000\137\000y}{subsection.3.9.2}% 112
\BOOKMARK [3][-]{subsubsection.3.9.2.3}{\376\377\0003\000.\0009\000.\0002\000.\0003\000\040\000o\000f\000f\000s\000e\000t\000\137\000x}{subsection.3.9.2}% 113
\BOOKMARK [3][-]{subsubsection.3.9.2.4}{\376\377\0003\000.\0009\000.\0002\000.\0004\000\040\000o\000f\000f\000s\000e\000t\000\137\000y}{subsection.3.9.2}% 114
\BOOKMARK [3][-]{subsubsection.3.9.2.5}{\376\377\0003\000.\0009\000.\0002\000.\0005\000\040\000z\000o\000o\000m\000\137\000m\000u\000l\000t\000i\000p\000l\000i\000e\000r}{subsection.3.9.2}% 115
\BOOKMARK [1][-]{section.3.10}{\376\377\0003\000.\0001\0000\000\040\000P\000o\000i\000n\000t\000\040\000S\000t\000r\000u\000c\000t\000\040\000R\000e\000f\000e\000r\000e\000n\000c\000e}{chapter.3}% 116
\BOOKMARK [2][-]{subsection.3.10.1}{\376\377\0003\000.\0001\0000\000.\0001\000\040\000D\000e\000t\000a\000i\000l\000e\000d\000\040\000D\000e\000s\000c\000r\000i\000p\000t\000i\000o\000n}{section.3.10}% 117
\BOOKMARK [2][-]{subsection.3.10.2}{\376\377\0003\000.\0001\0000\000.\0002\000\040\000M\000e\000m\000b\000e\000r\000\040\000D\000a\000t\000a\000\040\000D\000o\000c\000u\000m\000e\000n\000t\000a\000t\000i\000o\000n}{section.3.10}% 118
\BOOKMARK [3][-]{subsubsection.3.10.2.1}{\376\377\0003\000.\0001\0000\000.\0002\000.\0001\000\040\000w}{subsection.3.10.2}% 119
\BOOKMARK [3][-]{subsubsection.3.10.2.2}{\376\377\0003\000.\0001\0000\000.\0002\000.\0002\000\040\000x}{subsection.3.10.2}% 120
\BOOKMARK [3][-]{subsubsection.3.10.2.3}{\376\377\0003\000.\0001\0000\000.\0002\000.\0003\000\040\000y}{subsection.3.10.2}% 121
\BOOKMARK [3][-]{subsubsection.3.10.2.4}{\376\377\0003\000.\0001\0000\000.\0002\000.\0004\000\040\000z}{subsection.3.10.2}% 122
\BOOKMARK [1][-]{section.3.11}{\376\377\0003\000.\0001\0001\000\040\000Q\000u\000a\000d\000\040\000S\000t\000r\000u\000c\000t\000\040\000R\000e\000f\000e\000r\000e\000n\000c\000e}{chapter.3}% 123
\BOOKMARK [2][-]{subsection.3.11.1}{\376\377\0003\000.\0001\0001\000.\0001\000\040\000D\000e\000t\000a\000i\000l\000e\000d\000\040\000D\000e\000s\000c\000r\000i\000p\000t\000i\000o\000n}{section.3.11}% 124
\BOOKMARK [2][-]{subsection.3.11.2}{\376\377\0003\000.\0001\0001\000.\0002\000\040\000M\000e\000m\000b\000e\000r\000\040\000D\000a\000t\000a\000\040\000D\000o\000c\000u\000m\000e\000n\000t\000a\000t\000i\000o\000n}{section.3.11}% 125
\BOOKMARK [3][-]{subsubsection.3.11.2.1}{\376\377\0003\000.\0001\0001\000.\0002\000.\0001\000\040\000c\000o\000l\000o\000r\000s}{subsection.3.11.2}% 126
\BOOKMARK [3][-]{subsubsection.3.11.2.2}{\376\377\0003\000.\0001\0001\000.\0002\000.\0002\000\040\000l\000i\000g\000h\000t\000\137\000i\000n\000t\000e\000n\000s\000i\000t\000y}{subsection.3.11.2}% 127
\BOOKMARK [3][-]{subsubsection.3.11.2.3}{\376\377\0003\000.\0001\0001\000.\0002\000.\0003\000\040\000n\000o\000r\000m\000a\000l\000s}{subsection.3.11.2}% 128
\BOOKMARK [3][-]{subsubsection.3.11.2.4}{\376\377\0003\000.\0001\0001\000.\0002\000.\0004\000\040\000p\000o\000i\000n\000t\000s}{subsection.3.11.2}% 129
\BOOKMARK [3][-]{subsubsection.3.11.2.5}{\376\377\0003\000.\0001\0001\000.\0002\000.\0005\000\040\000t\000o\000\137\000d\000r\000a\000w}{subsection.3.11.2}% 130
\BOOKMARK [1][-]{section.3.12}{\376\377\0003\000.\0001\0002\000\040\000Q\000u\000a\000d\000\137\000m\000e\000s\000h\000\040\000S\000t\000r\000u\000c\000t\000\040\000R\000e\000f\000e\000r\000e\000n\000c\000e}{chapter.3}% 131
\BOOKMARK [2][-]{subsection.3.12.1}{\376\377\0003\000.\0001\0002\000.\0001\000\040\000D\000e\000t\000a\000i\000l\000e\000d\000\040\000D\000e\000s\000c\000r\000i\000p\000t\000i\000o\000n}{section.3.12}% 132
\BOOKMARK [2][-]{subsection.3.12.2}{\376\377\0003\000.\0001\0002\000.\0002\000\040\000M\000e\000m\000b\000e\000r\000\040\000D\000a\000t\000a\000\040\000D\000o\000c\000u\000m\000e\000n\000t\000a\000t\000i\000o\000n}{section.3.12}% 133
\BOOKMARK [3][-]{subsubsection.3.12.2.1}{\376\377\0003\000.\0001\0002\000.\0002\000.\0001\000\040\000c\000a\000p\000a\000c\000i\000t\000y}{subsection.3.12.2}% 134
\BOOKMARK [3][-]{subsubsection.3.12.2.2}{\376\377\0003\000.\0001\0002\000.\0002\000.\0002\000\040\000e\000l\000e\000m\000e\000n\000t\000s}{subsection.3.12.2}% 135
\BOOKMARK [3][-]{subsubsection.3.12.2.3}{\376\377\0003\000.\0001\0002\000.\0002\000.\0003\000\040\000l\000e\000n\000g\000t\000h}{subsection.3.12.2}% 136
\BOOKMARK [1][-]{section.3.13}{\376\377\0003\000.\0001\0003\000\040\000T\000r\000i\000\040\000S\000t\000r\000u\000c\000t\000\040\000R\000e\000f\000e\000r\000e\000n\000c\000e}{chapter.3}% 137
\BOOKMARK [2][-]{subsection.3.13.1}{\376\377\0003\000.\0001\0003\000.\0001\000\040\000D\000e\000t\000a\000i\000l\000e\000d\000\040\000D\000e\000s\000c\000r\000i\000p\000t\000i\000o\000n}{section.3.13}% 138
\BOOKMARK [2][-]{subsection.3.13.2}{\376\377\0003\000.\0001\0003\000.\0002\000\040\000M\000e\000m\000b\000e\000r\000\040\000D\000a\000t\000a\000\040\000D\000o\000c\000u\000m\000e\000n\000t\000a\000t\000i\000o\000n}{section.3.13}% 139
\BOOKMARK [3][-]{subsubsection.3.13.2.1}{\376\377\0003\000.\0001\0003\000.\0002\000.\0001\000\040\000c\000o\000l\000o\000r\000s}{subsection.3.13.2}% 140
\BOOKMARK [3][-]{subsubsection.3.13.2.2}{\376\377\0003\000.\0001\0003\000.\0002\000.\0002\000\040\000l\000i\000g\000h\000t\000\137\000i\000n\000t\000e\000n\000s\000i\000t\000y}{subsection.3.13.2}% 141
\BOOKMARK [3][-]{subsubsection.3.13.2.3}{\376\377\0003\000.\0001\0003\000.\0002\000.\0003\000\040\000n\000o\000r\000m\000a\000l\000s}{subsection.3.13.2}% 142
\BOOKMARK [3][-]{subsubsection.3.13.2.4}{\376\377\0003\000.\0001\0003\000.\0002\000.\0004\000\040\000p\000o\000i\000n\000t\000s}{subsection.3.13.2}% 143
\BOOKMARK [3][-]{subsubsection.3.13.2.5}{\376\377\0003\000.\0001\0003\000.\0002\000.\0005\000\040\000t\000e\000x\000\137\000p\000o\000i\000n\000t\000s}{subsection.3.13.2}% 144
\BOOKMARK [3][-]{subsubsection.3.13.2.6}{\376\377\0003\000.\0001\0003\000.\0002\000.\0006\000\040\000t\000o\000\137\000d\000r\000a\000w}{subsection.3.13.2}% 145
\BOOKMARK [1][-]{section.3.14}{\376\377\0003\000.\0001\0004\000\040\000T\000r\000i\000\137\000m\000e\000s\000h\000\040\000S\000t\000r\000u\000c\000t\000\040\000R\000e\000f\000e\000r\000e\000n\000c\000e}{chapter.3}% 146
\BOOKMARK [2][-]{subsection.3.14.1}{\376\377\0003\000.\0001\0004\000.\0001\000\040\000D\000e\000t\000a\000i\000l\000e\000d\000\040\000D\000e\000s\000c\000r\000i\000p\000t\000i\000o\000n}{section.3.14}% 147
\BOOKMARK [2][-]{subsection.3.14.2}{\376\377\0003\000.\0001\0004\000.\0002\000\040\000M\000e\000m\000b\000e\000r\000\040\000D\000a\000t\000a\000\040\000D\000o\000c\000u\000m\000e\000n\000t\000a\000t\000i\000o\000n}{section.3.14}% 148
\BOOKMARK [3][-]{subsubsection.3.14.2.1}{\376\377\0003\000.\0001\0004\000.\0002\000.\0001\000\040\000c\000a\000p\000a\000c\000i\000t\000y}{subsection.3.14.2}% 149
\BOOKMARK [3][-]{subsubsection.3.14.2.2}{\376\377\0003\000.\0001\0004\000.\0002\000.\0002\000\040\000e\000l\000e\000m\000e\000n\000t\000s}{subsection.3.14.2}% 150
\BOOKMARK [3][-]{subsubsection.3.14.2.3}{\376\377\0003\000.\0001\0004\000.\0002\000.\0003\000\040\000l\000e\000n\000g\000t\000h}{subsection.3.14.2}% 151
\BOOKMARK [0][-]{chapter.4}{\376\377\0004\000\040\000F\000i\000l\000e\000\040\000D\000o\000c\000u\000m\000e\000n\000t\000a\000t\000i\000o\000n}{}% 152
\BOOKMARK [1][-]{section.4.1}{\376\377\0004\000.\0001\000\040\000A\000l\000m\000o\000g\000\137\000D\000r\000a\000w\000\137\000L\000i\000b\000r\000a\000r\000y\000.\000h\000\040\000F\000i\000l\000e\000\040\000R\000e\000f\000e\000r\000e\000n\000c\000e}{chapter.4}% 153
\BOOKMARK [2][-]{subsection.4.1.1}{\376\377\0004\000.\0001\000.\0001\000\040\000D\000e\000t\000a\000i\000l\000e\000d\000\040\000D\000e\000s\000c\000r\000i\000p\000t\000i\000o\000n}{section.4.1}% 154
\BOOKMARK [2][-]{subsection.4.1.2}{\376\377\0004\000.\0001\000.\0002\000\040\000M\000a\000c\000r\000o\000\040\000D\000e\000f\000i\000n\000i\000t\000i\000o\000n\000\040\000D\000o\000c\000u\000m\000e\000n\000t\000a\000t\000i\000o\000n}{section.4.1}% 155
\BOOKMARK [3][-]{subsubsection.4.1.2.1}{\376\377\0004\000.\0001\000.\0002\000.\0001\000\040\000A\000D\000L\000\137\000A\000S\000S\000E\000R\000T}{subsection.4.1.2}% 156
\BOOKMARK [3][-]{subsubsection.4.1.2.2}{\376\377\0004\000.\0001\000.\0002\000.\0002\000\040\000a\000d\000l\000\137\000a\000s\000s\000e\000r\000t\000\137\000p\000o\000i\000n\000t\000\137\000i\000s\000\137\000v\000a\000l\000i\000d}{subsection.4.1.2}% 157
\BOOKMARK [3][-]{subsubsection.4.1.2.3}{\376\377\0004\000.\0001\000.\0002\000.\0003\000\040\000a\000d\000l\000\137\000a\000s\000s\000e\000r\000t\000\137\000q\000u\000a\000d\000\137\000i\000s\000\137\000v\000a\000l\000i\000d}{subsection.4.1.2}% 158
\BOOKMARK [3][-]{subsubsection.4.1.2.4}{\376\377\0004\000.\0001\000.\0002\000.\0004\000\040\000a\000d\000l\000\137\000a\000s\000s\000e\000r\000t\000\137\000t\000r\000i\000\137\000i\000s\000\137\000v\000a\000l\000i\000d}{subsection.4.1.2}% 159
\BOOKMARK [3][-]{subsubsection.4.1.2.5}{\376\377\0004\000.\0001\000.\0002\000.\0005\000\040\000A\000D\000L\000\137\000D\000E\000F\000A\000U\000L\000T\000\137\000O\000F\000F\000S\000E\000T\000\137\000Z\000O\000O\000M}{subsection.4.1.2}% 160
\BOOKMARK [3][-]{subsubsection.4.1.2.6}{\376\377\0004\000.\0001\000.\0002\000.\0006\000\040\000A\000D\000L\000\137\000F\000I\000G\000U\000R\000E\000\137\000A\000X\000I\000S\000\137\000C\000O\000L\000O\000R}{subsection.4.1.2}% 161
\BOOKMARK [3][-]{subsubsection.4.1.2.7}{\376\377\0004\000.\0001\000.\0002\000.\0007\000\040\000A\000D\000L\000\137\000F\000I\000G\000U\000R\000E\000\137\000H\000E\000A\000D\000\137\000A\000N\000G\000L\000E\000\137\000D\000E\000G}{subsection.4.1.2}% 162
\BOOKMARK [3][-]{subsubsection.4.1.2.8}{\376\377\0004\000.\0001\000.\0002\000.\0008\000\040\000A\000D\000L\000\137\000F\000I\000G\000U\000R\000E\000\137\000P\000A\000D\000D\000I\000N\000G\000\137\000P\000R\000E\000C\000E\000N\000T\000A\000G\000E}{subsection.4.1.2}% 163
\BOOKMARK [3][-]{subsubsection.4.1.2.9}{\376\377\0004\000.\0001\000.\0002\000.\0009\000\040\000A\000D\000L\000\137\000M\000A\000X\000\137\000C\000H\000A\000R\000A\000C\000T\000E\000R\000\137\000O\000F\000F\000S\000E\000T}{subsection.4.1.2}% 164
\BOOKMARK [3][-]{subsubsection.4.1.2.10}{\376\377\0004\000.\0001\000.\0002\000.\0001\0000\000\040\000A\000D\000L\000\137\000M\000A\000X\000\137\000F\000I\000G\000U\000R\000E\000\137\000P\000A\000D\000D\000I\000N\000G}{subsection.4.1.2}% 165
\BOOKMARK [3][-]{subsubsection.4.1.2.11}{\376\377\0004\000.\0001\000.\0002\000.\0001\0001\000\040\000A\000D\000L\000\137\000M\000A\000X\000\137\000H\000E\000A\000D\000\137\000S\000I\000Z\000E}{subsection.4.1.2}% 166
\BOOKMARK [3][-]{subsubsection.4.1.2.12}{\376\377\0004\000.\0001\000.\0002\000.\0001\0002\000\040\000A\000D\000L\000\137\000M\000A\000X\000\137\000P\000O\000I\000N\000T\000\137\000V\000A\000L}{subsection.4.1.2}% 167
\BOOKMARK [3][-]{subsubsection.4.1.2.13}{\376\377\0004\000.\0001\000.\0002\000.\0001\0003\000\040\000A\000D\000L\000\137\000M\000A\000X\000\137\000S\000E\000N\000T\000E\000N\000C\000E\000\137\000L\000E\000N}{subsection.4.1.2}% 168
\BOOKMARK [3][-]{subsubsection.4.1.2.14}{\376\377\0004\000.\0001\000.\0002\000.\0001\0004\000\040\000A\000D\000L\000\137\000M\000A\000X\000\137\000Z\000O\000O\000M}{subsection.4.1.2}% 169
\BOOKMARK [3][-]{subsubsection.4.1.2.15}{\376\377\0004\000.\0001\000.\0002\000.\0001\0005\000\040\000A\000D\000L\000\137\000M\000I\000N\000\137\000C\000H\000A\000R\000A\000C\000T\000E\000R\000\137\000O\000F\000F\000S\000E\000T}{subsection.4.1.2}% 170
\BOOKMARK [3][-]{subsubsection.4.1.2.16}{\376\377\0004\000.\0001\000.\0002\000.\0001\0006\000\040\000A\000D\000L\000\137\000M\000I\000N\000\137\000F\000I\000G\000U\000R\000E\000\137\000P\000A\000D\000D\000I\000N\000G}{subsection.4.1.2}% 171
\BOOKMARK [3][-]{subsubsection.4.1.2.17}{\376\377\0004\000.\0001\000.\0002\000.\0001\0007\000\040\000a\000d\000l\000\137\000o\000f\000f\000s\000e\000t\0002\000d}{subsection.4.1.2}% 172
\BOOKMARK [3][-]{subsubsection.4.1.2.18}{\376\377\0004\000.\0001\000.\0002\000.\0001\0008\000\040\000a\000d\000l\000\137\000o\000f\000f\000s\000e\000t\000\137\000z\000o\000o\000m\000\137\000p\000o\000i\000n\000t}{subsection.4.1.2}% 173
\BOOKMARK [3][-]{subsubsection.4.1.2.19}{\376\377\0004\000.\0001\000.\0002\000.\0001\0009\000\040\000B\000L\000U\000E\000\137\000h\000e\000x\000A\000R\000G\000B}{subsection.4.1.2}% 174
\BOOKMARK [3][-]{subsubsection.4.1.2.20}{\376\377\0004\000.\0001\000.\0002\000.\0002\0000\000\040\000C\000U\000R\000V\000E}{subsection.4.1.2}% 175
\BOOKMARK [3][-]{subsubsection.4.1.2.21}{\376\377\0004\000.\0001\000.\0002\000.\0002\0001\000\040\000C\000U\000R\000V\000E\000\137\000A\000D\000A}{subsection.4.1.2}% 176
\BOOKMARK [3][-]{subsubsection.4.1.2.22}{\376\377\0004\000.\0001\000.\0002\000.\0002\0002\000\040\000C\000Y\000A\000N\000\137\000h\000e\000x\000A\000R\000G\000B}{subsection.4.1.2}% 177
\BOOKMARK [3][-]{subsubsection.4.1.2.23}{\376\377\0004\000.\0001\000.\0002\000.\0002\0003\000\040\000e\000d\000g\000e\000\137\000c\000r\000o\000s\000s\000\137\000p\000o\000i\000n\000t}{subsection.4.1.2}% 178
\BOOKMARK [3][-]{subsubsection.4.1.2.24}{\376\377\0004\000.\0001\000.\0002\000.\0002\0004\000\040\000G\000R\000E\000E\000N\000\137\000h\000e\000x\000A\000R\000G\000B}{subsection.4.1.2}% 179
\BOOKMARK [3][-]{subsubsection.4.1.2.25}{\376\377\0004\000.\0001\000.\0002\000.\0002\0005\000\040\000H\000e\000x\000A\000R\000G\000B\000\137\000R\000G\000B\000\137\000V\000A\000R}{subsection.4.1.2}% 180
\BOOKMARK [3][-]{subsubsection.4.1.2.26}{\376\377\0004\000.\0001\000.\0002\000.\0002\0006\000\040\000H\000e\000x\000A\000R\000G\000B\000\137\000R\000G\000B\000A}{subsection.4.1.2}% 181
\BOOKMARK [3][-]{subsubsection.4.1.2.27}{\376\377\0004\000.\0001\000.\0002\000.\0002\0007\000\040\000H\000e\000x\000A\000R\000G\000B\000\137\000R\000G\000B\000A\000\137\000V\000A\000R}{subsection.4.1.2}% 182
\BOOKMARK [3][-]{subsubsection.4.1.2.28}{\376\377\0004\000.\0001\000.\0002\000.\0002\0008\000\040\000i\000s\000\137\000l\000e\000f\000t\000\137\000e\000d\000g\000e}{subsection.4.1.2}% 183
\BOOKMARK [3][-]{subsubsection.4.1.2.29}{\376\377\0004\000.\0001\000.\0002\000.\0002\0009\000\040\000i\000s\000\137\000t\000o\000p\000\137\000e\000d\000g\000e}{subsection.4.1.2}% 184
\BOOKMARK [3][-]{subsubsection.4.1.2.30}{\376\377\0004\000.\0001\000.\0002\000.\0003\0000\000\040\000i\000s\000\137\000t\000o\000p\000\137\000l\000e\000f\000t}{subsection.4.1.2}% 185
\BOOKMARK [3][-]{subsubsection.4.1.2.31}{\376\377\0004\000.\0001\000.\0002\000.\0003\0001\000\040\000P\000O\000I\000N\000T}{subsection.4.1.2}% 186
\BOOKMARK [3][-]{subsubsection.4.1.2.32}{\376\377\0004\000.\0001\000.\0002\000.\0003\0002\000\040\000P\000U\000R\000P\000L\000E\000\137\000h\000e\000x\000A\000R\000G\000B}{subsection.4.1.2}% 187
\BOOKMARK [3][-]{subsubsection.4.1.2.33}{\376\377\0004\000.\0001\000.\0002\000.\0003\0003\000\040\000Q\000U\000A\000D}{subsection.4.1.2}% 188
\BOOKMARK [3][-]{subsubsection.4.1.2.34}{\376\377\0004\000.\0001\000.\0002\000.\0003\0004\000\040\000Q\000U\000A\000D\000\137\000M\000E\000S\000H}{subsection.4.1.2}% 189
\BOOKMARK [3][-]{subsubsection.4.1.2.35}{\376\377\0004\000.\0001\000.\0002\000.\0003\0005\000\040\000R\000E\000D\000\137\000h\000e\000x\000A\000R\000G\000B}{subsection.4.1.2}% 190
\BOOKMARK [3][-]{subsubsection.4.1.2.36}{\376\377\0004\000.\0001\000.\0002\000.\0003\0006\000\040\000R\000G\000B\000\137\000h\000e\000x\000R\000G\000B}{subsection.4.1.2}% 191
\BOOKMARK [3][-]{subsubsection.4.1.2.37}{\376\377\0004\000.\0001\000.\0002\000.\0003\0007\000\040\000R\000G\000B\000A\000\137\000h\000e\000x\000A\000R\000G\000B}{subsection.4.1.2}% 192
\BOOKMARK [3][-]{subsubsection.4.1.2.38}{\376\377\0004\000.\0001\000.\0002\000.\0003\0008\000\040\000T\000R\000I}{subsection.4.1.2}% 193
\BOOKMARK [3][-]{subsubsection.4.1.2.39}{\376\377\0004\000.\0001\000.\0002\000.\0003\0009\000\040\000T\000R\000I\000\137\000M\000E\000S\000H}{subsection.4.1.2}% 194
\BOOKMARK [3][-]{subsubsection.4.1.2.40}{\376\377\0004\000.\0001\000.\0002\000.\0004\0000\000\040\000Y\000E\000L\000L\000O\000W\000\137\000h\000e\000x\000A\000R\000G\000B}{subsection.4.1.2}% 195
\BOOKMARK [2][-]{subsection.4.1.3}{\376\377\0004\000.\0001\000.\0003\000\040\000F\000u\000n\000c\000t\000i\000o\000n\000\040\000D\000o\000c\000u\000m\000e\000n\000t\000a\000t\000i\000o\000n}{section.4.1}% 196
\BOOKMARK [3][-]{subsubsection.4.1.3.1}{\376\377\0004\000.\0001\000.\0003\000.\0001\000\040\000a\000d\000l\000\137\0002\000D\000s\000c\000a\000l\000a\000r\000\137\000i\000n\000t\000e\000r\000p\000\137\000o\000n\000\137\000f\000i\000g\000u\000r\000e\000\050\000\051}{subsection.4.1.3}% 197
\BOOKMARK [3][-]{subsubsection.4.1.3.2}{\376\377\0004\000.\0001\000.\0003\000.\0002\000\040\000a\000d\000l\000\137\000a\000r\000r\000o\000w\000\137\000d\000r\000a\000w\000\050\000\051}{subsection.4.1.3}% 198
\BOOKMARK [3][-]{subsubsection.4.1.3.3}{\376\377\0004\000.\0001\000.\0003\000.\0003\000\040\000a\000d\000l\000\137\000a\000x\000i\000s\000\137\000d\000r\000a\000w\000\137\000o\000n\000\137\000f\000i\000g\000u\000r\000e\000\050\000\051}{subsection.4.1.3}% 199
\BOOKMARK [3][-]{subsubsection.4.1.3.4}{\376\377\0004\000.\0001\000.\0003\000.\0004\000\040\000a\000d\000l\000\137\000c\000a\000r\000t\000e\000s\000i\000a\000n\000\137\000g\000r\000i\000d\000\137\000c\000r\000e\000a\000t\000e\000\050\000\051}{subsection.4.1.3}% 200
\BOOKMARK [3][-]{subsubsection.4.1.3.5}{\376\377\0004\000.\0001\000.\0003\000.\0005\000\040\000a\000d\000l\000\137\000c\000h\000a\000r\000a\000c\000t\000e\000r\000\137\000d\000r\000a\000w\000\050\000\051}{subsection.4.1.3}% 201
\BOOKMARK [3][-]{subsubsection.4.1.3.6}{\376\377\0004\000.\0001\000.\0003\000.\0006\000\040\000a\000d\000l\000\137\000c\000i\000r\000c\000l\000e\000\137\000d\000r\000a\000w\000\050\000\051}{subsection.4.1.3}% 202
\BOOKMARK [3][-]{subsubsection.4.1.3.7}{\376\377\0004\000.\0001\000.\0003\000.\0007\000\040\000a\000d\000l\000\137\000c\000i\000r\000c\000l\000e\000\137\000f\000i\000l\000l\000\050\000\051}{subsection.4.1.3}% 203
\BOOKMARK [3][-]{subsubsection.4.1.3.8}{\376\377\0004\000.\0001\000.\0003\000.\0008\000\040\000a\000d\000l\000\137\000c\000u\000r\000v\000e\000\137\000a\000d\000d\000\137\000t\000o\000\137\000f\000i\000g\000u\000r\000e\000\050\000\051}{subsection.4.1.3}% 204
\BOOKMARK [3][-]{subsubsection.4.1.3.9}{\376\377\0004\000.\0001\000.\0003\000.\0009\000\040\000a\000d\000l\000\137\000c\000u\000r\000v\000e\000s\000\137\000p\000l\000o\000t\000\137\000o\000n\000\137\000f\000i\000g\000u\000r\000e\000\050\000\051}{subsection.4.1.3}% 205
\BOOKMARK [3][-]{subsubsection.4.1.3.10}{\376\377\0004\000.\0001\000.\0003\000.\0001\0000\000\040\000a\000d\000l\000\137\000f\000i\000g\000u\000r\000e\000\137\000a\000l\000l\000o\000c\000\050\000\051}{subsection.4.1.3}% 206
\BOOKMARK [3][-]{subsubsection.4.1.3.11}{\376\377\0004\000.\0001\000.\0003\000.\0001\0001\000\040\000a\000d\000l\000\137\000f\000i\000g\000u\000r\000e\000\137\000c\000o\000p\000y\000\137\000t\000o\000\137\000s\000c\000r\000e\000e\000n\000\050\000\051}{subsection.4.1.3}% 207
\BOOKMARK [3][-]{subsubsection.4.1.3.12}{\376\377\0004\000.\0001\000.\0003\000.\0001\0002\000\040\000a\000d\000l\000\137\000g\000r\000i\000d\000\137\000d\000r\000a\000w\000\050\000\051}{subsection.4.1.3}% 208
\BOOKMARK [3][-]{subsubsection.4.1.3.13}{\376\377\0004\000.\0001\000.\0003\000.\0001\0003\000\040\000a\000d\000l\000\137\000i\000n\000t\000e\000r\000p\000o\000l\000a\000t\000e\000\137\000A\000R\000G\000B\000c\000o\000l\000o\000r\000\137\000o\000n\000\137\000o\000k\000L\000c\000h\000\050\000\051}{subsection.4.1.3}% 209
\BOOKMARK [3][-]{subsubsection.4.1.3.14}{\376\377\0004\000.\0001\000.\0003\000.\0001\0004\000\040\000a\000d\000l\000\137\000l\000i\000n\000e\000\137\000d\000r\000a\000w\000\050\000\051}{subsection.4.1.3}% 210
\BOOKMARK [3][-]{subsubsection.4.1.3.15}{\376\377\0004\000.\0001\000.\0003\000.\0001\0005\000\040\000a\000d\000l\000\137\000l\000i\000n\000e\000a\000r\000\137\000m\000a\000p\000\050\000\051}{subsection.4.1.3}% 211
\BOOKMARK [3][-]{subsubsection.4.1.3.16}{\376\377\0004\000.\0001\000.\0003\000.\0001\0006\000\040\000a\000d\000l\000\137\000l\000i\000n\000e\000a\000r\000\137\000s\000R\000G\000B\000\137\000t\000o\000\137\000o\000k\000L\000a\000b\000\050\000\051}{subsection.4.1.3}% 212
\BOOKMARK [3][-]{subsubsection.4.1.3.17}{\376\377\0004\000.\0001\000.\0003\000.\0001\0007\000\040\000a\000d\000l\000\137\000l\000i\000n\000e\000a\000r\000\137\000s\000R\000G\000B\000\137\000t\000o\000\137\000o\000k\000L\000c\000h\000\050\000\051}{subsection.4.1.3}% 213
\BOOKMARK [3][-]{subsubsection.4.1.3.18}{\376\377\0004\000.\0001\000.\0003\000.\0001\0008\000\040\000a\000d\000l\000\137\000l\000i\000n\000e\000s\000\137\000d\000r\000a\000w\000\050\000\051}{subsection.4.1.3}% 214
\BOOKMARK [3][-]{subsubsection.4.1.3.19}{\376\377\0004\000.\0001\000.\0003\000.\0001\0009\000\040\000a\000d\000l\000\137\000l\000i\000n\000e\000s\000\137\000l\000o\000o\000p\000\137\000d\000r\000a\000w\000\050\000\051}{subsection.4.1.3}% 215
\BOOKMARK [3][-]{subsubsection.4.1.3.20}{\376\377\0004\000.\0001\000.\0003\000.\0002\0000\000\040\000a\000d\000l\000\137\000m\000a\000x\000\137\000m\000i\000n\000\137\000v\000a\000l\000u\000e\000s\000\137\000d\000r\000a\000w\000\137\000o\000n\000\137\000f\000i\000g\000u\000r\000e\000\050\000\051}{subsection.4.1.3}% 216
\BOOKMARK [3][-]{subsubsection.4.1.3.21}{\376\377\0004\000.\0001\000.\0003\000.\0002\0001\000\040\000a\000d\000l\000\137\000o\000k\000L\000a\000b\000\137\000t\000o\000\137\000l\000i\000n\000e\000a\000r\000\137\000s\000R\000G\000B\000\050\000\051}{subsection.4.1.3}% 217
\BOOKMARK [3][-]{subsubsection.4.1.3.22}{\376\377\0004\000.\0001\000.\0003\000.\0002\0002\000\040\000a\000d\000l\000\137\000o\000k\000L\000c\000h\000\137\000t\000o\000\137\000l\000i\000n\000e\000a\000r\000\137\000s\000R\000G\000B\000\050\000\051}{subsection.4.1.3}% 218
\BOOKMARK [3][-]{subsubsection.4.1.3.23}{\376\377\0004\000.\0001\000.\0003\000.\0002\0003\000\040\000a\000d\000l\000\137\000p\000o\000i\000n\000t\000\137\000d\000r\000a\000w\000\050\000\051}{subsection.4.1.3}% 219
\BOOKMARK [3][-]{subsubsection.4.1.3.24}{\376\377\0004\000.\0001\000.\0003\000.\0002\0004\000\040\000a\000d\000l\000\137\000q\000u\000a\000d\0002\000t\000r\000i\000s\000\050\000\051}{subsection.4.1.3}% 220
\BOOKMARK [3][-]{subsubsection.4.1.3.25}{\376\377\0004\000.\0001\000.\0003\000.\0002\0005\000\040\000a\000d\000l\000\137\000q\000u\000a\000d\000\137\000d\000r\000a\000w\000\050\000\051}{subsection.4.1.3}% 221
\BOOKMARK [3][-]{subsubsection.4.1.3.26}{\376\377\0004\000.\0001\000.\0003\000.\0002\0006\000\040\000a\000d\000l\000\137\000q\000u\000a\000d\000\137\000f\000i\000l\000l\000\050\000\051}{subsection.4.1.3}% 222
\BOOKMARK [3][-]{subsubsection.4.1.3.27}{\376\377\0004\000.\0001\000.\0003\000.\0002\0007\000\040\000a\000d\000l\000\137\000q\000u\000a\000d\000\137\000f\000i\000l\000l\000\137\000i\000n\000t\000e\000r\000p\000o\000l\000a\000t\000e\000\137\000c\000o\000l\000o\000r\000\137\000m\000e\000a\000n\000\137\000v\000a\000l\000u\000e\000\050\000\051}{subsection.4.1.3}% 223
\BOOKMARK [3][-]{subsubsection.4.1.3.28}{\376\377\0004\000.\0001\000.\0003\000.\0002\0008\000\040\000a\000d\000l\000\137\000q\000u\000a\000d\000\137\000f\000i\000l\000l\000\137\000i\000n\000t\000e\000r\000p\000o\000l\000a\000t\000e\000\137\000n\000o\000r\000m\000a\000l\000\137\000m\000e\000a\000n\000\137\000v\000a\000l\000u\000e\000\050\000\051}{subsection.4.1.3}% 224
\BOOKMARK [3][-]{subsubsection.4.1.3.29}{\376\377\0004\000.\0001\000.\0003\000.\0002\0009\000\040\000a\000d\000l\000\137\000q\000u\000a\000d\000\137\000m\000e\000s\000h\000\137\000d\000r\000a\000w\000\050\000\051}{subsection.4.1.3}% 225
\BOOKMARK [3][-]{subsubsection.4.1.3.30}{\376\377\0004\000.\0001\000.\0003\000.\0003\0000\000\040\000a\000d\000l\000\137\000q\000u\000a\000d\000\137\000m\000e\000s\000h\000\137\000f\000i\000l\000l\000\050\000\051}{subsection.4.1.3}% 226
\BOOKMARK [3][-]{subsubsection.4.1.3.31}{\376\377\0004\000.\0001\000.\0003\000.\0003\0001\000\040\000a\000d\000l\000\137\000q\000u\000a\000d\000\137\000m\000e\000s\000h\000\137\000f\000i\000l\000l\000\137\000i\000n\000t\000e\000r\000p\000o\000l\000a\000t\000e\000\137\000c\000o\000l\000o\000r\000\050\000\051}{subsection.4.1.3}% 227
\BOOKMARK [3][-]{subsubsection.4.1.3.32}{\376\377\0004\000.\0001\000.\0003\000.\0003\0002\000\040\000a\000d\000l\000\137\000q\000u\000a\000d\000\137\000m\000e\000s\000h\000\137\000f\000i\000l\000l\000\137\000i\000n\000t\000e\000r\000p\000o\000l\000a\000t\000e\000\137\000n\000o\000r\000m\000a\000l\000\050\000\051}{subsection.4.1.3}% 228
\BOOKMARK [3][-]{subsubsection.4.1.3.33}{\376\377\0004\000.\0001\000.\0003\000.\0003\0003\000\040\000a\000d\000l\000\137\000r\000e\000c\000t\000a\000n\000g\000l\000e\000\137\000d\000r\000a\000w\000\137\000m\000i\000n\000\137\000m\000a\000x\000\050\000\051}{subsection.4.1.3}% 229
\BOOKMARK [3][-]{subsubsection.4.1.3.34}{\376\377\0004\000.\0001\000.\0003\000.\0003\0004\000\040\000a\000d\000l\000\137\000r\000e\000c\000t\000a\000n\000g\000l\000e\000\137\000f\000i\000l\000l\000\137\000m\000i\000n\000\137\000m\000a\000x\000\050\000\051}{subsection.4.1.3}% 230
\BOOKMARK [3][-]{subsubsection.4.1.3.35}{\376\377\0004\000.\0001\000.\0003\000.\0003\0005\000\040\000a\000d\000l\000\137\000s\000e\000n\000t\000e\000n\000c\000e\000\137\000d\000r\000a\000w\000\050\000\051}{subsection.4.1.3}% 231
\BOOKMARK [3][-]{subsubsection.4.1.3.36}{\376\377\0004\000.\0001\000.\0003\000.\0003\0006\000\040\000a\000d\000l\000\137\000t\000a\000n\000\137\000h\000a\000l\000f\000\137\000a\000n\000g\000l\000e\000\050\000\051}{subsection.4.1.3}% 232
\BOOKMARK [3][-]{subsubsection.4.1.3.37}{\376\377\0004\000.\0001\000.\0003\000.\0003\0007\000\040\000a\000d\000l\000\137\000t\000r\000i\000\137\000d\000r\000a\000w\000\050\000\051}{subsection.4.1.3}% 233
\BOOKMARK [3][-]{subsubsection.4.1.3.38}{\376\377\0004\000.\0001\000.\0003\000.\0003\0008\000\040\000a\000d\000l\000\137\000t\000r\000i\000\137\000f\000i\000l\000l\000\137\000P\000i\000n\000e\000d\000a\000s\000\137\000r\000a\000s\000t\000e\000r\000i\000z\000e\000r\000\050\000\051}{subsection.4.1.3}% 234
\BOOKMARK [3][-]{subsubsection.4.1.3.39}{\376\377\0004\000.\0001\000.\0003\000.\0003\0009\000\040\000a\000d\000l\000\137\000t\000r\000i\000\137\000f\000i\000l\000l\000\137\000P\000i\000n\000e\000d\000a\000s\000\137\000r\000a\000s\000t\000e\000r\000i\000z\000e\000r\000\137\000i\000n\000t\000e\000r\000p\000o\000l\000a\000t\000e\000\137\000c\000o\000l\000o\000r\000\050\000\051}{subsection.4.1.3}% 235
\BOOKMARK [3][-]{subsubsection.4.1.3.40}{\376\377\0004\000.\0001\000.\0003\000.\0004\0000\000\040\000a\000d\000l\000\137\000t\000r\000i\000\137\000f\000i\000l\000l\000\137\000P\000i\000n\000e\000d\000a\000s\000\137\000r\000a\000s\000t\000e\000r\000i\000z\000e\000r\000\137\000i\000n\000t\000e\000r\000p\000o\000l\000a\000t\000e\000\137\000n\000o\000r\000m\000a\000l\000\050\000\051}{subsection.4.1.3}% 236
\BOOKMARK [3][-]{subsubsection.4.1.3.41}{\376\377\0004\000.\0001\000.\0003\000.\0004\0001\000\040\000a\000d\000l\000\137\000t\000r\000i\000\137\000m\000e\000s\000h\000\137\000d\000r\000a\000w\000\050\000\051}{subsection.4.1.3}% 237
\BOOKMARK [3][-]{subsubsection.4.1.3.42}{\376\377\0004\000.\0001\000.\0003\000.\0004\0002\000\040\000a\000d\000l\000\137\000t\000r\000i\000\137\000m\000e\000s\000h\000\137\000f\000i\000l\000l\000\137\000P\000i\000n\000e\000d\000a\000s\000\137\000r\000a\000s\000t\000e\000r\000i\000z\000e\000r\000\050\000\051}{subsection.4.1.3}% 238
\BOOKMARK [3][-]{subsubsection.4.1.3.43}{\376\377\0004\000.\0001\000.\0003\000.\0004\0003\000\040\000a\000d\000l\000\137\000t\000r\000i\000\137\000m\000e\000s\000h\000\137\000f\000i\000l\000l\000\137\000P\000i\000n\000e\000d\000a\000s\000\137\000r\000a\000s\000t\000e\000r\000i\000z\000e\000r\000\137\000i\000n\000t\000e\000r\000p\000o\000l\000a\000t\000e\000\137\000c\000o\000l\000o\000r\000\050\000\051}{subsection.4.1.3}% 239
\BOOKMARK [3][-]{subsubsection.4.1.3.44}{\376\377\0004\000.\0001\000.\0003\000.\0004\0004\000\040\000a\000d\000l\000\137\000t\000r\000i\000\137\000m\000e\000s\000h\000\137\000f\000i\000l\000l\000\137\000P\000i\000n\000e\000d\000a\000s\000\137\000r\000a\000s\000t\000e\000r\000i\000z\000e\000r\000\137\000i\000n\000t\000e\000r\000p\000o\000l\000a\000t\000e\000\137\000n\000o\000r\000m\000a\000l\000\050\000\051}{subsection.4.1.3}% 240
\BOOKMARK [1][-]{section.4.2}{\376\377\0004\000.\0002\000\040\000A\000l\000m\000o\000g\000\137\000D\000r\000a\000w\000\137\000L\000i\000b\000r\000a\000r\000y\000.\000h}{chapter.4}% 241
\BOOKMARK [1][-]{section.4.3}{\376\377\0004\000.\0003\000\040\000A\000l\000m\000o\000g\000\137\000D\000y\000n\000a\000m\000i\000c\000\137\000A\000r\000r\000a\000y\000.\000h\000\040\000F\000i\000l\000e\000\040\000R\000e\000f\000e\000r\000e\000n\000c\000e}{chapter.4}% 242
\BOOKMARK [2][-]{subsection.4.3.1}{\376\377\0004\000.\0003\000.\0001\000\040\000M\000a\000c\000r\000o\000\040\000D\000e\000f\000i\000n\000i\000t\000i\000o\000n\000\040\000D\000o\000c\000u\000m\000e\000n\000t\000a\000t\000i\000o\000n}{section.4.3}% 243
\BOOKMARK [3][-]{subsubsection.4.3.1.1}{\376\377\0004\000.\0003\000.\0001\000.\0001\000\040\000a\000d\000a\000\137\000a\000p\000p\000a\000n\000d}{subsection.4.3.1}% 244
\BOOKMARK [3][-]{subsubsection.4.3.1.2}{\376\377\0004\000.\0003\000.\0001\000.\0002\000\040\000A\000D\000A\000\137\000A\000S\000S\000E\000R\000T}{subsection.4.3.1}% 245
\BOOKMARK [3][-]{subsubsection.4.3.1.3}{\376\377\0004\000.\0003\000.\0001\000.\0003\000\040\000a\000d\000a\000\137\000i\000n\000i\000t\000\137\000a\000r\000r\000a\000y}{subsection.4.3.1}% 246
\BOOKMARK [3][-]{subsubsection.4.3.1.4}{\376\377\0004\000.\0003\000.\0001\000.\0004\000\040\000a\000d\000a\000\137\000i\000n\000s\000e\000r\000t}{subsection.4.3.1}% 247
\BOOKMARK [3][-]{subsubsection.4.3.1.5}{\376\377\0004\000.\0003\000.\0001\000.\0005\000\040\000a\000d\000a\000\137\000i\000n\000s\000e\000r\000t\000\137\000u\000n\000o\000r\000d\000e\000r\000e\000d}{subsection.4.3.1}% 248
\BOOKMARK [3][-]{subsubsection.4.3.1.6}{\376\377\0004\000.\0003\000.\0001\000.\0006\000\040\000A\000D\000A\000\137\000M\000A\000L\000L\000O\000C}{subsection.4.3.1}% 249
\BOOKMARK [3][-]{subsubsection.4.3.1.7}{\376\377\0004\000.\0003\000.\0001\000.\0007\000\040\000A\000D\000A\000\137\000R\000E\000A\000L\000L\000O\000C}{subsection.4.3.1}% 250
\BOOKMARK [3][-]{subsubsection.4.3.1.8}{\376\377\0004\000.\0003\000.\0001\000.\0008\000\040\000a\000d\000a\000\137\000r\000e\000m\000o\000v\000e}{subsection.4.3.1}% 251
\BOOKMARK [3][-]{subsubsection.4.3.1.9}{\376\377\0004\000.\0003\000.\0001\000.\0009\000\040\000a\000d\000a\000\137\000r\000e\000m\000o\000v\000e\000\137\000u\000n\000o\000r\000d\000e\000r\000e\000d}{subsection.4.3.1}% 252
\BOOKMARK [3][-]{subsubsection.4.3.1.10}{\376\377\0004\000.\0003\000.\0001\000.\0001\0000\000\040\000a\000d\000a\000\137\000r\000e\000s\000i\000z\000e}{subsection.4.3.1}% 253
\BOOKMARK [3][-]{subsubsection.4.3.1.11}{\376\377\0004\000.\0003\000.\0001\000.\0001\0001\000\040\000I\000N\000I\000T\000\137\000C\000A\000P\000A\000C\000I\000T\000Y}{subsection.4.3.1}% 254
\BOOKMARK [1][-]{section.4.4}{\376\377\0004\000.\0004\000\040\000A\000l\000m\000o\000g\000\137\000D\000y\000n\000a\000m\000i\000c\000\137\000A\000r\000r\000a\000y\000.\000h}{chapter.4}% 255
\BOOKMARK [1][-]{section.4.5}{\376\377\0004\000.\0005\000\040\000d\000i\000s\000p\000l\000a\000y\000.\000c\000\040\000F\000i\000l\000e\000\040\000R\000e\000f\000e\000r\000e\000n\000c\000e}{chapter.4}% 256
\BOOKMARK [2][-]{subsection.4.5.1}{\376\377\0004\000.\0005\000.\0001\000\040\000M\000a\000c\000r\000o\000\040\000D\000e\000f\000i\000n\000i\000t\000i\000o\000n\000\040\000D\000o\000c\000u\000m\000e\000n\000t\000a\000t\000i\000o\000n}{section.4.5}% 257
\BOOKMARK [3][-]{subsubsection.4.5.1.1}{\376\377\0004\000.\0005\000.\0001\000.\0001\000\040\000d\000p\000r\000i\000n\000t\000C\000H\000A\000R}{subsection.4.5.1}% 258
\BOOKMARK [3][-]{subsubsection.4.5.1.2}{\376\377\0004\000.\0005\000.\0001\000.\0002\000\040\000d\000p\000r\000i\000n\000t\000D}{subsection.4.5.1}% 259
\BOOKMARK [3][-]{subsubsection.4.5.1.3}{\376\377\0004\000.\0005\000.\0001\000.\0003\000\040\000d\000p\000r\000i\000n\000t\000I\000N\000T}{subsection.4.5.1}% 260
\BOOKMARK [3][-]{subsubsection.4.5.1.4}{\376\377\0004\000.\0005\000.\0001\000.\0004\000\040\000d\000p\000r\000i\000n\000t\000S\000I\000Z\000E\000\137\000T}{subsection.4.5.1}% 261
\BOOKMARK [3][-]{subsubsection.4.5.1.5}{\376\377\0004\000.\0005\000.\0001\000.\0005\000\040\000d\000p\000r\000i\000n\000t\000S\000T\000R\000I\000N\000G}{subsection.4.5.1}% 262
\BOOKMARK [3][-]{subsubsection.4.5.1.6}{\376\377\0004\000.\0005\000.\0001\000.\0006\000\040\000F\000P\000S}{subsection.4.5.1}% 263
\BOOKMARK [3][-]{subsubsection.4.5.1.7}{\376\377\0004\000.\0005\000.\0001\000.\0007\000\040\000F\000R\000A\000M\000E\000\137\000T\000A\000R\000G\000E\000T\000\137\000T\000I\000M\000E}{subsection.4.5.1}% 264
\BOOKMARK [3][-]{subsubsection.4.5.1.8}{\376\377\0004\000.\0005\000.\0001\000.\0008\000\040\000R\000E\000N\000D\000E\000R}{subsection.4.5.1}% 265
\BOOKMARK [3][-]{subsubsection.4.5.1.9}{\376\377\0004\000.\0005\000.\0001\000.\0009\000\040\000S\000E\000T\000U\000P}{subsection.4.5.1}% 266
\BOOKMARK [3][-]{subsubsection.4.5.1.10}{\376\377\0004\000.\0005\000.\0001\000.\0001\0000\000\040\000U\000P\000D\000A\000T\000E}{subsection.4.5.1}% 267
\BOOKMARK [3][-]{subsubsection.4.5.1.11}{\376\377\0004\000.\0005\000.\0001\000.\0001\0001\000\040\000W\000I\000N\000D\000O\000W\000\137\000H\000E\000I\000G\000H\000T}{subsection.4.5.1}% 268
\BOOKMARK [3][-]{subsubsection.4.5.1.12}{\376\377\0004\000.\0005\000.\0001\000.\0001\0002\000\040\000W\000I\000N\000D\000O\000W\000\137\000W\000I\000D\000T\000H}{subsection.4.5.1}% 269
\BOOKMARK [2][-]{subsection.4.5.2}{\376\377\0004\000.\0005\000.\0002\000\040\000F\000u\000n\000c\000t\000i\000o\000n\000\040\000D\000o\000c\000u\000m\000e\000n\000t\000a\000t\000i\000o\000n}{section.4.5}% 270
\BOOKMARK [3][-]{subsubsection.4.5.2.1}{\376\377\0004\000.\0005\000.\0002\000.\0001\000\040\000c\000h\000e\000c\000k\000\137\000w\000i\000n\000d\000o\000w\000\137\000m\000a\000t\000\137\000s\000i\000z\000e\000\050\000\051}{subsection.4.5.2}% 271
\BOOKMARK [3][-]{subsubsection.4.5.2.2}{\376\377\0004\000.\0005\000.\0002\000.\0002\000\040\000c\000o\000p\000y\000\137\000m\000a\000t\000\137\000t\000o\000\137\000s\000u\000r\000f\000a\000c\000e\000\137\000R\000G\000B\000\050\000\051}{subsection.4.5.2}% 272
\BOOKMARK [3][-]{subsubsection.4.5.2.3}{\376\377\0004\000.\0005\000.\0002\000.\0003\000\040\000d\000e\000s\000t\000r\000o\000y\000\137\000w\000i\000n\000d\000o\000w\000\050\000\051}{subsection.4.5.2}% 273
\BOOKMARK [3][-]{subsubsection.4.5.2.4}{\376\377\0004\000.\0005\000.\0002\000.\0004\000\040\000f\000i\000x\000\137\000f\000r\000a\000m\000e\000r\000a\000t\000e\000\050\000\051}{subsection.4.5.2}% 274
\BOOKMARK [3][-]{subsubsection.4.5.2.5}{\376\377\0004\000.\0005\000.\0002\000.\0005\000\040\000i\000n\000i\000t\000i\000a\000l\000i\000z\000e\000\137\000w\000i\000n\000d\000o\000w\000\050\000\051}{subsection.4.5.2}% 275
\BOOKMARK [3][-]{subsubsection.4.5.2.6}{\376\377\0004\000.\0005\000.\0002\000.\0006\000\040\000m\000a\000i\000n\000\050\000\051}{subsection.4.5.2}% 276
\BOOKMARK [3][-]{subsubsection.4.5.2.7}{\376\377\0004\000.\0005\000.\0002\000.\0007\000\040\000p\000r\000o\000c\000e\000s\000s\000\137\000i\000n\000p\000u\000t\000\137\000w\000i\000n\000d\000o\000w\000\050\000\051}{subsection.4.5.2}% 277
\BOOKMARK [3][-]{subsubsection.4.5.2.8}{\376\377\0004\000.\0005\000.\0002\000.\0008\000\040\000r\000e\000n\000d\000e\000r\000\050\000\051}{subsection.4.5.2}% 278
\BOOKMARK [3][-]{subsubsection.4.5.2.9}{\376\377\0004\000.\0005\000.\0002\000.\0009\000\040\000r\000e\000n\000d\000e\000r\000\137\000w\000i\000n\000d\000o\000w\000\050\000\051}{subsection.4.5.2}% 279
\BOOKMARK [3][-]{subsubsection.4.5.2.10}{\376\377\0004\000.\0005\000.\0002\000.\0001\0000\000\040\000s\000e\000t\000u\000p\000\050\000\051}{subsection.4.5.2}% 280
\BOOKMARK [3][-]{subsubsection.4.5.2.11}{\376\377\0004\000.\0005\000.\0002\000.\0001\0001\000\040\000s\000e\000t\000u\000p\000\137\000w\000i\000n\000d\000o\000w\000\050\000\051}{subsection.4.5.2}% 281
\BOOKMARK [3][-]{subsubsection.4.5.2.12}{\376\377\0004\000.\0005\000.\0002\000.\0001\0002\000\040\000u\000p\000d\000a\000t\000e\000\050\000\051}{subsection.4.5.2}% 282
\BOOKMARK [3][-]{subsubsection.4.5.2.13}{\376\377\0004\000.\0005\000.\0002\000.\0001\0003\000\040\000u\000p\000d\000a\000t\000e\000\137\000w\000i\000n\000d\000o\000w\000\050\000\051}{subsection.4.5.2}% 283
\BOOKMARK [1][-]{section.4.6}{\376\377\0004\000.\0006\000\040\000d\000i\000s\000p\000l\000a\000y\000.\000c}{chapter.4}% 284
\BOOKMARK [1][-]{section.4.7}{\376\377\0004\000.\0007\000\040\000e\000x\000a\000m\000p\000l\000e\0001\000.\000c\000\040\000F\000i\000l\000e\000\040\000R\000e\000f\000e\000r\000e\000n\000c\000e}{chapter.4}% 285
\BOOKMARK [2][-]{subsection.4.7.1}{\376\377\0004\000.\0007\000.\0001\000\040\000M\000a\000c\000r\000o\000\040\000D\000e\000f\000i\000n\000i\000t\000i\000o\000n\000\040\000D\000o\000c\000u\000m\000e\000n\000t\000a\000t\000i\000o\000n}{section.4.7}% 286
\BOOKMARK [3][-]{subsubsection.4.7.1.1}{\376\377\0004\000.\0007\000.\0001\000.\0001\000\040\000A\000L\000M\000O\000G\000\137\000D\000R\000A\000W\000\137\000L\000I\000B\000R\000A\000R\000Y\000\137\000I\000M\000P\000L\000E\000M\000E\000N\000T\000A\000T\000I\000O\000N}{subsection.4.7.1}% 287
\BOOKMARK [3][-]{subsubsection.4.7.1.2}{\376\377\0004\000.\0007\000.\0001\000.\0002\000\040\000M\000A\000T\000R\000I\000X\0002\000D\000\137\000I\000M\000P\000L\000E\000M\000E\000N\000T\000A\000T\000I\000O\000N}{subsection.4.7.1}% 288
\BOOKMARK [3][-]{subsubsection.4.7.1.3}{\376\377\0004\000.\0007\000.\0001\000.\0003\000\040\000R\000E\000N\000D\000E\000R}{subsection.4.7.1}% 289
\BOOKMARK [3][-]{subsubsection.4.7.1.4}{\376\377\0004\000.\0007\000.\0001\000.\0004\000\040\000S\000E\000T\000U\000P}{subsection.4.7.1}% 290
\BOOKMARK [3][-]{subsubsection.4.7.1.5}{\376\377\0004\000.\0007\000.\0001\000.\0005\000\040\000U\000P\000D\000A\000T\000E}{subsection.4.7.1}% 291
\BOOKMARK [2][-]{subsection.4.7.2}{\376\377\0004\000.\0007\000.\0002\000\040\000F\000u\000n\000c\000t\000i\000o\000n\000\040\000D\000o\000c\000u\000m\000e\000n\000t\000a\000t\000i\000o\000n}{section.4.7}% 292
\BOOKMARK [3][-]{subsubsection.4.7.2.1}{\376\377\0004\000.\0007\000.\0002\000.\0001\000\040\000r\000e\000n\000d\000e\000r\000\050\000\051}{subsection.4.7.2}% 293
\BOOKMARK [3][-]{subsubsection.4.7.2.2}{\376\377\0004\000.\0007\000.\0002\000.\0002\000\040\000s\000e\000t\000u\000p\000\050\000\051}{subsection.4.7.2}% 294
\BOOKMARK [3][-]{subsubsection.4.7.2.3}{\376\377\0004\000.\0007\000.\0002\000.\0003\000\040\000u\000p\000d\000a\000t\000e\000\050\000\051}{subsection.4.7.2}% 295
\BOOKMARK [2][-]{subsection.4.7.3}{\376\377\0004\000.\0007\000.\0003\000\040\000V\000a\000r\000i\000a\000b\000l\000e\000\040\000D\000o\000c\000u\000m\000e\000n\000t\000a\000t\000i\000o\000n}{section.4.7}% 296
\BOOKMARK [3][-]{subsubsection.4.7.3.1}{\376\377\0004\000.\0007\000.\0003\000.\0001\000\040\000f\000i\000g\000u\000r\000e\0001}{subsection.4.7.3}% 297
\BOOKMARK [3][-]{subsubsection.4.7.3.2}{\376\377\0004\000.\0007\000.\0003\000.\0002\000\040\000f\000i\000g\000u\000r\000e\0002}{subsection.4.7.3}% 298
\BOOKMARK [3][-]{subsubsection.4.7.3.3}{\376\377\0004\000.\0007\000.\0003\000.\0003\000\040\000p\000o\000i\000n\000t\000s}{subsection.4.7.3}% 299
\BOOKMARK [3][-]{subsubsection.4.7.3.4}{\376\377\0004\000.\0007\000.\0003\000.\0004\000\040\000p\000o\000i\000n\000t\000s\0001}{subsection.4.7.3}% 300
\BOOKMARK [1][-]{section.4.8}{\376\377\0004\000.\0008\000\040\000e\000x\000a\000m\000p\000l\000e\0001\000.\000c}{chapter.4}% 301
\BOOKMARK [1][-]{section.4.9}{\376\377\0004\000.\0009\000\040\000M\000a\000t\000r\000i\000x\0002\000D\000.\000h\000\040\000F\000i\000l\000e\000\040\000R\000e\000f\000e\000r\000e\000n\000c\000e}{chapter.4}% 302
\BOOKMARK [2][-]{subsection.4.9.1}{\376\377\0004\000.\0009\000.\0001\000\040\000M\000a\000c\000r\000o\000\040\000D\000e\000f\000i\000n\000i\000t\000i\000o\000n\000\040\000D\000o\000c\000u\000m\000e\000n\000t\000a\000t\000i\000o\000n}{section.4.9}% 303
\BOOKMARK [3][-]{subsubsection.4.9.1.1}{\376\377\0004\000.\0009\000.\0001\000.\0001\000\040\000M\000A\000T\0002\000D\000\137\000A\000T}{subsection.4.9.1}% 304
\BOOKMARK [3][-]{subsubsection.4.9.1.2}{\376\377\0004\000.\0009\000.\0001\000.\0002\000\040\000M\000A\000T\0002\000D\000\137\000A\000T\000\137\000U\000I\000N\000T\0003\0002}{subsection.4.9.1}% 305
\BOOKMARK [3][-]{subsubsection.4.9.1.3}{\376\377\0004\000.\0009\000.\0001\000.\0003\000\040\000M\000A\000T\0002\000D\000\137\000M\000I\000N\000O\000R\000\137\000A\000T}{subsection.4.9.1}% 306
\BOOKMARK [3][-]{subsubsection.4.9.1.4}{\376\377\0004\000.\0009\000.\0001\000.\0004\000\040\000M\000A\000T\0002\000D\000\137\000M\000I\000N\000O\000R\000\137\000P\000R\000I\000N\000T}{subsection.4.9.1}% 307
\BOOKMARK [3][-]{subsubsection.4.9.1.5}{\376\377\0004\000.\0009\000.\0001\000.\0005\000\040\000M\000A\000T\0002\000D\000\137\000P\000R\000I\000N\000T}{subsection.4.9.1}% 308
\BOOKMARK [3][-]{subsubsection.4.9.1.6}{\376\377\0004\000.\0009\000.\0001\000.\0006\000\040\000M\000A\000T\0002\000D\000\137\000P\000R\000I\000N\000T\000\137\000A\000S\000\137\000C\000O\000L}{subsection.4.9.1}% 309
\BOOKMARK [3][-]{subsubsection.4.9.1.7}{\376\377\0004\000.\0009\000.\0001\000.\0007\000\040\000M\000A\000T\0002\000D\000\137\000U\000I\000N\000T\0003\0002\000\137\000P\000R\000I\000N\000T}{subsection.4.9.1}% 310
\BOOKMARK [3][-]{subsubsection.4.9.1.8}{\376\377\0004\000.\0009\000.\0001\000.\0008\000\040\000M\000A\000T\000R\000I\000X\0002\000D\000\137\000A\000S\000S\000E\000R\000T}{subsection.4.9.1}% 311
\BOOKMARK [3][-]{subsubsection.4.9.1.9}{\376\377\0004\000.\0009\000.\0001\000.\0009\000\040\000M\000A\000T\000R\000I\000X\0002\000D\000\137\000M\000A\000L\000L\000O\000C}{subsection.4.9.1}% 312
\BOOKMARK [3][-]{subsubsection.4.9.1.10}{\376\377\0004\000.\0009\000.\0001\000.\0001\0000\000\040\000P\000I}{subsection.4.9.1}% 313
\BOOKMARK [2][-]{subsection.4.9.2}{\376\377\0004\000.\0009\000.\0002\000\040\000F\000u\000n\000c\000t\000i\000o\000n\000\040\000D\000o\000c\000u\000m\000e\000n\000t\000a\000t\000i\000o\000n}{section.4.9}% 314
\BOOKMARK [3][-]{subsubsection.4.9.2.1}{\376\377\0004\000.\0009\000.\0002\000.\0001\000\040\000m\000a\000t\0002\000D\000\137\000a\000d\000d\000\050\000\051}{subsection.4.9.2}% 315
\BOOKMARK [3][-]{subsubsection.4.9.2.2}{\376\377\0004\000.\0009\000.\0002\000.\0002\000\040\000m\000a\000t\0002\000D\000\137\000a\000d\000d\000\137\000c\000o\000l\000\137\000t\000o\000\137\000c\000o\000l\000\050\000\051}{subsection.4.9.2}% 316
\BOOKMARK [3][-]{subsubsection.4.9.2.3}{\376\377\0004\000.\0009\000.\0002\000.\0003\000\040\000m\000a\000t\0002\000D\000\137\000a\000d\000d\000\137\000r\000o\000w\000\137\000t\000i\000m\000e\000\137\000f\000a\000c\000t\000o\000r\000\137\000t\000o\000\137\000r\000o\000w\000\050\000\051}{subsection.4.9.2}% 317
\BOOKMARK [3][-]{subsubsection.4.9.2.4}{\376\377\0004\000.\0009\000.\0002\000.\0004\000\040\000m\000a\000t\0002\000D\000\137\000a\000d\000d\000\137\000r\000o\000w\000\137\000t\000o\000\137\000r\000o\000w\000\050\000\051}{subsection.4.9.2}% 318
\BOOKMARK [3][-]{subsubsection.4.9.2.5}{\376\377\0004\000.\0009\000.\0002\000.\0005\000\040\000m\000a\000t\0002\000D\000\137\000a\000l\000l\000o\000c\000\050\000\051}{subsection.4.9.2}% 319
\BOOKMARK [3][-]{subsubsection.4.9.2.6}{\376\377\0004\000.\0009\000.\0002\000.\0006\000\040\000m\000a\000t\0002\000D\000\137\000a\000l\000l\000o\000c\000\137\000u\000i\000n\000t\0003\0002\000\050\000\051}{subsection.4.9.2}% 320
\BOOKMARK [3][-]{subsubsection.4.9.2.7}{\376\377\0004\000.\0009\000.\0002\000.\0007\000\040\000m\000a\000t\0002\000D\000\137\000c\000a\000l\000c\000\137\000n\000o\000r\000m\000a\000\050\000\051}{subsection.4.9.2}% 321
\BOOKMARK [3][-]{subsubsection.4.9.2.8}{\376\377\0004\000.\0009\000.\0002\000.\0008\000\040\000m\000a\000t\0002\000D\000\137\000c\000o\000l\000\137\000i\000s\000\137\000a\000l\000l\000\137\000d\000i\000g\000i\000t\000\050\000\051}{subsection.4.9.2}% 322
\BOOKMARK [3][-]{subsubsection.4.9.2.9}{\376\377\0004\000.\0009\000.\0002\000.\0009\000\040\000m\000a\000t\0002\000D\000\137\000c\000o\000p\000y\000\050\000\051}{subsection.4.9.2}% 323
\BOOKMARK [3][-]{subsubsection.4.9.2.10}{\376\377\0004\000.\0009\000.\0002\000.\0001\0000\000\040\000m\000a\000t\0002\000D\000\137\000c\000o\000p\000y\000\137\000m\000a\000t\000\137\000t\000o\000\137\000m\000a\000t\000\137\000a\000t\000\137\000w\000i\000n\000d\000o\000w\000\050\000\051}{subsection.4.9.2}% 324
\BOOKMARK [3][-]{subsubsection.4.9.2.11}{\376\377\0004\000.\0009\000.\0002\000.\0001\0001\000\040\000m\000a\000t\0002\000D\000\137\000c\000r\000o\000s\000s\000\050\000\051}{subsection.4.9.2}% 325
\BOOKMARK [3][-]{subsubsection.4.9.2.12}{\376\377\0004\000.\0009\000.\0002\000.\0001\0002\000\040\000m\000a\000t\0002\000D\000\137\000d\000e\000t\000\050\000\051}{subsection.4.9.2}% 326
\BOOKMARK [3][-]{subsubsection.4.9.2.13}{\376\377\0004\000.\0009\000.\0002\000.\0001\0003\000\040\000m\000a\000t\0002\000D\000\137\000d\000e\000t\000\137\0002\000x\0002\000\137\000m\000a\000t\000\050\000\051}{subsection.4.9.2}% 327
\BOOKMARK [3][-]{subsubsection.4.9.2.14}{\376\377\0004\000.\0009\000.\0002\000.\0001\0004\000\040\000m\000a\000t\0002\000D\000\137\000d\000e\000t\000\137\0002\000x\0002\000\137\000m\000a\000t\000\137\000m\000i\000n\000o\000r\000\050\000\051}{subsection.4.9.2}% 328
\BOOKMARK [3][-]{subsubsection.4.9.2.15}{\376\377\0004\000.\0009\000.\0002\000.\0001\0005\000\040\000m\000a\000t\0002\000D\000\137\000d\000o\000t\000\050\000\051}{subsection.4.9.2}% 329
\BOOKMARK [3][-]{subsubsection.4.9.2.16}{\376\377\0004\000.\0009\000.\0002\000.\0001\0006\000\040\000m\000a\000t\0002\000D\000\137\000f\000i\000l\000l\000\050\000\051}{subsection.4.9.2}% 330
\BOOKMARK [3][-]{subsubsection.4.9.2.17}{\376\377\0004\000.\0009\000.\0002\000.\0001\0007\000\040\000m\000a\000t\0002\000D\000\137\000f\000i\000l\000l\000\137\000s\000e\000q\000u\000e\000n\000c\000e\000\050\000\051}{subsection.4.9.2}% 331
\BOOKMARK [3][-]{subsubsection.4.9.2.18}{\376\377\0004\000.\0009\000.\0002\000.\0001\0008\000\040\000m\000a\000t\0002\000D\000\137\000f\000i\000l\000l\000\137\000u\000i\000n\000t\0003\0002\000\050\000\051}{subsection.4.9.2}% 332
\BOOKMARK [3][-]{subsubsection.4.9.2.19}{\376\377\0004\000.\0009\000.\0002\000.\0001\0009\000\040\000m\000a\000t\0002\000D\000\137\000f\000r\000e\000e\000\050\000\051}{subsection.4.9.2}% 333
\BOOKMARK [3][-]{subsubsection.4.9.2.20}{\376\377\0004\000.\0009\000.\0002\000.\0002\0000\000\040\000m\000a\000t\0002\000D\000\137\000f\000r\000e\000e\000\137\000u\000i\000n\000t\0003\0002\000\050\000\051}{subsection.4.9.2}% 334
\BOOKMARK [3][-]{subsubsection.4.9.2.21}{\376\377\0004\000.\0009\000.\0002\000.\0002\0001\000\040\000m\000a\000t\0002\000D\000\137\000g\000e\000t\000\137\000c\000o\000l\000\050\000\051}{subsection.4.9.2}% 335
\BOOKMARK [3][-]{subsubsection.4.9.2.22}{\376\377\0004\000.\0009\000.\0002\000.\0002\0002\000\040\000m\000a\000t\0002\000D\000\137\000g\000e\000t\000\137\000r\000o\000w\000\050\000\051}{subsection.4.9.2}% 336
\BOOKMARK [3][-]{subsubsection.4.9.2.23}{\376\377\0004\000.\0009\000.\0002\000.\0002\0003\000\040\000m\000a\000t\0002\000D\000\137\000i\000n\000v\000e\000r\000t\000\050\000\051}{subsection.4.9.2}% 337
\BOOKMARK [3][-]{subsubsection.4.9.2.24}{\376\377\0004\000.\0009\000.\0002\000.\0002\0004\000\040\000m\000a\000t\0002\000D\000\137\000L\000U\000P\000\137\000d\000e\000c\000o\000m\000p\000o\000s\000i\000t\000i\000o\000n\000\137\000w\000i\000t\000h\000\137\000s\000w\000a\000p\000\050\000\051}{subsection.4.9.2}% 338
\BOOKMARK [3][-]{subsubsection.4.9.2.25}{\376\377\0004\000.\0009\000.\0002\000.\0002\0005\000\040\000m\000a\000t\0002\000D\000\137\000m\000a\000k\000e\000\137\000i\000d\000e\000n\000t\000i\000t\000y\000\050\000\051}{subsection.4.9.2}% 339
\BOOKMARK [3][-]{subsubsection.4.9.2.26}{\376\377\0004\000.\0009\000.\0002\000.\0002\0006\000\040\000m\000a\000t\0002\000D\000\137\000m\000a\000t\000\137\000i\000s\000\137\000a\000l\000l\000\137\000d\000i\000g\000i\000t\000\050\000\051}{subsection.4.9.2}% 340
\BOOKMARK [3][-]{subsubsection.4.9.2.27}{\376\377\0004\000.\0009\000.\0002\000.\0002\0007\000\040\000m\000a\000t\0002\000D\000\137\000m\000i\000n\000o\000r\000\137\000a\000l\000l\000o\000c\000\137\000f\000i\000l\000l\000\137\000f\000r\000o\000m\000\137\000m\000a\000t\000\050\000\051}{subsection.4.9.2}% 341
\BOOKMARK [3][-]{subsubsection.4.9.2.28}{\376\377\0004\000.\0009\000.\0002\000.\0002\0008\000\040\000m\000a\000t\0002\000D\000\137\000m\000i\000n\000o\000r\000\137\000a\000l\000l\000o\000c\000\137\000f\000i\000l\000l\000\137\000f\000r\000o\000m\000\137\000m\000a\000t\000\137\000m\000i\000n\000o\000r\000\050\000\051}{subsection.4.9.2}% 342
\BOOKMARK [3][-]{subsubsection.4.9.2.29}{\376\377\0004\000.\0009\000.\0002\000.\0002\0009\000\040\000m\000a\000t\0002\000D\000\137\000m\000i\000n\000o\000r\000\137\000d\000e\000t\000\050\000\051}{subsection.4.9.2}% 343
\BOOKMARK [3][-]{subsubsection.4.9.2.30}{\376\377\0004\000.\0009\000.\0002\000.\0003\0000\000\040\000m\000a\000t\0002\000D\000\137\000m\000i\000n\000o\000r\000\137\000f\000r\000e\000e\000\050\000\051}{subsection.4.9.2}% 344
\BOOKMARK [3][-]{subsubsection.4.9.2.31}{\376\377\0004\000.\0009\000.\0002\000.\0003\0001\000\040\000m\000a\000t\0002\000D\000\137\000m\000i\000n\000o\000r\000\137\000p\000r\000i\000n\000t\000\050\000\051}{subsection.4.9.2}% 345
\BOOKMARK [3][-]{subsubsection.4.9.2.32}{\376\377\0004\000.\0009\000.\0002\000.\0003\0002\000\040\000m\000a\000t\0002\000D\000\137\000m\000u\000l\000t\000\050\000\051}{subsection.4.9.2}% 346
\BOOKMARK [3][-]{subsubsection.4.9.2.33}{\376\377\0004\000.\0009\000.\0002\000.\0003\0003\000\040\000m\000a\000t\0002\000D\000\137\000m\000u\000l\000t\000\137\000r\000o\000w\000\050\000\051}{subsection.4.9.2}% 347
\BOOKMARK [3][-]{subsubsection.4.9.2.34}{\376\377\0004\000.\0009\000.\0002\000.\0003\0004\000\040\000m\000a\000t\0002\000D\000\137\000o\000f\000f\000s\000e\000t\0002\000d\000\050\000\051}{subsection.4.9.2}% 348
\BOOKMARK [3][-]{subsubsection.4.9.2.35}{\376\377\0004\000.\0009\000.\0002\000.\0003\0005\000\040\000m\000a\000t\0002\000D\000\137\000o\000f\000f\000s\000e\000t\0002\000d\000\137\000u\000i\000n\000t\0003\0002\000\050\000\051}{subsection.4.9.2}% 349
\BOOKMARK [3][-]{subsubsection.4.9.2.36}{\376\377\0004\000.\0009\000.\0002\000.\0003\0006\000\040\000m\000a\000t\0002\000D\000\137\000p\000r\000i\000n\000t\000\050\000\051}{subsection.4.9.2}% 350
\BOOKMARK [3][-]{subsubsection.4.9.2.37}{\376\377\0004\000.\0009\000.\0002\000.\0003\0007\000\040\000m\000a\000t\0002\000D\000\137\000p\000r\000i\000n\000t\000\137\000a\000s\000\137\000c\000o\000l\000\050\000\051}{subsection.4.9.2}% 351
\BOOKMARK [3][-]{subsubsection.4.9.2.38}{\376\377\0004\000.\0009\000.\0002\000.\0003\0008\000\040\000m\000a\000t\0002\000D\000\137\000r\000a\000n\000d\000\050\000\051}{subsection.4.9.2}% 352
\BOOKMARK [3][-]{subsubsection.4.9.2.39}{\376\377\0004\000.\0009\000.\0002\000.\0003\0009\000\040\000m\000a\000t\0002\000D\000\137\000r\000o\000w\000\137\000i\000s\000\137\000a\000l\000l\000\137\000d\000i\000g\000i\000t\000\050\000\051}{subsection.4.9.2}% 353
\BOOKMARK [3][-]{subsubsection.4.9.2.40}{\376\377\0004\000.\0009\000.\0002\000.\0004\0000\000\040\000m\000a\000t\0002\000D\000\137\000s\000e\000t\000\137\000i\000d\000e\000n\000t\000i\000t\000y\000\050\000\051}{subsection.4.9.2}% 354
\BOOKMARK [3][-]{subsubsection.4.9.2.41}{\376\377\0004\000.\0009\000.\0002\000.\0004\0001\000\040\000m\000a\000t\0002\000D\000\137\000s\000e\000t\000\137\000r\000o\000t\000\137\000m\000a\000t\000\137\000x\000\050\000\051}{subsection.4.9.2}% 355
\BOOKMARK [3][-]{subsubsection.4.9.2.42}{\376\377\0004\000.\0009\000.\0002\000.\0004\0002\000\040\000m\000a\000t\0002\000D\000\137\000s\000e\000t\000\137\000r\000o\000t\000\137\000m\000a\000t\000\137\000y\000\050\000\051}{subsection.4.9.2}% 356
\BOOKMARK [3][-]{subsubsection.4.9.2.43}{\376\377\0004\000.\0009\000.\0002\000.\0004\0003\000\040\000m\000a\000t\0002\000D\000\137\000s\000e\000t\000\137\000r\000o\000t\000\137\000m\000a\000t\000\137\000z\000\050\000\051}{subsection.4.9.2}% 357
\BOOKMARK [3][-]{subsubsection.4.9.2.44}{\376\377\0004\000.\0009\000.\0002\000.\0004\0004\000\040\000m\000a\000t\0002\000D\000\137\000s\000o\000l\000v\000e\000\137\000l\000i\000n\000e\000a\000r\000\137\000s\000y\000s\000\137\000L\000U\000P\000\137\000d\000e\000c\000o\000m\000p\000o\000s\000i\000t\000i\000o\000n\000\050\000\051}{subsection.4.9.2}% 358
\BOOKMARK [3][-]{subsubsection.4.9.2.45}{\376\377\0004\000.\0009\000.\0002\000.\0004\0005\000\040\000m\000a\000t\0002\000D\000\137\000s\000u\000b\000\050\000\051}{subsection.4.9.2}% 359
\BOOKMARK [3][-]{subsubsection.4.9.2.46}{\376\377\0004\000.\0009\000.\0002\000.\0004\0006\000\040\000m\000a\000t\0002\000D\000\137\000s\000u\000b\000\137\000c\000o\000l\000\137\000t\000o\000\137\000c\000o\000l\000\050\000\051}{subsection.4.9.2}% 360
\BOOKMARK [3][-]{subsubsection.4.9.2.47}{\376\377\0004\000.\0009\000.\0002\000.\0004\0007\000\040\000m\000a\000t\0002\000D\000\137\000s\000u\000b\000\137\000r\000o\000w\000\137\000t\000i\000m\000e\000\137\000f\000a\000c\000t\000o\000r\000\137\000t\000o\000\137\000r\000o\000w\000\050\000\051}{subsection.4.9.2}% 361
\BOOKMARK [3][-]{subsubsection.4.9.2.48}{\376\377\0004\000.\0009\000.\0002\000.\0004\0008\000\040\000m\000a\000t\0002\000D\000\137\000s\000u\000b\000\137\000r\000o\000w\000\137\000t\000o\000\137\000r\000o\000w\000\050\000\051}{subsection.4.9.2}% 362
\BOOKMARK [3][-]{subsubsection.4.9.2.49}{\376\377\0004\000.\0009\000.\0002\000.\0004\0009\000\040\000m\000a\000t\0002\000D\000\137\000s\000w\000a\000p\000\137\000r\000o\000w\000s\000\050\000\051}{subsection.4.9.2}% 363
\BOOKMARK [3][-]{subsubsection.4.9.2.50}{\376\377\0004\000.\0009\000.\0002\000.\0005\0000\000\040\000m\000a\000t\0002\000D\000\137\000t\000r\000a\000n\000s\000p\000o\000s\000e\000\050\000\051}{subsection.4.9.2}% 364
\BOOKMARK [3][-]{subsubsection.4.9.2.51}{\376\377\0004\000.\0009\000.\0002\000.\0005\0001\000\040\000m\000a\000t\0002\000D\000\137\000t\000r\000i\000a\000n\000g\000u\000l\000a\000t\000e\000\050\000\051}{subsection.4.9.2}% 365
\BOOKMARK [3][-]{subsubsection.4.9.2.52}{\376\377\0004\000.\0009\000.\0002\000.\0005\0002\000\040\000m\000a\000t\0002\000D\000\137\000u\000i\000n\000t\0003\0002\000\137\000p\000r\000i\000n\000t\000\050\000\051}{subsection.4.9.2}% 366
\BOOKMARK [3][-]{subsubsection.4.9.2.53}{\376\377\0004\000.\0009\000.\0002\000.\0005\0003\000\040\000r\000a\000n\000d\000\137\000d\000o\000u\000b\000l\000e\000\050\000\051}{subsection.4.9.2}% 367
\BOOKMARK [1][-]{section.4.10}{\376\377\0004\000.\0001\0000\000\040\000M\000a\000t\000r\000i\000x\0002\000D\000.\000h}{chapter.4}% 368
\BOOKMARK [1][-]{section.4.11}{\376\377\0004\000.\0001\0001\000\040\000t\000e\000m\000p\000.\000c\000\040\000F\000i\000l\000e\000\040\000R\000e\000f\000e\000r\000e\000n\000c\000e}{chapter.4}% 369
\BOOKMARK [2][-]{subsection.4.11.1}{\376\377\0004\000.\0001\0001\000.\0001\000\040\000M\000a\000c\000r\000o\000\040\000D\000e\000f\000i\000n\000i\000t\000i\000o\000n\000\040\000D\000o\000c\000u\000m\000e\000n\000t\000a\000t\000i\000o\000n}{section.4.11}% 370
\BOOKMARK [3][-]{subsubsection.4.11.1.1}{\376\377\0004\000.\0001\0001\000.\0001\000.\0001\000\040\000A\000L\000M\000O\000G\000\137\000D\000R\000A\000W\000\137\000L\000I\000B\000R\000A\000R\000Y\000\137\000I\000M\000P\000L\000E\000M\000E\000N\000T\000A\000T\000I\000O\000N}{subsection.4.11.1}% 371
\BOOKMARK [3][-]{subsubsection.4.11.1.2}{\376\377\0004\000.\0001\0001\000.\0001\000.\0002\000\040\000M\000A\000T\000R\000I\000X\0002\000D\000\137\000I\000M\000P\000L\000E\000M\000E\000N\000T\000A\000T\000I\000O\000N}{subsection.4.11.1}% 372
\BOOKMARK [3][-]{subsubsection.4.11.1.3}{\376\377\0004\000.\0001\0001\000.\0001\000.\0003\000\040\000R\000E\000N\000D\000E\000R}{subsection.4.11.1}% 373
\BOOKMARK [3][-]{subsubsection.4.11.1.4}{\376\377\0004\000.\0001\0001\000.\0001\000.\0004\000\040\000S\000E\000T\000U\000P}{subsection.4.11.1}% 374
\BOOKMARK [3][-]{subsubsection.4.11.1.5}{\376\377\0004\000.\0001\0001\000.\0001\000.\0005\000\040\000U\000P\000D\000A\000T\000E}{subsection.4.11.1}% 375
\BOOKMARK [2][-]{subsection.4.11.2}{\376\377\0004\000.\0001\0001\000.\0002\000\040\000F\000u\000n\000c\000t\000i\000o\000n\000\040\000D\000o\000c\000u\000m\000e\000n\000t\000a\000t\000i\000o\000n}{section.4.11}% 376
\BOOKMARK [3][-]{subsubsection.4.11.2.1}{\376\377\0004\000.\0001\0001\000.\0002\000.\0001\000\040\000r\000e\000n\000d\000e\000r\000\050\000\051}{subsection.4.11.2}% 377
\BOOKMARK [3][-]{subsubsection.4.11.2.2}{\376\377\0004\000.\0001\0001\000.\0002\000.\0002\000\040\000s\000e\000t\000u\000p\000\050\000\051}{subsection.4.11.2}% 378
\BOOKMARK [3][-]{subsubsection.4.11.2.3}{\376\377\0004\000.\0001\0001\000.\0002\000.\0003\000\040\000u\000p\000d\000a\000t\000e\000\050\000\051}{subsection.4.11.2}% 379
\BOOKMARK [2][-]{subsection.4.11.3}{\376\377\0004\000.\0001\0001\000.\0003\000\040\000V\000a\000r\000i\000a\000b\000l\000e\000\040\000D\000o\000c\000u\000m\000e\000n\000t\000a\000t\000i\000o\000n}{section.4.11}% 380
\BOOKMARK [3][-]{subsubsection.4.11.3.1}{\376\377\0004\000.\0001\0001\000.\0003\000.\0001\000\040\000q\000u\000a\000d\0001}{subsection.4.11.3}% 381
\BOOKMARK [3][-]{subsubsection.4.11.3.2}{\376\377\0004\000.\0001\0001\000.\0003\000.\0002\000\040\000t\000r\000i}{subsection.4.11.3}% 382
\BOOKMARK [1][-]{section.4.12}{\376\377\0004\000.\0001\0002\000\040\000t\000e\000m\000p\000.\000c}{chapter.4}% 383
\BOOKMARK [0][-]{section*.51}{\376\377\000I\000n\000d\000e\000x}{}% 384
