This is pdfTeX, Version 3.141592653-2.6-1.40.22 (TeX Live 2022/dev/Debian) (preloaded format=pdflatex 2024.10.14)  28 OCT 2025 23:01
entering extended mode
 restricted \write18 enabled.
 %&-line parsing enabled.
**refman
(./refman.tex
LaTeX2e <2021-11-15> patch level 1
L3 programming layer <2022-01-21>
(/usr/share/texlive/texmf-dist/tex/latex/base/book.cls
Document Class: book 2021/10/04 v1.4n Standard LaTeX document class
(/usr/share/texlive/texmf-dist/tex/latex/base/bk10.clo
File: bk10.clo 2021/10/04 v1.4n Standard LaTeX file (size option)
)
\c@part=\count185
\c@chapter=\count186
\c@section=\count187
\c@subsection=\count188
\c@subsubsection=\count189
\c@paragraph=\count190
\c@subparagraph=\count191
\c@figure=\count192
\c@table=\count193
\abovecaptionskip=\skip47
\belowcaptionskip=\skip48
\bibindent=\dimen138
)
(/usr/share/texlive/texmf-dist/tex/latex/base/ifthen.sty
Package: ifthen 2020/11/24 v1.1c Standard LaTeX ifthen package (DPC)
)
(/usr/share/texlive/texmf-dist/tex/latex/tools/array.sty
Rollback for package 'array' requested -> date 2016-10-06.
         Best approximation is the release introduced on 2016-10-06.

(/usr/share/texlive/texmf-dist/tex/latex/tools/array-2016-10-06.sty
Package: array 2016/10/06 v2.4d Tabular extension package (FMi)
\col@sep=\dimen139
\extrarowheight=\dimen140
\NC@list=\toks16
\extratabsurround=\skip49
\backup@length=\skip50
))
(/usr/share/texlive/texmf-dist/tex/latex/base/fixltx2e.sty
Package: fixltx2e 2016/12/29 v2.1a fixes to LaTeX (obsolete)
Applying: [2015/01/01] Old fixltx2e package on input line 46.


Package fixltx2e Warning: fixltx2e is not required with releases after 2015
(fixltx2e)                All fixes are now in the LaTeX kernel.
(fixltx2e)                See the latexrelease package for details.

Already applied: [0000/00/00] Old fixltx2e package on input line 53.
) (./doxygen.sty
Package: doxygen 
 (/usr/share/texlive/texmf-dist/tex/latex/base/alltt.sty
Package: alltt 2021/01/29 v2.0g defines alltt environment
)
(/usr/share/texlive/texmf-dist/tex/latex/tools/calc.sty
Package: calc 2017/05/25 v4.3 Infix arithmetic (KKT,FJ)
\calc@Acount=\count194
\calc@Bcount=\count195
\calc@Adimen=\dimen141
\calc@Bdimen=\dimen142
\calc@Askip=\skip51
\calc@Bskip=\skip52
LaTeX Info: Redefining \setlength on input line 80.
LaTeX Info: Redefining \addtolength on input line 81.
\calc@Ccount=\count196
\calc@Cskip=\skip53
)
(/usr/share/texlive/texmf-dist/tex/latex/float/float.sty
Package: float 2001/11/08 v1.3d Float enhancements (AL)
\c@float@type=\count197
\float@exts=\toks17
\float@box=\box50
\@float@everytoks=\toks18
\@floatcapt=\box51
)
(/usr/share/texlive/texmf-dist/tex/latex/tools/verbatim.sty
Package: verbatim 2020-07-07 v1.5u LaTeX2e package for verbatim enhancements
\every@verbatim=\toks19
\verbatim@line=\toks20
\verbatim@in@stream=\read2
)
(/usr/share/texlive/texmf-dist/tex/latex/xcolor/xcolor.sty
Package: xcolor 2021/10/31 v2.13 LaTeX color extensions (UK)

(/usr/share/texlive/texmf-dist/tex/latex/graphics-cfg/color.cfg
File: color.cfg 2016/01/02 v1.6 sample color configuration
)
Package xcolor Info: Driver file: pdftex.def on input line 227.

(/usr/share/texlive/texmf-dist/tex/latex/graphics-def/pdftex.def
File: pdftex.def 2020/10/05 v1.2a Graphics/color driver for pdftex
)
(/usr/share/texlive/texmf-dist/tex/latex/colortbl/colortbl.sty
Package: colortbl 2020/01/04 v1.0e Color table columns (DPC)
\everycr=\toks21
\minrowclearance=\skip54
)
\rownum=\count198
Package xcolor Info: Model `cmy' substituted by `cmy0' on input line 1352.
Package xcolor Info: Model `hsb' substituted by `rgb' on input line 1356.
Package xcolor Info: Model `RGB' extended on input line 1368.
Package xcolor Info: Model `HTML' substituted by `rgb' on input line 1370.
Package xcolor Info: Model `Hsb' substituted by `hsb' on input line 1371.
Package xcolor Info: Model `tHsb' substituted by `hsb' on input line 1372.
Package xcolor Info: Model `HSB' substituted by `hsb' on input line 1373.
Package xcolor Info: Model `Gray' substituted by `gray' on input line 1374.
Package xcolor Info: Model `wave' substituted by `hsb' on input line 1375.
)
(./longtable_doxygen.sty
Package: longtable_doxygen 2014/10/28 v4.11 Multi-page Table package (DPC) - fr
ozen version for doxygen
\LTleft=\skip55
\LTright=\skip56
\LTpre=\skip57
\LTpost=\skip58
\LTchunksize=\count199
\LTcapwidth=\dimen143
\LT@head=\box52
\LT@firsthead=\box53
\LT@foot=\box54
\LT@lastfoot=\box55
\LT@cols=\count266
\LT@rows=\count267
\c@LT@tables=\count268
\c@LT@chunks=\count269
\LT@p@ftn=\toks22
) (./tabu_doxygen.sty
Package: tabu_doxygen 2011/02/26 v2.8 - flexible LaTeX tabulars (FC), frozen ve
rsion for doxygen

(/usr/share/texlive/texmf-dist/tex/latex/varwidth/varwidth.sty
Package: varwidth 2009/03/30 ver 0.92;  Variable-width minipages
\@vwid@box=\box56
\sift@deathcycles=\count270
\@vwid@loff=\dimen144
\@vwid@roff=\dimen145
)
\c@taburow=\count271
\tabu@nbcols=\count272
\tabu@cnt=\count273
\tabu@Xcol=\count274
\tabu@alloc=\count275
\tabu@nested=\count276
\tabu@target=\dimen146
\tabu@spreadtarget=\dimen147
\tabu@naturalX=\dimen148
\tabucolX=\dimen149
\tabu@Xsum=\dimen150
\extrarowdepth=\dimen151
\abovetabulinesep=\dimen152
\belowtabulinesep=\dimen153
\tabustrutrule=\dimen154
\tabu@thebody=\toks23
\tabu@footnotes=\toks24
\tabu@box=\box57
\tabu@arstrutbox=\box58
\tabu@hleads=\box59
\tabu@vleads=\box60
\tabu@cellskip=\skip59
)
(/usr/share/texlive/texmf-dist/tex/latex/fancyvrb/fancyvrb.sty
Package: fancyvrb 2021/12/21 4.1b verbatim text (tvz,hv)

(/usr/share/texlive/texmf-dist/tex/latex/graphics/keyval.sty
Package: keyval 2014/10/28 v1.15 key=value parser (DPC)
\KV@toks@=\toks25
)
\FV@CodeLineNo=\count277
\FV@InFile=\read3
\FV@TabBox=\box61
\c@FancyVerbLine=\count278
\FV@StepNumber=\count279
\FV@OutFile=\write3
)
(/usr/share/texlive/texmf-dist/tex/latex/tools/tabularx.sty
Package: tabularx 2020/01/15 v2.11c `tabularx' package (DPC)
\TX@col@width=\dimen155
\TX@old@table=\dimen156
\TX@old@col=\dimen157
\TX@target=\dimen158
\TX@delta=\dimen159
\TX@cols=\count280
\TX@ftn=\toks26
)
(/usr/share/texlive/texmf-dist/tex/latex/tools/multicol.sty
Package: multicol 2021/10/28 v1.9b multicolumn formatting (FMi)
\c@tracingmulticols=\count281
\mult@box=\box62
\multicol@leftmargin=\dimen160
\c@unbalance=\count282
\c@collectmore=\count283
\doublecol@number=\count284
\multicoltolerance=\count285
\multicolpretolerance=\count286
\full@width=\dimen161
\page@free=\dimen162
\premulticols=\dimen163
\postmulticols=\dimen164
\multicolsep=\skip60
\multicolbaselineskip=\skip61
\partial@page=\box63
\last@line=\box64
\maxbalancingoverflow=\dimen165
\mult@rightbox=\box65
\mult@grightbox=\box66
\mult@firstbox=\box67
\mult@gfirstbox=\box68
\@tempa=\box69
\@tempa=\box70
\@tempa=\box71
\@tempa=\box72
\@tempa=\box73
\@tempa=\box74
\@tempa=\box75
\@tempa=\box76
\@tempa=\box77
\@tempa=\box78
\@tempa=\box79
\@tempa=\box80
\@tempa=\box81
\@tempa=\box82
\@tempa=\box83
\@tempa=\box84
\@tempa=\box85
\@tempa=\box86
\@tempa=\box87
\@tempa=\box88
\@tempa=\box89
\@tempa=\box90
\@tempa=\box91
\@tempa=\box92
\@tempa=\box93
\@tempa=\box94
\@tempa=\box95
\@tempa=\box96
\@tempa=\box97
\@tempa=\box98
\@tempa=\box99
\@tempa=\box100
\@tempa=\box101
\@tempa=\box102
\@tempa=\box103
\@tempa=\box104
\c@minrows=\count287
\c@columnbadness=\count288
\c@finalcolumnbadness=\count289
\last@try=\dimen166
\multicolovershoot=\dimen167
\multicolundershoot=\dimen168
\mult@nat@firstbox=\box105
\colbreak@box=\box106
\mc@col@check@num=\count290
)
(/usr/share/texlive/texmf-dist/tex/latex/multirow/multirow.sty
Package: multirow 2021/03/15 v2.8 Span multiple rows of a table
\multirow@colwidth=\skip62
\multirow@cntb=\count291
\multirow@dima=\skip63
\bigstrutjot=\dimen169
)
(/usr/share/texlive/texmf-dist/tex/latex/hanging/hanging.sty
Package: hanging 2009/09/02 v1.2b hanging paragraphs and punctuation
\h@ngcommawd=\skip64
\h@ngfstopwd=\skip65
\h@ngquotewd=\skip66
\h@ngdquotewd=\skip67
\h@ngquerywd=\skip68
\h@ngexclwd=\skip69
\h@ngcolonwd=\skip70
\h@ngscolonwd=\skip71
)
(/usr/share/texlive/texmf-dist/tex/generic/iftex/ifpdf.sty
Package: ifpdf 2019/10/25 v3.4 ifpdf legacy package. Use iftex instead.

(/usr/share/texlive/texmf-dist/tex/generic/iftex/iftex.sty
Package: iftex 2020/03/06 v1.0d TeX engine tests
))
(/usr/share/texlive/texmf-dist/tex/latex/adjustbox/adjustbox.sty
Package: adjustbox 2020/08/19 v1.3 Adjusting TeX boxes (trim, clip, ...)

(/usr/share/texlive/texmf-dist/tex/latex/xkeyval/xkeyval.sty
Package: xkeyval 2020/11/20 v2.8 package option processing (HA)

(/usr/share/texlive/texmf-dist/tex/generic/xkeyval/xkeyval.tex
(/usr/share/texlive/texmf-dist/tex/generic/xkeyval/xkvutils.tex
\XKV@toks=\toks27
\XKV@tempa@toks=\toks28
)
\XKV@depth=\count292
File: xkeyval.tex 2014/12/03 v2.7a key=value parser (HA)
))
(/usr/share/texlive/texmf-dist/tex/latex/adjustbox/adjcalc.sty
Package: adjcalc 2012/05/16 v1.1 Provides advanced setlength with multiple back
-ends (calc, etex, pgfmath)
)
(/usr/share/texlive/texmf-dist/tex/latex/adjustbox/trimclip.sty
Package: trimclip 2020/08/19 v1.2 Trim and clip general TeX material

(/usr/share/texlive/texmf-dist/tex/latex/graphics/graphicx.sty
Package: graphicx 2021/09/16 v1.2d Enhanced LaTeX Graphics (DPC,SPQR)

(/usr/share/texlive/texmf-dist/tex/latex/graphics/graphics.sty
Package: graphics 2021/03/04 v1.4d Standard LaTeX Graphics (DPC,SPQR)

(/usr/share/texlive/texmf-dist/tex/latex/graphics/trig.sty
Package: trig 2021/08/11 v1.11 sin cos tan (DPC)
)
(/usr/share/texlive/texmf-dist/tex/latex/graphics-cfg/graphics.cfg
File: graphics.cfg 2016/06/04 v1.11 sample graphics configuration
)
Package graphics Info: Driver file: pdftex.def on input line 107.
)
\Gin@req@height=\dimen170
\Gin@req@width=\dimen171
)
(/usr/share/texlive/texmf-dist/tex/latex/collectbox/collectbox.sty
Package: collectbox 2012/05/17 v0.4b Collect macro arguments as boxes
\collectedbox=\box107
)
\tc@llx=\dimen172
\tc@lly=\dimen173
\tc@urx=\dimen174
\tc@ury=\dimen175
Package trimclip Info: Using driver 'tc-pdftex.def'.

(/usr/share/texlive/texmf-dist/tex/latex/adjustbox/tc-pdftex.def
File: tc-pdftex.def 2019/01/04 v2.2 Clipping driver for pdftex
))
\adjbox@Width=\dimen176
\adjbox@Height=\dimen177
\adjbox@Depth=\dimen178
\adjbox@Totalheight=\dimen179
\adjbox@pwidth=\dimen180
\adjbox@pheight=\dimen181
\adjbox@pdepth=\dimen182
\adjbox@ptotalheight=\dimen183

(/usr/share/texlive/texmf-dist/tex/latex/ifoddpage/ifoddpage.sty
Package: ifoddpage 2016/04/23 v1.1 Conditionals for odd/even page detection
\c@checkoddpage=\count293
))
(/usr/share/texlive/texmf-dist/tex/latex/amsfonts/amssymb.sty
Package: amssymb 2013/01/14 v3.01 AMS font symbols

(/usr/share/texlive/texmf-dist/tex/latex/amsfonts/amsfonts.sty
Package: amsfonts 2013/01/14 v3.01 Basic AMSFonts support
\@emptytoks=\toks29
\symAMSa=\mathgroup4
\symAMSb=\mathgroup5
LaTeX Font Info:    Redeclaring math symbol \hbar on input line 98.
LaTeX Font Info:    Overwriting math alphabet `\mathfrak' in version `bold'
(Font)                  U/euf/m/n --> U/euf/b/n on input line 106.
))
(/usr/share/texlive/texmf-dist/tex/latex/stackengine/stackengine.sty
Package: stackengine 2021/07/22 v4.11\ Stacking text and objects in convenient 
ways

(/usr/share/texlive/texmf-dist/tex/latex/etoolbox/etoolbox.sty
Package: etoolbox 2020/10/05 v2.5k e-TeX tools for LaTeX (JAW)
\etb@tempcnta=\count294
)
(/usr/share/texlive/texmf-dist/tex/generic/listofitems/listofitems.sty
(/usr/share/texlive/texmf-dist/tex/generic/listofitems/listofitems.tex
\loi_cnt_foreach_nest=\count295
\loi_nestcnt=\count296
)
Package: listofitems 2019/08/21 v1.63 Grab items in lists using user-specified 
sep char (CT)
)
\c@@stackindex=\count297
\@boxshift=\skip72
\stack@tmplength=\skip73
\temp@stkl=\skip74
\@stackedboxwidth=\skip75
\@addedbox=\box108
\@anchorbox=\box109
\@insetbox=\box110
\se@backgroundbox=\box111
\stackedbox=\box112
\@centerbox=\box113
\c@ROWcellindex@=\count298
)
(/usr/share/texlive/texmf-dist/tex/generic/ulem/ulem.sty
\UL@box=\box114
\UL@hyphenbox=\box115
\UL@skip=\skip76
\UL@hook=\toks30
\UL@height=\dimen184
\UL@pe=\count299
\UL@pixel=\dimen185
\ULC@box=\box116
Package: ulem 2019/11/18
\ULdepth=\dimen186
)
\xrefbox=\box117
\xreflength=\skip77
\CodeWidthChar=\skip78
\CodeHeightChar=\skip79
\DoxyCodeWidth=\skip80
)
(/usr/share/texlive/texmf-dist/tex/latex/base/inputenc.sty
Package: inputenc 2021/02/14 v1.3d Input encoding file
\inpenc@prehook=\toks31
\inpenc@posthook=\toks32
)
(/usr/share/texlive/texmf-dist/tex/latex/base/makeidx.sty
Package: makeidx 2021/10/04 v1.0m Standard LaTeX package
)
(/usr/share/texlive/texmf-dist/tex/latex/base/textcomp.sty
Package: textcomp 2020/02/02 v2.0n Standard LaTeX package
)
(/usr/share/texlive/texmf-dist/tex/latex/wasysym/wasysym.sty
Package: wasysym 2020/01/19 v2.4 Wasy-2 symbol support package
\symwasy=\mathgroup6
LaTeX Font Info:    Overwriting symbol font `wasy' in version `bold'
(Font)                  U/wasy/m/n --> U/wasy/b/n on input line 93.
)
(/usr/share/texlive/texmf-dist/tex/generic/iftex/ifxetex.sty
Package: ifxetex 2019/10/25 v0.7 ifxetex legacy package. Use iftex instead.
)
(/usr/share/texlive/texmf-dist/tex/latex/base/fontenc.sty
Package: fontenc 2021/04/29 v2.0v Standard LaTeX package
)
(/usr/share/texlive/texmf-dist/tex/latex/psnfss/helvet.sty
Package: helvet 2020/03/25 PSNFSS-v9.3 (WaS) 
)
(/usr/share/texlive/texmf-dist/tex/latex/psnfss/courier.sty
Package: courier 2020/03/25 PSNFSS-v9.3 (WaS) 
)
(/usr/share/texlive/texmf-dist/tex/latex/sectsty/sectsty.sty
Package: sectsty 2002/02/25 v2.0.2 Commands to change all sectional heading sty
les


LaTeX Warning: Command \underbar  has changed.
               Check if current package is valid.


LaTeX Warning: Command \underline  has changed.
               Check if current package is valid.

) (/usr/share/texlive/texmf-dist/tex/latex/geometry/geometry.sty
Package: geometry 2020/01/02 v5.9 Page Geometry

(/usr/share/texlive/texmf-dist/tex/generic/iftex/ifvtex.sty
Package: ifvtex 2019/10/25 v1.7 ifvtex legacy package. Use iftex instead.
)
\Gm@cnth=\count300
\Gm@cntv=\count301
\c@Gm@tempcnt=\count302
\Gm@bindingoffset=\dimen187
\Gm@wd@mp=\dimen188
\Gm@odd@mp=\dimen189
\Gm@even@mp=\dimen190
\Gm@layoutwidth=\dimen191
\Gm@layoutheight=\dimen192
\Gm@layouthoffset=\dimen193
\Gm@layoutvoffset=\dimen194
\Gm@dimlist=\toks33
)
(/usr/share/texlive/texmf-dist/tex/latex/fancyhdr/fancyhdr.sty
Package: fancyhdr 2021/01/28 v4.0.1 Extensive control of page headers and foote
rs
\f@nch@headwidth=\skip81
\f@nch@O@elh=\skip82
\f@nch@O@erh=\skip83
\f@nch@O@olh=\skip84
\f@nch@O@orh=\skip85
\f@nch@O@elf=\skip86
\f@nch@O@erf=\skip87
\f@nch@O@olf=\skip88
\f@nch@O@orf=\skip89
)
(/usr/share/texlive/texmf-dist/tex/latex/natbib/natbib.sty
Package: natbib 2010/09/13 8.31b (PWD, AO)
\bibhang=\skip90
\bibsep=\skip91
LaTeX Info: Redefining \cite on input line 694.
\c@NAT@ctr=\count303
)
(/usr/share/texlive/texmf-dist/tex/latex/tocloft/tocloft.sty
Package: tocloft 2017/08/31 v2.3i parameterised ToC, etc., typesetting
Package tocloft Info: The document has chapter divisions on input line 51.
\cftparskip=\skip92
\cftbeforetoctitleskip=\skip93
\cftaftertoctitleskip=\skip94
\cftbeforepartskip=\skip95
\cftpartnumwidth=\skip96
\cftpartindent=\skip97
\cftbeforechapskip=\skip98
\cftchapindent=\skip99
\cftchapnumwidth=\skip100
\cftbeforesecskip=\skip101
\cftsecindent=\skip102
\cftsecnumwidth=\skip103
\cftbeforesubsecskip=\skip104
\cftsubsecindent=\skip105
\cftsubsecnumwidth=\skip106
\cftbeforesubsubsecskip=\skip107
\cftsubsubsecindent=\skip108
\cftsubsubsecnumwidth=\skip109
\cftbeforeparaskip=\skip110
\cftparaindent=\skip111
\cftparanumwidth=\skip112
\cftbeforesubparaskip=\skip113
\cftsubparaindent=\skip114
\cftsubparanumwidth=\skip115
\cftbeforeloftitleskip=\skip116
\cftafterloftitleskip=\skip117
\cftbeforefigskip=\skip118
\cftfigindent=\skip119
\cftfignumwidth=\skip120
\c@lofdepth=\count304
\c@lotdepth=\count305
\cftbeforelottitleskip=\skip121
\cftafterlottitleskip=\skip122
\cftbeforetabskip=\skip123
\cfttabindent=\skip124
\cfttabnumwidth=\skip125
)
\@indexfile=\write4
\openout4 = `refman.idx'.


Writing index file refman.idx
(/usr/share/texlive/texmf-dist/tex/latex/newunicodechar/newunicodechar.sty
Package: newunicodechar 2018/04/08 v1.2 Defining Unicode characters
)

Package newunicodechar Warning: Redefining Unicode character on input line 115.



Package newunicodechar Warning: Redefining Unicode character on input line 116.


(/usr/share/texlive/texmf-dist/tex/latex/hyperref/hyperref.sty
Package: hyperref 2021-06-07 v7.00m Hypertext links for LaTeX

(/usr/share/texlive/texmf-dist/tex/generic/ltxcmds/ltxcmds.sty
Package: ltxcmds 2020-05-10 v1.25 LaTeX kernel commands for general use (HO)
)
(/usr/share/texlive/texmf-dist/tex/generic/pdftexcmds/pdftexcmds.sty
Package: pdftexcmds 2020-06-27 v0.33 Utility functions of pdfTeX for LuaTeX (HO
)

(/usr/share/texlive/texmf-dist/tex/generic/infwarerr/infwarerr.sty
Package: infwarerr 2019/12/03 v1.5 Providing info/warning/error messages (HO)
)
Package pdftexcmds Info: \pdf@primitive is available.
Package pdftexcmds Info: \pdf@ifprimitive is available.
Package pdftexcmds Info: \pdfdraftmode found.
)
(/usr/share/texlive/texmf-dist/tex/generic/kvsetkeys/kvsetkeys.sty
Package: kvsetkeys 2019/12/15 v1.18 Key value parser (HO)
)
(/usr/share/texlive/texmf-dist/tex/generic/kvdefinekeys/kvdefinekeys.sty
Package: kvdefinekeys 2019-12-19 v1.6 Define keys (HO)
)
(/usr/share/texlive/texmf-dist/tex/generic/pdfescape/pdfescape.sty
Package: pdfescape 2019/12/09 v1.15 Implements pdfTeX's escape features (HO)
)
(/usr/share/texlive/texmf-dist/tex/latex/hycolor/hycolor.sty
Package: hycolor 2020-01-27 v1.10 Color options for hyperref/bookmark (HO)
)
(/usr/share/texlive/texmf-dist/tex/latex/letltxmacro/letltxmacro.sty
Package: letltxmacro 2019/12/03 v1.6 Let assignment for LaTeX macros (HO)
)
(/usr/share/texlive/texmf-dist/tex/latex/auxhook/auxhook.sty
Package: auxhook 2019-12-17 v1.6 Hooks for auxiliary files (HO)
)
(/usr/share/texlive/texmf-dist/tex/latex/kvoptions/kvoptions.sty
Package: kvoptions 2020-10-07 v3.14 Key value format for package options (HO)
)
\@linkdim=\dimen195
\Hy@linkcounter=\count306
\Hy@pagecounter=\count307

(/usr/share/texlive/texmf-dist/tex/latex/hyperref/pd1enc.def
File: pd1enc.def 2021-06-07 v7.00m Hyperref: PDFDocEncoding definition (HO)
Now handling font encoding PD1 ...
... no UTF-8 mapping file for font encoding PD1
)
(/usr/share/texlive/texmf-dist/tex/latex/hyperref/hyperref-langpatches.def
File: hyperref-langpatches.def 2021-06-07 v7.00m Hyperref: patches for babel la
nguages
)
(/usr/share/texlive/texmf-dist/tex/generic/intcalc/intcalc.sty
Package: intcalc 2019/12/15 v1.3 Expandable calculations with integers (HO)
)
(/usr/share/texlive/texmf-dist/tex/generic/etexcmds/etexcmds.sty
Package: etexcmds 2019/12/15 v1.7 Avoid name clashes with e-TeX commands (HO)
)
\Hy@SavedSpaceFactor=\count308

(/usr/share/texlive/texmf-dist/tex/latex/hyperref/puenc.def
File: puenc.def 2021-06-07 v7.00m Hyperref: PDF Unicode definition (HO)
Now handling font encoding PU ...
... no UTF-8 mapping file for font encoding PU
)
Package hyperref Info: Hyper figures OFF on input line 4192.
Package hyperref Info: Link nesting OFF on input line 4197.
Package hyperref Info: Hyper index ON on input line 4200.
Package hyperref Info: Plain pages OFF on input line 4207.
Package hyperref Info: Backreferencing ON on input line 4210.
Package hyperref Info: Implicit mode ON; LaTeX internals redefined.
Package hyperref Info: Bookmarks ON on input line 4445.

(/usr/share/texlive/texmf-dist/tex/latex/hyperref/backref.sty
Package: backref 2021/02/04 v1.41 Bibliographical back referencing

(/usr/share/texlive/texmf-dist/tex/latex/rerunfilecheck/rerunfilecheck.sty
Package: rerunfilecheck 2019/12/05 v1.9 Rerun checks for auxiliary files (HO)

(/usr/share/texlive/texmf-dist/tex/latex/base/atveryend-ltx.sty
Package: atveryend-ltx 2020/08/19 v1.0a Emulation of the original atveryend pac
kage
with kernel methods
)
(/usr/share/texlive/texmf-dist/tex/generic/uniquecounter/uniquecounter.sty
Package: uniquecounter 2019/12/15 v1.4 Provide unlimited unique counter (HO)

(/usr/share/texlive/texmf-dist/tex/generic/bigintcalc/bigintcalc.sty
Package: bigintcalc 2019/12/15 v1.5 Expandable calculations on big integers (HO
)
))
Package uniquecounter Info: New unique counter `rerunfilecheck' on input line 2
86.
))
\c@Hy@tempcnt=\count309

(/usr/share/texlive/texmf-dist/tex/latex/url/url.sty
\Urlmuskip=\muskip16
Package: url 2013/09/16  ver 3.4  Verb mode for urls, etc.
)
LaTeX Info: Redefining \url on input line 4804.
\XeTeXLinkMargin=\dimen196

(/usr/share/texlive/texmf-dist/tex/generic/bitset/bitset.sty
Package: bitset 2019/12/09 v1.3 Handle bit-vector datatype (HO)
)
\Fld@menulength=\count310
\Field@Width=\dimen197
\Fld@charsize=\dimen198
Package hyperref Info: Hyper figures OFF on input line 6076.
Package hyperref Info: Link nesting OFF on input line 6081.
Package hyperref Info: Hyper index ON on input line 6084.
Package hyperref Info: backreferencing ON on input line 6089.
Package hyperref Info: Link coloring OFF on input line 6096.
Package hyperref Info: Link coloring with OCG OFF on input line 6101.
Package hyperref Info: PDF/A mode OFF on input line 6106.
LaTeX Info: Redefining \ref on input line 6146.
LaTeX Info: Redefining \pageref on input line 6150.

(/usr/share/texlive/texmf-dist/tex/latex/base/atbegshi-ltx.sty
Package: atbegshi-ltx 2021/01/10 v1.0c Emulation of the original atbegshi
package with kernel methods
)
\Hy@abspage=\count311
\c@Item=\count312
\c@Hfootnote=\count313


LaTeX Warning: Command \LT@p@ftntext  has changed.
               Check if current package is valid.

)
Package hyperref Info: Driver: hpdftex.
 (/usr/share/texlive/texmf-dist/tex/latex/hyperref/hpdftex.def
File: hpdftex.def 2021-06-07 v7.00m Hyperref driver for pdfTeX
\Fld@listcount=\count314
\c@bookmark@seq@number=\count315
\Hy@SectionHShift=\skip126
)
Package hyperref Info: Option `colorlinks' set `true' on input line 134.
Package hyperref Info: Option `unicode' set `true' on input line 134.

(/usr/share/texlive/texmf-dist/tex/latex/caption/caption.sty
Package: caption 2020/10/26 v3.5g Customizing captions (AR)

(/usr/share/texlive/texmf-dist/tex/latex/caption/caption3.sty
Package: caption3 2020/10/21 v2.2e caption3 kernel (AR)
\captionmargin=\dimen199
\captionmargin@=\dimen256
\captionwidth=\dimen257
\caption@tempdima=\dimen258
\caption@indent=\dimen259
\caption@parindent=\dimen260
\caption@hangindent=\dimen261
Package caption Info: Standard document class detected.
)
\c@caption@flags=\count316
\c@continuedfloat=\count317
Package caption Info: float package is loaded.
Package caption Info: hyperref package is loaded.
Package caption Info: longtable package is loaded.

(/usr/share/texlive/texmf-dist/tex/latex/caption/ltcaption.sty
Package: ltcaption 2020/05/30 v1.4b longtable captions (AR)
))
(/usr/share/texlive/texmf-dist/tex/latex/etoc/etoc.sty
Package: etoc 2021/09/23 v1.09e Completely customisable TOCs (JFB)
\Etoc@toctoks=\toks34
\c@etoc@tocid=\count318
\c@etoc@tocdepth=\count319
\etoc@framed@titlebox=\box118
\etoc@framed@contentsbox=\box119
)
LaTeX Font Info:    Trying to load font information for T1+phv on input line 14
9.

(/usr/share/texlive/texmf-dist/tex/latex/psnfss/t1phv.fd
File: t1phv.fd 2020/03/25 scalable font definitions for T1/phv.
)
LaTeX Font Info:    Font shape `T1/phv/m/n' will be
(Font)              scaled to size 8.99994pt on input line 149.

(/usr/share/texlive/texmf-dist/tex/latex/l3backend/l3backend-pdftex.def
File: l3backend-pdftex.def 2022-01-12 L3 backend support: PDF output (pdfTeX)
\l__color_backend_stack_int=\count320
\l__pdf_internal_box=\box120
)
(./refman.aux)
\openout1 = `refman.aux'.

LaTeX Font Info:    Checking defaults for OML/cmm/m/it on input line 149.
LaTeX Font Info:    ... okay on input line 149.
LaTeX Font Info:    Checking defaults for OMS/cmsy/m/n on input line 149.
LaTeX Font Info:    ... okay on input line 149.
LaTeX Font Info:    Checking defaults for OT1/cmr/m/n on input line 149.
LaTeX Font Info:    ... okay on input line 149.
LaTeX Font Info:    Checking defaults for T1/cmr/m/n on input line 149.
LaTeX Font Info:    ... okay on input line 149.
LaTeX Font Info:    Checking defaults for TS1/cmr/m/n on input line 149.
LaTeX Font Info:    ... okay on input line 149.
LaTeX Font Info:    Checking defaults for OMX/cmex/m/n on input line 149.
LaTeX Font Info:    ... okay on input line 149.
LaTeX Font Info:    Checking defaults for U/cmr/m/n on input line 149.
LaTeX Font Info:    ... okay on input line 149.
LaTeX Font Info:    Checking defaults for PD1/pdf/m/n on input line 149.
LaTeX Font Info:    ... okay on input line 149.
LaTeX Font Info:    Checking defaults for PU/pdf/m/n on input line 149.
LaTeX Font Info:    ... okay on input line 149.

(/usr/share/texlive/texmf-dist/tex/context/base/mkii/supp-pdf.mkii
[Loading MPS to PDF converter (version 2006.09.02).]
\scratchcounter=\count321
\scratchdimen=\dimen262
\scratchbox=\box121
\nofMPsegments=\count322
\nofMParguments=\count323
\everyMPshowfont=\toks35
\MPscratchCnt=\count324
\MPscratchDim=\dimen263
\MPnumerator=\count325
\makeMPintoPDFobject=\count326
\everyMPtoPDFconversion=\toks36
) (/usr/share/texlive/texmf-dist/tex/latex/epstopdf-pkg/epstopdf-base.sty
Package: epstopdf-base 2020-01-24 v2.11 Base part for package epstopdf
Package epstopdf-base Info: Redefining graphics rule for `.eps' on input line 4
85.

(/usr/share/texlive/texmf-dist/tex/latex/latexconfig/epstopdf-sys.cfg
File: epstopdf-sys.cfg 2010/07/13 v1.3 Configuration of (r)epstopdf for TeX Liv
e
))
*geometry* driver: auto-detecting
*geometry* detected driver: pdftex
*geometry* verbose mode - [ preamble ] result:
* driver: pdftex
* paper: a4paper
* layout: <same size as paper>
* layoutoffset:(h,v)=(0.0pt,0.0pt)
* modes: twoside 
* h-part:(L,W,R)=(71.13188pt, 455.24411pt, 71.13188pt)
* v-part:(T,H,B)=(71.13188pt, 702.78308pt, 71.13188pt)
* \paperwidth=597.50787pt
* \paperheight=845.04684pt
* \textwidth=455.24411pt
* \textheight=702.78308pt
* \oddsidemargin=-1.1381pt
* \evensidemargin=-1.1381pt
* \topmargin=-31.2056pt
* \headheight=12.0pt
* \headsep=18.06749pt
* \topskip=10.0pt
* \footskip=25.29494pt
* \marginparwidth=125.0pt
* \marginparsep=7.0pt
* \columnsep=10.0pt
* \skip\footins=9.0pt plus 4.0pt minus 2.0pt
* \hoffset=0.0pt
* \voffset=0.0pt
* \mag=1000
* \@twocolumnfalse
* \@twosidetrue
* \@mparswitchtrue
* \@reversemarginfalse
* (1in=72.27pt=25.4mm, 1cm=28.453pt)

Package hyperref Info: Link coloring ON on input line 149.
(/usr/share/texlive/texmf-dist/tex/latex/hyperref/nameref.sty
Package: nameref 2021-04-02 v2.47 Cross-referencing by name of section

(/usr/share/texlive/texmf-dist/tex/latex/refcount/refcount.sty
Package: refcount 2019/12/15 v3.6 Data extraction from label references (HO)
)
(/usr/share/texlive/texmf-dist/tex/generic/gettitlestring/gettitlestring.sty
Package: gettitlestring 2019/12/15 v1.6 Cleanup title references (HO)
)
\c@section@level=\count327
)
LaTeX Info: Redefining \ref on input line 149.
LaTeX Info: Redefining \pageref on input line 149.
LaTeX Info: Redefining \nameref on input line 149.

(./refman.out) (./refman.out)
\@outlinefile=\write5
\openout5 = `refman.out'.

Package backref Info: ** backref set up for natbib ** on input line 149.
Package caption Info: Begin \AtBeginDocument code.
Package caption Info: End \AtBeginDocument code.
\Etoc@tf=\read4
Package hyperref Info: Option `pageanchor' set `false' on input line 156.
Package hyperref Info: Option `bookmarksnumbered' set `true' on input line 156.

Package hyperref Info: Option `unicode' set `true' on input line 156.
LaTeX Font Info:    Font shape `T1/phv/m/n' will be
(Font)              scaled to size 12.9599pt on input line 161.
LaTeX Font Info:    Font shape `T1/phv/m/n' will be
(Font)              scaled to size 10.79993pt on input line 163.
 [1


{/var/lib/texmf/fonts/map/pdftex/updmap/pdftex.map}] [2

]
\tf@toc=\write6
\openout6 = `refman.toc'.

LaTeX Font Info:    Font shape `T1/phv/b/n' will be
(Font)              scaled to size 8.99994pt on input line 169.
LaTeX Font Info:    Trying to load font information for U+msa on input line 169
.
 (/usr/share/texlive/texmf-dist/tex/latex/amsfonts/umsa.fd
File: umsa.fd 2013/01/14 v3.01 AMS symbols A
)
LaTeX Font Info:    Trying to load font information for U+msb on input line 169
.

(/usr/share/texlive/texmf-dist/tex/latex/amsfonts/umsb.fd
File: umsb.fd 2013/01/14 v3.01 AMS symbols B
)
LaTeX Font Info:    Trying to load font information for U+wasy on input line 16
9.

(/usr/share/texlive/texmf-dist/tex/latex/wasysym/uwasy.fd
File: uwasy.fd 2020/01/19 v2.4 Wasy-2 symbol font definitions
)
LaTeX Font Info:    Font shape `T1/phv/m/n' will be
(Font)              scaled to size 6.29996pt on input line 169.
LaTeX Font Info:    Font shape `T1/phv/b/n' will be
(Font)              scaled to size 6.29996pt on input line 169.
 [1] [2] [3] [4]
[5] [6] [7] [8] [9] [10]
Package hyperref Info: Option `pageanchor' set `true' on input line 171.

Chapter 1.
LaTeX Font Info:    Font shape `T1/phv/m/n' will be
(Font)              scaled to size 18.66588pt on input line 174.
LaTeX Font Info:    Font shape `T1/phv/b/n' will be
(Font)              scaled to size 18.66588pt on input line 174.
LaTeX Font Info:    Font shape `T1/phv/bc/n' will be
(Font)              scaled to size 18.66588pt on input line 174.
LaTeX Font Info:    Font shape `T1/phv/m/n' will be
(Font)              scaled to size 22.39185pt on input line 174.
LaTeX Font Info:    Font shape `T1/phv/b/n' will be
(Font)              scaled to size 22.39185pt on input line 174.
LaTeX Font Info:    Font shape `T1/phv/bc/n' will be
(Font)              scaled to size 22.39185pt on input line 174.
(./annotated.tex
LaTeX Font Info:    Font shape `T1/phv/b/n' will be
(Font)              scaled to size 12.9599pt on input line 1.
) [1


] [2

]
Chapter 2.
(./files.tex) [3] [4

]
Chapter 3.
(./structCurve.tex
LaTeX Font Info:    Trying to load font information for T1+pcr on input line 5.

 (/usr/share/texlive/texmf-dist/tex/latex/psnfss/t1pcr.fd
File: t1pcr.fd 2001/06/04 font definitions for T1/pcr.
) <./structCurve__coll__graph.pdf

pdfTeX warning: pdflatex (file ./structCurve__coll__graph.pdf): PDF inclusion: 
multiple pdfs with page group included in a single page
>
<structCurve__coll__graph.pdf, id=2076, 152.57pt x 167.62625pt>
File: structCurve__coll__graph.pdf Graphic file (type pdf)
<use structCurve__coll__graph.pdf>
Package pdftex.def Info: structCurve__coll__graph.pdf  used on input line 14.
(pdftex.def)             Requested size: 152.0pt x 167.00684pt.
LaTeX Font Info:    Font shape `T1/phv/b/n' will be
(Font)              scaled to size 10.79993pt on input line 17.
LaTeX Font Info:    Trying to load font information for TS1+phv on input line 2
0.
 (/usr/share/texlive/texmf-dist/tex/latex/psnfss/ts1phv.fd
File: ts1phv.fd 2020/03/25 scalable font definitions for TS1/phv.
)
LaTeX Font Info:    Font shape `TS1/phv/m/n' will be
(Font)              scaled to size 8.99994pt on input line 20.
LaTeX Font Info:    Font shape `T1/phv/m/n' will be
(Font)              scaled to size 7.19995pt on input line 42.
 [5])
(./structCurve__ada.tex <./structCurve__ada__coll__graph.pdf>
<structCurve__ada__coll__graph.pdf, id=2125, 163.61125pt x 234.8775pt>
File: structCurve__ada__coll__graph.pdf Graphic file (type pdf)
<use structCurve__ada__coll__graph.pdf>
Package pdftex.def Info: structCurve__ada__coll__graph.pdf  used on input line 
14.
(pdftex.def)             Requested size: 163.0pt x 233.99886pt.
 [6] [7])
(./structFigure.tex <./structFigure__coll__graph.pdf>
<structFigure__coll__graph.pdf, id=2178, 584.1825pt x 302.12875pt>
File: structFigure__coll__graph.pdf Graphic file (type pdf)
<use structFigure__coll__graph.pdf>
Package pdftex.def Info: structFigure__coll__graph.pdf  used on input line 14.
(pdftex.def)             Requested size: 350.0pt x 181.02048pt.
 [8]
Underfull \hbox (badness 10000) in paragraph at lines 106--107
[]\T1/phv/m/n/10 Referenced by [], [], [],
 []

[9]
Underfull \hbox (badness 10000) in paragraph at lines 120--121
[]\T1/phv/m/n/10 Referenced by [], [], [],
 []


Underfull \hbox (badness 10000) in paragraph at lines 134--135
[]\T1/phv/m/n/10 Referenced by [], [], [],
 []


Underfull \hbox (badness 10000) in paragraph at lines 148--149
[]\T1/phv/m/n/10 Referenced by [], [], [],
 []


Underfull \hbox (badness 10000) in paragraph at lines 162--163
[]\T1/phv/m/n/10 Referenced by [], [], [],
 []


Underfull \hbox (badness 10000) in paragraph at lines 176--177
[]\T1/phv/m/n/10 Referenced by [], [], [],
 []

[10]
Underfull \hbox (badness 10000) in paragraph at lines 190--191
[]\T1/phv/m/n/10 Referenced by [], [], [],
 []


Underfull \hbox (badness 10000) in paragraph at lines 204--205
[]\T1/phv/m/n/10 Referenced by [], [], [],
 []


Underfull \hbox (badness 10000) in paragraph at lines 218--219
[]\T1/phv/m/n/10 Referenced by [], [], [],
 []


Underfull \hbox (badness 10000) in paragraph at lines 232--233
[]\T1/phv/m/n/10 Referenced by [], [], [],
 []

[11]) (./structgame__state__t.tex <./structgame__state__t__coll__graph.pdf

pdfTeX warning: pdflatex (file ./structgame__state__t__coll__graph.pdf): PDF in
clusion: multiple pdfs with page group included in a single page
>
<structgame__state__t__coll__graph.pdf, id=2391, 460.72125pt x 167.62625pt>
File: structgame__state__t__coll__graph.pdf Graphic file (type pdf)
<use structgame__state__t__coll__graph.pdf>
Package pdftex.def Info: structgame__state__t__coll__graph.pdf  used on input l
ine 10.
(pdftex.def)             Requested size: 350.0pt x 127.34099pt.
 [12] [13] [14] [15] [16] [17]
Underfull \hbox (badness 2818) in paragraph at lines 418--419
[]\T1/phv/m/n/10 Referenced by [], [], [], [], [],
 []

[18]) (./structGrid.tex [19] <./structGrid__coll__graph.pdf

pdfTeX warning: pdflatex (file ./structGrid__coll__graph.pdf): PDF inclusion: m
ultiple pdfs with page group included in a single page
>
<structGrid__coll__graph.pdf, id=2697, 163.61125pt x 302.12875pt>
File: structGrid__coll__graph.pdf Graphic file (type pdf)
<use structGrid__coll__graph.pdf>
Package pdftex.def Info: structGrid__coll__graph.pdf  used on input line 14.
(pdftex.def)             Requested size: 163.0pt x 300.99852pt.
 [20] [21]) (./structMat2D.tex [22]
Underfull \hbox (badness 10000) in paragraph at lines 53--54
[]\T1/phv/m/n/10 , [], [], [],
 []


Overfull \hbox (17.02058pt too wide) in paragraph at lines 53--54
[]\T1/phv/m/n/10 , [], [], [], [],
 []


Overfull \hbox (18.21729pt too wide) in paragraph at lines 53--54
[]\T1/phv/m/n/10 , [], [], [], [],
 []


Overfull \hbox (43.04892pt too wide) in paragraph at lines 53--54
[]\T1/phv/m/n/10 , [], [], [], [], [],
 []

[23]
Underfull \hbox (badness 10000) in paragraph at lines 81--82
[]\T1/phv/m/n/10 , [], [], [], [],
 []


Underfull \hbox (badness 5274) in paragraph at lines 81--82
[]\T1/phv/m/n/10 , [], [], [], [],
 []


Overfull \hbox (57.86884pt too wide) in paragraph at lines 81--82
[]\T1/phv/m/n/10 , [], [], [],
 []


Underfull \hbox (badness 1701) in paragraph at lines 81--82
[]\T1/phv/m/n/10 , [], [], [], [], [],
 []


Overfull \hbox (33.74913pt too wide) in paragraph at lines 81--82
[]\T1/phv/m/n/10 , [], [], [],
 []


Underfull \hbox (badness 3049) in paragraph at lines 81--82
[]\T1/phv/m/n/10 , [], [], [], [],
 []

) (./structMat2D__Minor.tex [24] <./structMat2D__Minor__coll__graph.pdf

pdfTeX warning: pdflatex (file ./structMat2D__Minor__coll__graph.pdf): PDF incl
usion: multiple pdfs with page group included in a single page
>
<structMat2D__Minor__coll__graph.pdf, id=2965, 163.61125pt x 167.62625pt>
File: structMat2D__Minor__coll__graph.pdf Graphic file (type pdf)
<use structMat2D__Minor__coll__graph.pdf>
Package pdftex.def Info: structMat2D__Minor__coll__graph.pdf  used on input lin
e 19.
(pdftex.def)             Requested size: 163.0pt x 166.99916pt.

Overfull \hbox (40.28137pt too wide) in paragraph at lines 67--68
[]\T1/phv/m/n/10 Referenced by [], [], [],
 []

[25]
Overfull \hbox (20.6797pt too wide) in paragraph at lines 81--82
[]\T1/phv/m/n/10 Referenced by [], [], and []. 
 []


Overfull \hbox (40.28137pt too wide) in paragraph at lines 109--110
[]\T1/phv/m/n/10 Referenced by [], [], [],
 []


Overfull \hbox (20.6797pt too wide) in paragraph at lines 123--124
[]\T1/phv/m/n/10 Referenced by [], [], and []. 
 []

) (./structMat2D__uint32.tex [26]
Overfull \hbox (37.61046pt too wide) in paragraph at lines 53--54
[]\T1/phv/m/n/10 Referenced by [], [], [], [],
 []


Overfull \hbox (122.35379pt too wide) in paragraph at lines 53--54
[]\T1/phv/m/n/10 , [], [], [], [],
 []


Overfull \hbox (80.35652pt too wide) in paragraph at lines 53--54
[]\T1/phv/m/n/10 , [], [],
 []


Overfull \hbox (46.53096pt too wide) in paragraph at lines 53--54
[]\T1/phv/m/n/10 , [], [], [], [],
 []

[27]
Overfull \hbox (37.61046pt too wide) in paragraph at lines 81--82
[]\T1/phv/m/n/10 Referenced by [], [], [], [],
 []


Overfull \hbox (89.06383pt too wide) in paragraph at lines 81--82
[]\T1/phv/m/n/10 , [], [], [], [],
 []


Overfull \hbox (66.605pt too wide) in paragraph at lines 81--82
[]\T1/phv/m/n/10 , [], [],
 []


Underfull \hbox (badness 10000) in paragraph at lines 81--82
[]\T1/phv/m/n/10 , [], [],
 []

) (./structOffset__zoom__param.tex [28] [29]) (./structPoint.tex
Overfull \hbox (97.6296pt too wide) in paragraph at lines 40--41
[]\T1/phv/m/n/10 Referenced by [], [], [], [],
 []


Overfull \hbox (66.605pt too wide) in paragraph at lines 40--41
[]\T1/phv/m/n/10 , [], [],
 []


Underfull \hbox (badness 10000) in paragraph at lines 54--55
[]\T1/phv/m/n/10 Referenced by [], [], [],
 []


Overfull \hbox (24.8482pt too wide) in paragraph at lines 54--55
[]\T1/phv/m/n/10 , [], [], [],
 []

[30]
Underfull \hbox (badness 10000) in paragraph at lines 68--69
[]\T1/phv/m/n/10 Referenced by [], [], [],
 []


Overfull \hbox (24.8482pt too wide) in paragraph at lines 68--69
[]\T1/phv/m/n/10 , [], [], [],
 []


Overfull \hbox (97.6296pt too wide) in paragraph at lines 82--83
[]\T1/phv/m/n/10 Referenced by [], [], [], [],
 []


Overfull \hbox (66.605pt too wide) in paragraph at lines 82--83
[]\T1/phv/m/n/10 , [], [],
 []

) (./structQuad.tex <./structQuad__coll__graph.pdf

pdfTeX warning: pdflatex (file ./structQuad__coll__graph.pdf): PDF inclusion: m
ultiple pdfs with page group included in a single page
>
<structQuad__coll__graph.pdf, id=3247, 144.54pt x 178.6675pt>
File: structQuad__coll__graph.pdf Graphic file (type pdf)
<use structQuad__coll__graph.pdf>
Package pdftex.def Info: structQuad__coll__graph.pdf  used on input line 14.
(pdftex.def)             Requested size: 144.0pt x 178.01003pt.
 [31]
Overfull \hbox (47.84259pt too wide) in paragraph at lines 66--67
[]\T1/phv/m/n/10 Referenced by [], [], [], [],
 []

[32]
Overfull \hbox (119.62703pt too wide) in paragraph at lines 90--91
[]\T1/phv/m/n/10 Referenced by [], [], [], [], [],
 []

) (./structQuad__mesh.tex <./structQuad__mesh__coll__graph.pdf>
<structQuad__mesh__coll__graph.pdf, id=3328, 166.6225pt x 245.91875pt>
File: structQuad__mesh__coll__graph.pdf Graphic file (type pdf)
<use structQuad__mesh__coll__graph.pdf>
Package pdftex.def Info: structQuad__mesh__coll__graph.pdf  used on input line 
14.
(pdftex.def)             Requested size: 166.0pt x 245.01755pt.
 [33]
Underfull \hbox (badness 4927) in paragraph at lines 58--59
[]\T1/phv/m/n/10 Referenced by [], [], [], and
 []

[34]
Underfull \hbox (badness 4927) in paragraph at lines 72--73
[]\T1/phv/m/n/10 Referenced by [], [], [], and
 []

) (./structTri.tex <./structTri__coll__graph.pdf>
<structTri__coll__graph.pdf, id=3383, 153.57375pt x 189.70876pt>
File: structTri__coll__graph.pdf Graphic file (type pdf)
<use structTri__coll__graph.pdf>
Package pdftex.def Info: structTri__coll__graph.pdf  used on input line 14.
(pdftex.def)             Requested size: 153.0pt x 189.01065pt.
 [35]
Overfull \hbox (55.20396pt too wide) in paragraph at lines 92--93
[]\T1/phv/m/n/10 Referenced by [], [], [], [],
 []

[36]
Overfull \hbox (136.22974pt too wide) in paragraph at lines 116--117
[]\T1/phv/m/n/10 Referenced by [], [], [], [],
 []

) (./structTri__mesh.tex <./structTri__mesh__coll__graph.pdf

pdfTeX warning: pdflatex (file ./structTri__mesh__coll__graph.pdf): PDF inclusi
on: multiple pdfs with page group included in a single page
>
<structTri__mesh__coll__graph.pdf, id=3462, 162.6075pt x 256.96pt>
File: structTri__mesh__coll__graph.pdf Graphic file (type pdf)
<use structTri__mesh__coll__graph.pdf>
Package pdftex.def Info: structTri__mesh__coll__graph.pdf  used on input line 1
4.
(pdftex.def)             Requested size: 162.0pt x 256.01834pt.
 [37]
Overfull \hbox (71.54636pt too wide) in paragraph at lines 58--59
[]\T1/phv/m/n/10 Referenced by [], [], [],
 []


Overfull \hbox (71.54636pt too wide) in paragraph at lines 72--73
[]\T1/phv/m/n/10 Referenced by [], [], [],
 []

) [38]
Chapter 4.
(./Almog__Draw__Library_8h.tex <./Almog__Draw__Library_8h__incl.pdf

pdfTeX warning: pdflatex (file ./Almog__Draw__Library_8h__incl.pdf): PDF inclus
ion: multiple pdfs with page group included in a single page
>
<Almog__Draw__Library_8h__incl.pdf, id=3520, 764.8575pt x 212.795pt>
File: Almog__Draw__Library_8h__incl.pdf Graphic file (type pdf)
<use Almog__Draw__Library_8h__incl.pdf>
Package pdftex.def Info: Almog__Draw__Library_8h__incl.pdf  used on input line 
21.
(pdftex.def)             Requested size: 350.0pt x 97.37386pt.
 <./Almog__Draw__Library_8h__dep__incl.pdf

pdfTeX warning: pdflatex (file ./Almog__Draw__Library_8h__dep__incl.pdf): PDF i
nclusion: multiple pdfs with page group included in a single page
>
<Almog__Draw__Library_8h__dep__incl.pdf, id=3535, 231.86626pt x 212.795pt>
File: Almog__Draw__Library_8h__dep__incl.pdf Graphic file (type pdf)
<use Almog__Draw__Library_8h__dep__incl.pdf>
Package pdftex.def Info: Almog__Draw__Library_8h__dep__incl.pdf  used on input 
line 29.
(pdftex.def)             Requested size: 231.0pt x 212.00543pt.
 [39

]
Underfull \hbox (badness 2922) in paragraph at lines 76--78
[]\T1/phv/m/n/10 #define [](x, r, g, b) r = ((x)$\OML/cmm/m/it/10 >$$>$\T1/phv/
m/n/10 (8$\OMS/cmsy/m/n/10 ^^C$\T1/phv/m/n/10 2)&0x[]FF); g = ((x)$\OML/cmm/m/i
t/10 >$$>$\T1/phv/m/n/10 (8$\OMS/cmsy/m/n/10 ^^C$\T1/phv/m/n/10 1)&0x[]FF); b =

 []


Underfull \hbox (badness 870) in paragraph at lines 78--80
[]\T1/phv/m/n/10 #define [](x, r, g, b, a) r = ((x)$\OML/cmm/m/it/10 >$$>$\T1/p
hv/m/n/10 (8$\OMS/cmsy/m/n/10 ^^C$\T1/phv/m/n/10 2)&0x[]FF); g = ((x)$\OML/cmm/
m/it/10 >$$>$\T1/phv/m/n/10 (8$\OMS/cmsy/m/n/10 ^^C$\T1/phv/m/n/10 1)&0x[]FF); 
b =
 []


Underfull \hbox (badness 4505) in paragraph at lines 82--84
[]\T1/phv/m/n/10 #define [](r, g, b, a) (int)(0x01000000l$\OMS/cmsy/m/n/10 ^^C$
\T1/phv/m/n/10 (int)(fminf(a, 255)) + 0x010000$\OMS/cmsy/m/n/10 ^^C$\T1/phv/m/n
/10 (int)(r) +
 []

[40]
LaTeX Font Info:    Font shape `T1/phv/m/n' will be
(Font)              scaled to size 8.09995pt on input line 142.
LaTeX Font Info:    Font shape `T1/phv/m/it' in size <9> not available
(Font)              Font shape `T1/phv/m/sl' tried instead on input line 142.
LaTeX Font Info:    Font shape `T1/phv/m/sl' will be
(Font)              scaled to size 8.09995pt on input line 142.
 [41]
Underfull \hbox (badness 3271) in paragraph at lines 159--160
[]\T1/phv/m/n/10 void [] ([] screen[]_[]mat, [] inv[]_[]z[]_[]buffer, [] quad, 
uint32[]_[]t color,
 []


Underfull \hbox (badness 6078) in paragraph at lines 161--162
[]\T1/phv/m/n/10 void [] ([] screen[]_[]mat, [] inv[]_[]z[]_[]buffer, [] quad, 
uint32[]_[]t color,
 []


Underfull \hbox (badness 1675) in paragraph at lines 167--168
[]\T1/phv/m/n/10 void [] ([] screen[]_[]mat, [] inv[]_[]z[]_[]buffer[]_[]mat, [
] mesh,
 []


Underfull \hbox (badness 10000) in paragraph at lines 171--172
[]\T1/phv/m/n/10 void [] ([] screen[]_[]mat, [] inv[]_[]z[]_[]buffer[]_[]mat,
 []


Underfull \hbox (badness 1436) in paragraph at lines 177--178
[]\T1/phv/m/n/10 void [] ([] screen[]_[]mat, float center[]_[]x, float center[]
_[]y, float r, uint32[]_[]t color,
 []

LaTeX Font Info:    Font shape `TS1/phv/m/it' in size <9> not available
(Font)              Font shape `TS1/phv/m/sl' tried instead on input line 182.
LaTeX Font Info:    Font shape `TS1/phv/m/sl' will be
(Font)              scaled to size 8.09995pt on input line 182.
[42]
LaTeX Font Info:    Font shape `T1/phv/m/it' in size <7> not available
(Font)              Font shape `T1/phv/m/sl' tried instead on input line 202.
LaTeX Font Info:    Font shape `T1/phv/m/sl' will be
(Font)              scaled to size 6.29996pt on input line 202.
 [43]
LaTeX Font Info:    Font shape `T1/pcr/m/it' in size <8> not available
(Font)              Font shape `T1/pcr/m/sl' tried instead on input line 265.
 [44] [45] [46]
LaTeX Font Info:    Font shape `T1/pcr/m/it' in size <7> not available
(Font)              Font shape `T1/pcr/m/sl' tried instead on input line 440.
 [47]
Underfull \hbox (badness 10000) in paragraph at lines 536--537
|   \T1/pcr/m/sl/8 a \T1/pcr/m/n/8 ) r = ((x)$\OML/cmm/m/it/8 >$$>$\T1/pcr/m/n/
8 (8$\OMS/cmsy/m/n/8 ^^C$\T1/pcr/m/n/8 2)&0x[]FF); g = ((x)$\OML/cmm/m/it/8 >$$
>$\T1/pcr/m/n/8 (8$\OMS/cmsy/m/n/8 ^^C$\T1/pcr/m/n/8 1)&0x[]FF); b = ((x)$\OML/
cmm/m/it/8 >$$>$\T1/pcr/m/n/8 (8$\OMS/cmsy/m/n/8 ^^C$\T1/pcr/m/n/8 0)&0x[]FF); 
a =
 []

[48] [49] [50] [51]
Overfull \hbox (111.50946pt too wide) in paragraph at lines 712--713
[]\T1/phv/m/n/10 , [], [], [], [],
 []


Underfull \hbox (badness 7851) in paragraph at lines 712--713
[]\T1/phv/m/n/10 , [], [], [], [],
 []


Underfull \hbox (badness 1122) in paragraph at lines 712--713
[]\T1/phv/m/n/10 , [], [], [], [], [],
 []


Overfull \hbox (17.013pt too wide) in paragraph at lines 712--713
[]\T1/phv/m/n/10 , [], [], [], [], [],
 []


Overfull \hbox (40.4756pt too wide) in paragraph at lines 712--713
[]\T1/phv/m/n/10 , [], [], [], [], [],
 []


Underfull \hbox (badness 10000) detected at line 726
[][][]
 []


Overfull \vbox (75.04384pt too high) has occurred while \output is active []


[52]
Overfull \hbox (110.77057pt too wide) in paragraph at lines 785--786
[]\T1/phv/m/n/10 References [], [], [], [],
 []


Underfull \hbox (badness 1838) in paragraph at lines 785--786
[]\T1/phv/m/n/10 , [], [], [],
 []

[53]
Underfull \hbox (badness 10000) detected at line 822
[][][]
 []


Underfull \hbox (badness 2368) in paragraph at lines 831--832
[]\T1/phv/m/n/10 References [], [], [], [], [], [], [],
 []


Underfull \hbox (badness 1552) in paragraph at lines 831--832
[]\T1/phv/m/n/10 , [], [], [], [], [], [],
 []

[54] [55] [56]
Underfull \hbox (badness 2134) in paragraph at lines 1002--1003
[]\T1/phv/m/n/10 , [], [], [], [], [],
 []


Underfull \hbox (badness 2318) in paragraph at lines 1002--1003
[]\T1/phv/m/n/10 , [], [], [], [],
 []


Underfull \hbox (badness 10000) detected at line 1029
[][][]
 []


Underfull \hbox (badness 10000) in paragraph at lines 1038--1039
[]\T1/phv/m/n/10 References [], [], [], [],
 []


Underfull \hbox (badness 4647) in paragraph at lines 1038--1039
[]\T1/phv/m/n/10 , [], [], [],
 []


Overfull \hbox (15.62698pt too wide) in paragraph at lines 1038--1039
[]\T1/phv/m/n/10 , [], [], [], [], [],
 []


Underfull \hbox (badness 2134) in paragraph at lines 1038--1039
[]\T1/phv/m/n/10 , [], [], [], [], [],
 []

[57]
Underfull \hbox (badness 10000) in paragraph at lines 1102--1103
[]\T1/phv/m/n/10 References [], [], [], [], [], and
 []

[58] [59]
Overfull \hbox (28.69322pt too wide) in paragraph at lines 1176--1177
[]\T1/phv/m/n/10 References [], [], [], [], [],
 []


Underfull \hbox (badness 10000) in paragraph at lines 1180--1181
[]\T1/phv/m/n/10 Referenced by [], [], [], [],
 []


Underfull \hbox (badness 10000) detected at line 1205
[][][]
 []

[60] [61] [62]
Underfull \hbox (badness 10000) in paragraph at lines 1381--1382
[]\T1/phv/m/n/10 , [], [], [], [],
 []

[63]
Underfull \hbox (badness 1990) in paragraph at lines 1488--1489
[]\T1/phv/m/n/10 References [], [], [], [],
 []


Overfull \hbox (52.85347pt too wide) in paragraph at lines 1492--1493
[]\T1/phv/m/n/10 , [], [],
 []

[64] [65] [66]
Underfull \hbox (badness 6792) in paragraph at lines 1634--1635
[]\T1/phv/m/n/10 References [], [], [], [], [],
 []

[67]
Underfull \hbox (badness 5431) in paragraph at lines 1708--1709
[]\T1/phv/m/n/10 References [], [], [], [], and
 []


Underfull \hbox (badness 10000) in paragraph at lines 1741--1742
[]\T1/phv/m/n/10 References [], [], [], [], and
 []

[68]
Underfull \hbox (badness 5711) in paragraph at lines 1772--1773
[]\T1/phv/m/n/10 References [], [], [],
 []

[69]
Underfull \hbox (badness 1184) in paragraph at lines 1805--1806
[]\T1/phv/m/n/10 References [], [], [],
 []

[70] [71]
Underfull \hbox (badness 10000) detected at line 1953
[][][]
 []

[72]
Underfull \hbox (badness 5504) in paragraph at lines 2032--2033
[]\T1/phv/m/n/10 References [], [], [], [], [],
 []


Underfull \hbox (badness 1442) in paragraph at lines 2032--2033
[]\T1/phv/m/n/10 , [], [], [], [], [], [],
 []

[73]
Underfull \hbox (badness 6775) in paragraph at lines 2067--2068
[]\T1/phv/m/n/10 References [], [], [], [], [],
 []


Underfull \hbox (badness 5504) in paragraph at lines 2104--2105
[]\T1/phv/m/n/10 References [], [], [], [], [],
 []


Underfull \hbox (badness 1442) in paragraph at lines 2104--2105
[]\T1/phv/m/n/10 , [], [], [], [], [], [],
 []

[74]
Underfull \hbox (badness 10000) in paragraph at lines 2172--2173
[]\T1/phv/m/n/10 References [], [], [], [],
 []

[75]
Underfull \hbox (badness 10000) in paragraph at lines 2205--2206
[]\T1/phv/m/n/10 References [], [], [],
 []


Underfull \hbox (badness 10000) in paragraph at lines 2238--2239
[]\T1/phv/m/n/10 References [], [], [],
 []

) (./Almog__Draw__Library_8h_source.tex [76] [77] [78] [79] [80] [81] [82]
[83] [84] [85] [86] [87] [88] [89] [90] [91] [92] [93] [94] [95] [96] [97]
[98] [99] [100] [101] [102] [103] [104] [105]) (./Almog__Dynamic__Array_8h.tex 
<./Almog__Dynamic__Array_8h__incl.pdf

pdfTeX warning: pdflatex (file ./Almog__Dynamic__Array_8h__incl.pdf): PDF inclu
sion: multiple pdfs with page group included in a single page
>
<Almog__Dynamic__Array_8h__incl.pdf, id=7259, 216.81pt x 156.585pt>
File: Almog__Dynamic__Array_8h__incl.pdf Graphic file (type pdf)
<use Almog__Dynamic__Array_8h__incl.pdf>
Package pdftex.def Info: Almog__Dynamic__Array_8h__incl.pdf  used on input line
 15.
(pdftex.def)             Requested size: 216.0pt x 156.00879pt.
 <./Almog__Dynamic__Array_8h__dep__incl.pdf

pdfTeX warning: pdflatex (file ./Almog__Dynamic__Array_8h__dep__incl.pdf): PDF 
inclusion: multiple pdfs with page group included in a single page
>
<Almog__Dynamic__Array_8h__dep__incl.pdf, id=7267, 231.86626pt x 269.005pt>
File: Almog__Dynamic__Array_8h__dep__incl.pdf Graphic file (type pdf)
<use Almog__Dynamic__Array_8h__dep__incl.pdf>
Package pdftex.def Info: Almog__Dynamic__Array_8h__dep__incl.pdf  used on input
 line 23.
(pdftex.def)             Requested size: 231.0pt x 268.00688pt.
 [106] [107] [108]
Underfull \hbox (badness 10000) detected at line 125
[][][]
 []


Underfull \hbox (badness 10000) detected at line 128
[][][]
 []

[109]
Underfull \hbox (badness 10000) detected at line 176
[][][]
 []


Underfull \hbox (badness 10000) detected at line 179
[][][]
 []


Underfull \hbox (badness 10000) detected at line 182
[][][]
 []

[110]
Underfull \hbox (badness 10000) detected at line 237
[][][]
 []


Underfull \hbox (badness 10000) detected at line 242
[][][]
 []


Underfull \hbox (badness 10000) detected at line 245
[][][]
 []


Overfull \vbox (30.6489pt too high) has occurred while \output is active []


[111]
Underfull \hbox (badness 10000) detected at line 289
[][][]
 []


Underfull \hbox (badness 10000) detected at line 292
[][][]
 []

[112]
Underfull \hbox (badness 10000) detected at line 358
[][][]
 []


Underfull \hbox (badness 10000) detected at line 361
[][][]
 []


Underfull \hbox (badness 10000) detected at line 397
[][][]
 []


Underfull \hbox (badness 10000) detected at line 400
[][][]
 []

[113]
Underfull \hbox (badness 10000) detected at line 439
[][][]
 []


Underfull \hbox (badness 10000) detected at line 442
[][][]
 []


Underfull \hbox (badness 10000) detected at line 445
[][][]
 []


Underfull \hbox (badness 10000) detected at line 448
[][][]
 []

) (./Almog__Dynamic__Array_8h_source.tex [114] [115]) (./display_8c.tex <./disp
lay_8c__incl.pdf

pdfTeX warning: pdflatex (file ./display_8c__incl.pdf): PDF inclusion: multiple
 pdfs with page group included in a single page
>
<display_8c__incl.pdf, id=7403, 888.31876pt x 269.005pt>
File: display_8c__incl.pdf Graphic file (type pdf)
<use display_8c__incl.pdf>
Package pdftex.def Info: display_8c__incl.pdf  used on input line 14.
(pdftex.def)             Requested size: 350.0pt x 105.98694pt.
 <./display_8c__dep__incl.pdf

pdfTeX warning: pdflatex (file ./display_8c__dep__incl.pdf): PDF inclusion: mul
tiple pdfs with page group included in a single page
>
<display_8c__dep__incl.pdf, id=7418, 222.8325pt x 156.585pt>
File: display_8c__dep__incl.pdf Graphic file (type pdf)
<use display_8c__dep__incl.pdf>
Package pdftex.def Info: display_8c__dep__incl.pdf  used on input line 22.
(pdftex.def)             Requested size: 222.0pt x 156.00162pt.
 [116] [117] [118] [119]
Underfull \hbox (badness 10000) in paragraph at lines 224--225
[]\T1/phv/m/n/10 References [], [], [], [],
 []


Underfull \hbox (badness 5533) in paragraph at lines 224--225
[]\T1/phv/m/n/10 , [], [], [], [],
 []

[120]
Overfull \hbox (52.45035pt too wide) in paragraph at lines 314--315
[]\T1/phv/m/n/10 References [], [], [], [],
 []


Underfull \hbox (badness 10000) in paragraph at lines 314--315
[]\T1/phv/m/n/10 , [], [], [], [],
 []


Overfull \hbox (54.01624pt too wide) in paragraph at lines 314--315
[]\T1/phv/m/n/10 , [], [], [],
 []


Overfull \hbox (67.0323pt too wide) in paragraph at lines 314--315
[]\T1/phv/m/n/10 , [], [], [], [],
 []


Overfull \hbox (18.77289pt too wide) in paragraph at lines 314--315
[]\T1/phv/m/n/10 , [], [], [],
 []


Overfull \hbox (44.70296pt too wide) in paragraph at lines 314--315
[]\T1/phv/m/n/10 , [], [], [], [],
 []


Overfull \hbox (83.64636pt too wide) in paragraph at lines 314--315
[]\T1/phv/m/n/10 , [], [], [], and []. 
 []


Overfull \hbox (67.43512pt too wide) in paragraph at lines 328--329
[]\T1/phv/m/n/10 References [], [], [], [],
 []


Overfull \hbox (120.14743pt too wide) in paragraph at lines 328--329
[]\T1/phv/m/n/10 , [], [], [],
 []

[121]
Overfull \hbox (19.12598pt too wide) in paragraph at lines 360--361
[]\T1/phv/m/n/10 References [], [], [], [], [],
 []


Overfull \hbox (38.87889pt too wide) in paragraph at lines 392--393
[]\T1/phv/m/n/10 , [], [], and []. 
 []

[122]
Overfull \hbox (25.73003pt too wide) in paragraph at lines 424--425
[]\T1/phv/m/n/10 References [], [], [], [],
 []


Underfull \hbox (badness 7722) in paragraph at lines 424--425
[]\T1/phv/m/n/10 , [], [], [], [],
 []

) (./display_8c_source.tex [123] [124] [125] [126]) (./example1_8c.tex <./examp
le1_8c__incl.pdf

pdfTeX warning: pdflatex (file ./example1_8c__incl.pdf): PDF inclusion: multipl
e pdfs with page group included in a single page
>
<example1_8c__incl.pdf, id=8078, 721.69624pt x 325.215pt>
File: example1_8c__incl.pdf Graphic file (type pdf)
<use example1_8c__incl.pdf>
Package pdftex.def Info: example1_8c__incl.pdf  used on input line 11.
(pdftex.def)             Requested size: 350.0pt x 157.71916pt.
 [127] [128]
Overfull \hbox (52.38846pt too wide) in paragraph at lines 115--116
[]\T1/phv/m/n/10 References [], [], [], [],
 []

[129] [130]) (./example1_8c_source.tex [131] [132]) (./Matrix2D_8h.tex <./Matri
x2D_8h__incl.pdf

pdfTeX warning: pdflatex (file ./Matrix2D_8h__incl.pdf): PDF inclusion: multipl
e pdfs with page group included in a single page
>
<Matrix2D_8h__incl.pdf, id=8468, 573.14125pt x 156.585pt>
File: Matrix2D_8h__incl.pdf Graphic file (type pdf)
<use Matrix2D_8h__incl.pdf>
Package pdftex.def Info: Matrix2D_8h__incl.pdf  used on input line 20.
(pdftex.def)             Requested size: 350.0pt x 95.62183pt.
 <./Matrix2D_8h__dep__incl.pdf

pdfTeX warning: pdflatex (file ./Matrix2D_8h__dep__incl.pdf): PDF inclusion: mu
ltiple pdfs with page group included in a single page
>
<Matrix2D_8h__dep__incl.pdf, id=8476, 266.9975pt x 269.005pt>
File: Matrix2D_8h__dep__incl.pdf Graphic file (type pdf)
<use Matrix2D_8h__dep__incl.pdf>
Package pdftex.def Info: Matrix2D_8h__dep__incl.pdf  used on input line 28.
(pdftex.def)             Requested size: 266.0pt x 268.0274pt.
 [133] [134] [135] [136]
Underfull \hbox (badness 10000) detected at line 193
[][][]
 []


Underfull \hbox (badness 10000) detected at line 196
[][][]
 []

[137]
Underfull \hbox (badness 10000) detected at line 230
[][][]
 []


Underfull \hbox (badness 10000) detected at line 247
[][][]
 []

[138] [139] [140]
Underfull \hbox (badness 10000) detected at line 382
[][][]
 []


Overfull \hbox (0.98067pt too wide) in paragraph at lines 3--3
[]\T1/phv/m/sl/10 des[] 
 []

[141] [142]
Underfull \hbox (badness 10000) detected at line 501
[][][]
 []


Underfull \hbox (badness 10000) detected at line 504
[][][]
 []


Underfull \hbox (badness 2005) in paragraph at lines 513--514
[]\T1/phv/m/n/10 References [], [], [], [], [], and
 []


Underfull \hbox (badness 10000) detected at line 536
[][][]
 []


Underfull \hbox (badness 10000) detected at line 539
[][][]
 []


Overfull \hbox (39.08798pt too wide) in paragraph at lines 548--549
[]\T1/phv/m/n/10 References [], [], [], [], [],
 []

[143]
Underfull \hbox (badness 10000) detected at line 569
[][][]
 []


Underfull \hbox (badness 10000) detected at line 599
[][][]
 []

[144]
Underfull \hbox (badness 10000) detected at line 631
[][][]
 []


Underfull \hbox (badness 10000) detected at line 671
[][][]
 []

[145]
Underfull \hbox (badness 10000) detected at line 701
[][][]
 []


Underfull \hbox (badness 10000) detected at line 727
[][][]
 []


Underfull \hbox (badness 1354) in paragraph at lines 736--737
[]\T1/phv/m/n/10 References [], [], [], [], [], [],
 []

[146]
Underfull \hbox (badness 10000) detected at line 757
[][][]
 []


Underfull \hbox (badness 10000) detected at line 783
[][][]
 []

[147]
Underfull \hbox (badness 10000) detected at line 817
[][][]
 []


Underfull \hbox (badness 10000) detected at line 820
[][][]
 []


Underfull \hbox (badness 10000) detected at line 852
[][][]
 []


Underfull \hbox (badness 10000) detected at line 855
[][][]
 []

[148]
Overfull \hbox (120.19322pt too wide) in paragraph at lines 893--894
[]\T1/phv/m/n/10 Referenced by [], [], [], and []. 
 []

[149]
Underfull \hbox (badness 10000) detected at line 966
[][][]
 []

[150]
Underfull \hbox (badness 10000) detected at line 996
[][][]
 []

[151]
Underfull \hbox (badness 10000) detected at line 1086
[][][]
 []


Underfull \hbox (badness 10000) detected at line 1089
[][][]
 []


Overfull \hbox (41.81535pt too wide) in paragraph at lines 1098--1099
[]\T1/phv/m/n/10 , [], [], [], [],
 []

[152]
Underfull \hbox (badness 10000) detected at line 1125
[][][]
 []


Overfull \hbox (47.6758pt too wide) in paragraph at lines 1134--1135
[]\T1/phv/m/n/10 References [], [], [], [], [], [],
 []


Underfull \hbox (badness 10000) detected at line 1155
[][][]
 []


Underfull \hbox (badness 10000) detected at line 1158
[][][]
 []


Underfull \hbox (badness 10000) detected at line 1161
[][][]
 []

[153]
Underfull \hbox (badness 10000) detected at line 1189
[][][]
 []


Underfull \hbox (badness 10000) detected at line 1219
[][][]
 []


Underfull \hbox (badness 10000) detected at line 1222
[][][]
 []

[154]
Underfull \hbox (badness 10000) detected at line 1252
[][][]
 []


Underfull \hbox (badness 10000) detected at line 1255
[][][]
 []


Overfull \hbox (40.17703pt too wide) in paragraph at lines 1264--1265
[]\T1/phv/m/n/10 References [], [], [], [], [],
 []


Underfull \hbox (badness 10000) detected at line 1285
[][][]
 []


Underfull \hbox (badness 10000) detected at line 1288
[][][]
 []


Underfull \hbox (badness 10000) in paragraph at lines 1297--1298
[]\T1/phv/m/n/10 References [], [], [],
 []

[155]
Underfull \hbox (badness 10000) detected at line 1314
[][][]
 []

[156] [157] [158]
Underfull \hbox (badness 10000) detected at line 1431
[][][]
 []


Underfull \hbox (badness 10000) detected at line 1434
[][][]
 []


Underfull \hbox (badness 10000) detected at line 1468
[][][]
 []


Underfull \hbox (badness 10000) detected at line 1471
[][][]
 []

[159] [160]
Underfull \hbox (badness 10000) detected at line 1555
[][][]
 []


Underfull \hbox (badness 10000) detected at line 1576
[][][]
 []

[161]
Underfull \hbox (badness 10000) detected at line 1606
[][][]
 []

[162]
Underfull \hbox (badness 10000) detected at line 1665
[][][]
 []


Overfull \hbox (33.38927pt too wide) in paragraph at lines 1678--1679
[]\T1/phv/m/n/10 Referenced by [], [], [], [],
 []

[163]
Underfull \hbox (badness 10000) detected at line 1786
[][][]
 []


Overfull \hbox (98.72427pt too wide) in paragraph at lines 1795--1796
[]\T1/phv/m/n/10 References [], [], [], [], [], [], [],
 []

[164]
Underfull \hbox (badness 10000) detected at line 1814
[][][]
 []

[165]
Overfull \hbox (0.98067pt too wide) in paragraph at lines 3--3
[]\T1/phv/m/sl/10 des[] 
 []


Overfull \hbox (33.75816pt too wide) in paragraph at lines 1889--1890
[]\T1/phv/m/n/10 Referenced by [], [], [], and []. 
 []

[166]
Overfull \hbox (33.75816pt too wide) in paragraph at lines 1949--1950
[]\T1/phv/m/n/10 Referenced by [], [], [], and []. 
 []


Underfull \hbox (badness 10000) detected at line 1991
[][][]
 []

[167]
Underfull \hbox (badness 10000) detected at line 1994
[][][]
 []


Underfull \hbox (badness 10000) detected at line 1997
[][][]
 []


Underfull \hbox (badness 10000) in paragraph at lines 2006--2007
[]\T1/phv/m/n/10 References [], [], [], [], and
 []

) (./Matrix2D_8h_source.tex [168] [169] [170] [171] [172] [173] [174] [175]
[176] [177] [178]) (./temp_8c.tex <./temp_8c__incl.pdf

pdfTeX warning: pdflatex (file ./temp_8c__incl.pdf): PDF inclusion: multiple pd
fs with page group included in a single page
>
<temp_8c__incl.pdf, id=10408, 721.69624pt x 325.215pt>
File: temp_8c__incl.pdf Graphic file (type pdf)
<use temp_8c__incl.pdf>
Package pdftex.def Info: temp_8c__incl.pdf  used on input line 11.
(pdftex.def)             Requested size: 350.0pt x 157.71916pt.
 [179]
Underfull \hbox (badness 1552) in paragraph at lines 111--112
[]\T1/phv/m/n/10 References [], [], [], [],
 []


Underfull \hbox (badness 5696) in paragraph at lines 111--112
[]\T1/phv/m/n/10 , [], [], [],
 []


Underfull \hbox (badness 10000) in paragraph at lines 111--112
[]\T1/phv/m/n/10 , [], [], [], [], [], and
 []

[180]) (./temp_8c_source.tex [181] [182]) [183] [184

] (./refman.ind [185


]
Underfull \hbox (badness 10000) in paragraph at lines 217--219
[]| \T1/phv/m/n/10 adl_tri_fill_Pinedas_rasterizer_interpolate_color,
 []


Underfull \hbox (badness 10000) in paragraph at lines 219--221
[]| \T1/phv/m/n/10 adl_tri_fill_Pinedas_rasterizer_interpolate_normal,
 []


Overfull \hbox (16.76659pt too wide) in paragraph at lines 224--226
[]| \T1/phv/m/n/10 adl_tri_mesh_fill_Pinedas_rasterizer_interpolate_color,
 []

[186]
Overfull \hbox (24.99242pt too wide) in paragraph at lines 226--228
[]| \T1/phv/m/n/10 adl_tri_mesh_fill_Pinedas_rasterizer_interpolate_normal,
 []

[187]
Underfull \hbox (badness 10000) in paragraph at lines 380--381
[]| \T1/phv/m/n/10 AL-MOG_DRAW_LIBRARY_IMPLEMENTATION,
 []

[188] [189] [190]
Underfull \hbox (badness 10000) in paragraph at lines 714--716
[]| \T1/phv/m/n/10 mat2D_solve_linear_sys_LUP_decomposition,
 []

[191]
Underfull \hbox (badness 10000) in paragraph at lines 892--893
[]| \T1/phv/m/n/10 AL-MOG_DRAW_LIBRARY_IMPLEMENTATION,
 []

[192] [193

]) (./refman.aux)
Package rerunfilecheck Info: File `refman.out' has not changed.
(rerunfilecheck)             Checksum: 62540E8869B82C1033003085C19B0168;78453.
 ) 
Here is how much of TeX's memory you used:
 19754 strings out of 478287
 346642 string characters out of 5849288
 728278 words of memory out of 5000000
 36171 multiletter control sequences out of 15000+600000
 528986 words of font info for 105 fonts, out of 8000000 for 9000
 1141 hyphenation exceptions out of 8191
 99i,16n,117p,3983b,643s stack positions out of 5000i,500n,10000p,200000b,80000s
{/usr/share/texlive/texmf-dist/fonts/enc/dvips/base/8r.enc}</usr/share/texliv
e/texmf-dist/fonts/type1/public/amsfonts/cm/cmmi10.pfb></usr/share/texlive/texm
f-dist/fonts/type1/public/amsfonts/cm/cmmi7.pfb></usr/share/texlive/texmf-dist/
fonts/type1/public/amsfonts/cm/cmmi8.pfb></usr/share/texlive/texmf-dist/fonts/t
ype1/public/amsfonts/cm/cmmi9.pfb></usr/share/texlive/texmf-dist/fonts/type1/pu
blic/amsfonts/cm/cmsy10.pfb></usr/share/texlive/texmf-dist/fonts/type1/public/a
msfonts/cm/cmsy6.pfb></usr/share/texlive/texmf-dist/fonts/type1/public/amsfonts
/cm/cmsy7.pfb></usr/share/texlive/texmf-dist/fonts/type1/public/amsfonts/cm/cms
y8.pfb></usr/share/texlive/texmf-dist/fonts/type1/public/amsfonts/cm/cmsy9.pfb>
</usr/share/texlive/texmf-dist/fonts/type1/urw/courier/ucrr8a.pfb></usr/share/t
exlive/texmf-dist/fonts/type1/urw/courier/ucrro8a.pfb></usr/share/texlive/texmf
-dist/fonts/type1/urw/helvetic/uhvb8a.pfb></usr/share/texlive/texmf-dist/fonts/
type1/urw/helvetic/uhvb8ac.pfb></usr/share/texlive/texmf-dist/fonts/type1/urw/h
elvetic/uhvr8a.pfb></usr/share/texlive/texmf-dist/fonts/type1/urw/helvetic/uhvr
o8a.pfb>
Output written on refman.pdf (205 pages, 932453 bytes).
PDF statistics:
 11712 PDF objects out of 12825 (max. 8388607)
 11238 compressed objects within 113 object streams
 1399 named destinations out of 1440 (max. 500000)
 3205 words of extra memory for PDF output out of 10000 (max. 10000000)

