\BOOKMARK [0][-]{chapter.1}{\376\377\0001\000\040\000F\000i\000l\000e\000\040\000I\000n\000d\000e\000x}{}% 1
\BOOKMARK [1][-]{section.1.1}{\376\377\0001\000.\0001\000\040\000F\000i\000l\000e\000\040\000L\000i\000s\000t}{chapter.1}% 2
\BOOKMARK [0][-]{chapter.2}{\376\377\0002\000\040\000F\000i\000l\000e\000\040\000D\000o\000c\000u\000m\000e\000n\000t\000a\000t\000i\000o\000n}{}% 3
\BOOKMARK [1][-]{section.2.1}{\376\377\0002\000.\0001\000\040\000A\000l\000m\000o\000g\000\137\000S\000t\000r\000i\000n\000g\000\137\000M\000a\000n\000i\000p\000u\000l\000a\000t\000i\000o\000n\000.\000h\000\040\000F\000i\000l\000e\000\040\000R\000e\000f\000e\000r\000e\000n\000c\000e}{chapter.2}% 4
\BOOKMARK [2][-]{subsection.2.1.1}{\376\377\0002\000.\0001\000.\0001\000\040\000D\000e\000t\000a\000i\000l\000e\000d\000\040\000D\000e\000s\000c\000r\000i\000p\000t\000i\000o\000n}{section.2.1}% 5
\BOOKMARK [2][-]{subsection.2.1.2}{\376\377\0002\000.\0001\000.\0002\000\040\000M\000a\000c\000r\000o\000\040\000D\000e\000f\000i\000n\000i\000t\000i\000o\000n\000\040\000D\000o\000c\000u\000m\000e\000n\000t\000a\000t\000i\000o\000n}{section.2.1}% 6
\BOOKMARK [3][-]{subsubsection.2.1.2.1}{\376\377\0002\000.\0001\000.\0002\000.\0001\000\040\000a\000s\000m\000\137\000d\000p\000r\000i\000n\000t\000C\000H\000A\000R}{subsection.2.1.2}% 7
\BOOKMARK [3][-]{subsubsection.2.1.2.2}{\376\377\0002\000.\0001\000.\0002\000.\0002\000\040\000a\000s\000m\000\137\000d\000p\000r\000i\000n\000t\000I\000N\000T}{subsection.2.1.2}% 8
\BOOKMARK [3][-]{subsubsection.2.1.2.3}{\376\377\0002\000.\0001\000.\0002\000.\0003\000\040\000a\000s\000m\000\137\000d\000p\000r\000i\000n\000t\000S\000I\000Z\000E\000\137\000T}{subsection.2.1.2}% 9
\BOOKMARK [3][-]{subsubsection.2.1.2.4}{\376\377\0002\000.\0001\000.\0002\000.\0004\000\040\000a\000s\000m\000\137\000d\000p\000r\000i\000n\000t\000S\000T\000R\000I\000N\000G}{subsection.2.1.2}% 10
\BOOKMARK [3][-]{subsubsection.2.1.2.5}{\376\377\0002\000.\0001\000.\0002\000.\0005\000\040\000A\000S\000M\000\137\000M\000A\000X\000\137\000L\000E\000N\000\137\000L\000I\000N\000E}{subsection.2.1.2}% 11
\BOOKMARK [3][-]{subsubsection.2.1.2.6}{\376\377\0002\000.\0001\000.\0002\000.\0006\000\040\000A\000S\000M\000\137\000M\000A\000X\000D\000I\000R}{subsection.2.1.2}% 12
\BOOKMARK [2][-]{subsection.2.1.3}{\376\377\0002\000.\0001\000.\0003\000\040\000F\000u\000n\000c\000t\000i\000o\000n\000\040\000D\000o\000c\000u\000m\000e\000n\000t\000a\000t\000i\000o\000n}{section.2.1}% 13
\BOOKMARK [3][-]{subsubsection.2.1.3.1}{\376\377\0002\000.\0001\000.\0003\000.\0001\000\040\000a\000s\000m\000\137\000c\000o\000p\000y\000\137\000a\000r\000r\000a\000y\000\137\000b\000y\000\137\000i\000n\000d\000e\000s\000i\000e\000s\000\050\000\051}{subsection.2.1.3}% 14
\BOOKMARK [3][-]{subsubsection.2.1.3.2}{\376\377\0002\000.\0001\000.\0003\000.\0002\000\040\000a\000s\000m\000\137\000g\000e\000t\000\137\000l\000i\000n\000e\000\050\000\051}{subsection.2.1.3}% 15
\BOOKMARK [3][-]{subsubsection.2.1.3.3}{\376\377\0002\000.\0001\000.\0003\000.\0003\000\040\000a\000s\000m\000\137\000g\000e\000t\000\137\000n\000e\000x\000t\000\137\000w\000o\000r\000d\000\137\000f\000r\000o\000m\000\137\000l\000i\000n\000e\000\050\000\051}{subsection.2.1.3}% 16
\BOOKMARK [3][-]{subsubsection.2.1.3.4}{\376\377\0002\000.\0001\000.\0003\000.\0004\000\040\000a\000s\000m\000\137\000g\000e\000t\000\137\000w\000o\000r\000d\000\137\000a\000n\000d\000\137\000c\000u\000t\000\050\000\051}{subsection.2.1.3}% 17
\BOOKMARK [3][-]{subsubsection.2.1.3.5}{\376\377\0002\000.\0001\000.\0003\000.\0005\000\040\000a\000s\000m\000\137\000l\000e\000n\000g\000t\000h\000\050\000\051}{subsection.2.1.3}% 18
\BOOKMARK [3][-]{subsubsection.2.1.3.6}{\376\377\0002\000.\0001\000.\0003\000.\0006\000\040\000a\000s\000m\000\137\000s\000t\000r\000\137\000i\000n\000\137\000s\000t\000r\000\050\000\051}{subsection.2.1.3}% 19
\BOOKMARK [3][-]{subsubsection.2.1.3.7}{\376\377\0002\000.\0001\000.\0003\000.\0007\000\040\000a\000s\000m\000\137\000s\000t\000r\000n\000c\000m\000p\000\050\000\051}{subsection.2.1.3}% 20
\BOOKMARK [1][-]{section.2.2}{\376\377\0002\000.\0002\000\040\000A\000l\000m\000o\000g\000\137\000S\000t\000r\000i\000n\000g\000\137\000M\000a\000n\000i\000p\000u\000l\000a\000t\000i\000o\000n\000.\000h}{chapter.2}% 21
\BOOKMARK [1][-]{section.2.3}{\376\377\0002\000.\0003\000\040\000s\000t\000r\000i\000p\000e\000d\000\137\000A\000l\000m\000o\000g\000\137\000S\000t\000r\000i\000n\000g\000\137\000M\000a\000n\000i\000p\000u\000l\000a\000t\000i\000o\000n\000.\000h\000\040\000F\000i\000l\000e\000\040\000R\000e\000f\000e\000r\000e\000n\000c\000e}{chapter.2}% 22
\BOOKMARK [2][-]{subsection.2.3.1}{\376\377\0002\000.\0003\000.\0001\000\040\000M\000a\000c\000r\000o\000\040\000D\000e\000f\000i\000n\000i\000t\000i\000o\000n\000\040\000D\000o\000c\000u\000m\000e\000n\000t\000a\000t\000i\000o\000n}{section.2.3}% 23
\BOOKMARK [3][-]{subsubsection.2.3.1.1}{\376\377\0002\000.\0003\000.\0001\000.\0001\000\040\000a\000s\000m\000\137\000d\000p\000r\000i\000n\000t\000C\000H\000A\000R}{subsection.2.3.1}% 24
\BOOKMARK [3][-]{subsubsection.2.3.1.2}{\376\377\0002\000.\0003\000.\0001\000.\0002\000\040\000a\000s\000m\000\137\000d\000p\000r\000i\000n\000t\000I\000N\000T}{subsection.2.3.1}% 25
\BOOKMARK [3][-]{subsubsection.2.3.1.3}{\376\377\0002\000.\0003\000.\0001\000.\0003\000\040\000a\000s\000m\000\137\000d\000p\000r\000i\000n\000t\000S\000I\000Z\000E\000\137\000T}{subsection.2.3.1}% 26
\BOOKMARK [3][-]{subsubsection.2.3.1.4}{\376\377\0002\000.\0003\000.\0001\000.\0004\000\040\000a\000s\000m\000\137\000d\000p\000r\000i\000n\000t\000S\000T\000R\000I\000N\000G}{subsection.2.3.1}% 27
\BOOKMARK [3][-]{subsubsection.2.3.1.5}{\376\377\0002\000.\0003\000.\0001\000.\0005\000\040\000A\000S\000M\000\137\000M\000A\000X\000\137\000L\000E\000N\000\137\000L\000I\000N\000E}{subsection.2.3.1}% 28
\BOOKMARK [3][-]{subsubsection.2.3.1.6}{\376\377\0002\000.\0003\000.\0001\000.\0006\000\040\000A\000S\000M\000\137\000M\000A\000X\000D\000I\000R}{subsection.2.3.1}% 29
\BOOKMARK [2][-]{subsection.2.3.2}{\376\377\0002\000.\0003\000.\0002\000\040\000F\000u\000n\000c\000t\000i\000o\000n\000\040\000D\000o\000c\000u\000m\000e\000n\000t\000a\000t\000i\000o\000n}{section.2.3}% 30
\BOOKMARK [3][-]{subsubsection.2.3.2.1}{\376\377\0002\000.\0003\000.\0002\000.\0001\000\040\000a\000s\000m\000\137\000c\000o\000p\000y\000\137\000a\000r\000r\000a\000y\000\137\000b\000y\000\137\000i\000n\000d\000e\000s\000i\000e\000s\000\050\000\051}{subsection.2.3.2}% 31
\BOOKMARK [3][-]{subsubsection.2.3.2.2}{\376\377\0002\000.\0003\000.\0002\000.\0002\000\040\000a\000s\000m\000\137\000g\000e\000t\000\137\000l\000i\000n\000e\000\050\000\051}{subsection.2.3.2}% 32
\BOOKMARK [3][-]{subsubsection.2.3.2.3}{\376\377\0002\000.\0003\000.\0002\000.\0003\000\040\000a\000s\000m\000\137\000g\000e\000t\000\137\000n\000e\000x\000t\000\137\000w\000o\000r\000d\000\137\000f\000r\000o\000m\000\137\000l\000i\000n\000e\000\050\000\051}{subsection.2.3.2}% 33
\BOOKMARK [3][-]{subsubsection.2.3.2.4}{\376\377\0002\000.\0003\000.\0002\000.\0004\000\040\000a\000s\000m\000\137\000g\000e\000t\000\137\000w\000o\000r\000d\000\137\000a\000n\000d\000\137\000c\000u\000t\000\050\000\051}{subsection.2.3.2}% 34
\BOOKMARK [3][-]{subsubsection.2.3.2.5}{\376\377\0002\000.\0003\000.\0002\000.\0005\000\040\000a\000s\000m\000\137\000l\000e\000n\000g\000t\000h\000\050\000\051}{subsection.2.3.2}% 35
\BOOKMARK [3][-]{subsubsection.2.3.2.6}{\376\377\0002\000.\0003\000.\0002\000.\0006\000\040\000a\000s\000m\000\137\000s\000t\000r\000\137\000i\000n\000\137\000s\000t\000r\000\050\000\051}{subsection.2.3.2}% 36
\BOOKMARK [3][-]{subsubsection.2.3.2.7}{\376\377\0002\000.\0003\000.\0002\000.\0007\000\040\000a\000s\000m\000\137\000s\000t\000r\000n\000c\000m\000p\000\050\000\051}{subsection.2.3.2}% 37
\BOOKMARK [1][-]{section.2.4}{\376\377\0002\000.\0004\000\040\000s\000t\000r\000i\000p\000e\000d\000\137\000A\000l\000m\000o\000g\000\137\000S\000t\000r\000i\000n\000g\000\137\000M\000a\000n\000i\000p\000u\000l\000a\000t\000i\000o\000n\000.\000h}{chapter.2}% 38
\BOOKMARK [1][-]{section.2.5}{\376\377\0002\000.\0005\000\040\000t\000e\000m\000p\000.\000c\000\040\000F\000i\000l\000e\000\040\000R\000e\000f\000e\000r\000e\000n\000c\000e}{chapter.2}% 39
\BOOKMARK [2][-]{subsection.2.5.1}{\376\377\0002\000.\0005\000.\0001\000\040\000M\000a\000c\000r\000o\000\040\000D\000e\000f\000i\000n\000i\000t\000i\000o\000n\000\040\000D\000o\000c\000u\000m\000e\000n\000t\000a\000t\000i\000o\000n}{section.2.5}% 40
\BOOKMARK [3][-]{subsubsection.2.5.1.1}{\376\377\0002\000.\0005\000.\0001\000.\0001\000\040\000A\000L\000M\000O\000G\000\137\000S\000T\000R\000I\000N\000G\000\137\000M\000A\000N\000I\000P\000U\000L\000A\000T\000I\000O\000N\000\137\000I\000M\000P\000L\000E\000M\000E\000N\000T\000A\000T\000I\000O\000N}{subsection.2.5.1}% 41
\BOOKMARK [2][-]{subsection.2.5.2}{\376\377\0002\000.\0005\000.\0002\000\040\000F\000u\000n\000c\000t\000i\000o\000n\000\040\000D\000o\000c\000u\000m\000e\000n\000t\000a\000t\000i\000o\000n}{section.2.5}% 42
\BOOKMARK [3][-]{subsubsection.2.5.2.1}{\376\377\0002\000.\0005\000.\0002\000.\0001\000\040\000m\000a\000i\000n\000\050\000\051}{subsection.2.5.2}% 43
\BOOKMARK [1][-]{section.2.6}{\376\377\0002\000.\0006\000\040\000t\000e\000m\000p\000.\000c}{chapter.2}% 44
\BOOKMARK [0][-]{section*.11}{\376\377\000I\000n\000d\000e\000x}{}% 45
