\BOOKMARK [0][-]{chapter.1}{\376\377\0001\000\040\000C\000l\000a\000s\000s\000\040\000I\000n\000d\000e\000x}{}% 1
\BOOKMARK [1][-]{section.1.1}{\376\377\0001\000.\0001\000\040\000C\000l\000a\000s\000s\000\040\000L\000i\000s\000t}{chapter.1}% 2
\BOOKMARK [0][-]{chapter.2}{\376\377\0002\000\040\000F\000i\000l\000e\000\040\000I\000n\000d\000e\000x}{}% 3
\BOOKMARK [1][-]{section.2.1}{\376\377\0002\000.\0001\000\040\000F\000i\000l\000e\000\040\000L\000i\000s\000t}{chapter.2}% 4
\BOOKMARK [0][-]{chapter.3}{\376\377\0003\000\040\000C\000l\000a\000s\000s\000\040\000D\000o\000c\000u\000m\000e\000n\000t\000a\000t\000i\000o\000n}{}% 5
\BOOKMARK [1][-]{section.3.1}{\376\377\0003\000.\0001\000\040\000M\000a\000t\0002\000D\000\040\000S\000t\000r\000u\000c\000t\000\040\000R\000e\000f\000e\000r\000e\000n\000c\000e}{chapter.3}% 6
\BOOKMARK [2][-]{subsection.3.1.1}{\376\377\0003\000.\0001\000.\0001\000\040\000D\000e\000t\000a\000i\000l\000e\000d\000\040\000D\000e\000s\000c\000r\000i\000p\000t\000i\000o\000n}{section.3.1}% 7
\BOOKMARK [2][-]{subsection.3.1.2}{\376\377\0003\000.\0001\000.\0002\000\040\000M\000e\000m\000b\000e\000r\000\040\000D\000a\000t\000a\000\040\000D\000o\000c\000u\000m\000e\000n\000t\000a\000t\000i\000o\000n}{section.3.1}% 8
\BOOKMARK [3][-]{subsubsection.3.1.2.1}{\376\377\0003\000.\0001\000.\0002\000.\0001\000\040\000c\000o\000l\000s}{subsection.3.1.2}% 9
\BOOKMARK [3][-]{subsubsection.3.1.2.2}{\376\377\0003\000.\0001\000.\0002\000.\0002\000\040\000e\000l\000e\000m\000e\000n\000t\000s}{subsection.3.1.2}% 10
\BOOKMARK [3][-]{subsubsection.3.1.2.3}{\376\377\0003\000.\0001\000.\0002\000.\0003\000\040\000r\000o\000w\000s}{subsection.3.1.2}% 11
\BOOKMARK [3][-]{subsubsection.3.1.2.4}{\376\377\0003\000.\0001\000.\0002\000.\0004\000\040\000s\000t\000r\000i\000d\000e\000\137\000r}{subsection.3.1.2}% 12
\BOOKMARK [1][-]{section.3.2}{\376\377\0003\000.\0002\000\040\000M\000a\000t\0002\000D\000\137\000M\000i\000n\000o\000r\000\040\000S\000t\000r\000u\000c\000t\000\040\000R\000e\000f\000e\000r\000e\000n\000c\000e}{chapter.3}% 13
\BOOKMARK [2][-]{subsection.3.2.1}{\376\377\0003\000.\0002\000.\0001\000\040\000D\000e\000t\000a\000i\000l\000e\000d\000\040\000D\000e\000s\000c\000r\000i\000p\000t\000i\000o\000n}{section.3.2}% 14
\BOOKMARK [2][-]{subsection.3.2.2}{\376\377\0003\000.\0002\000.\0002\000\040\000M\000e\000m\000b\000e\000r\000\040\000D\000a\000t\000a\000\040\000D\000o\000c\000u\000m\000e\000n\000t\000a\000t\000i\000o\000n}{section.3.2}% 15
\BOOKMARK [3][-]{subsubsection.3.2.2.1}{\376\377\0003\000.\0002\000.\0002\000.\0001\000\040\000c\000o\000l\000s}{subsection.3.2.2}% 16
\BOOKMARK [3][-]{subsubsection.3.2.2.2}{\376\377\0003\000.\0002\000.\0002\000.\0002\000\040\000c\000o\000l\000s\000\137\000l\000i\000s\000t}{subsection.3.2.2}% 17
\BOOKMARK [3][-]{subsubsection.3.2.2.3}{\376\377\0003\000.\0002\000.\0002\000.\0003\000\040\000r\000e\000f\000\137\000m\000a\000t}{subsection.3.2.2}% 18
\BOOKMARK [3][-]{subsubsection.3.2.2.4}{\376\377\0003\000.\0002\000.\0002\000.\0004\000\040\000r\000o\000w\000s}{subsection.3.2.2}% 19
\BOOKMARK [3][-]{subsubsection.3.2.2.5}{\376\377\0003\000.\0002\000.\0002\000.\0005\000\040\000r\000o\000w\000s\000\137\000l\000i\000s\000t}{subsection.3.2.2}% 20
\BOOKMARK [3][-]{subsubsection.3.2.2.6}{\376\377\0003\000.\0002\000.\0002\000.\0006\000\040\000s\000t\000r\000i\000d\000e\000\137\000r}{subsection.3.2.2}% 21
\BOOKMARK [1][-]{section.3.3}{\376\377\0003\000.\0003\000\040\000M\000a\000t\0002\000D\000\137\000u\000i\000n\000t\0003\0002\000\040\000S\000t\000r\000u\000c\000t\000\040\000R\000e\000f\000e\000r\000e\000n\000c\000e}{chapter.3}% 22
\BOOKMARK [2][-]{subsection.3.3.1}{\376\377\0003\000.\0003\000.\0001\000\040\000D\000e\000t\000a\000i\000l\000e\000d\000\040\000D\000e\000s\000c\000r\000i\000p\000t\000i\000o\000n}{section.3.3}% 23
\BOOKMARK [2][-]{subsection.3.3.2}{\376\377\0003\000.\0003\000.\0002\000\040\000M\000e\000m\000b\000e\000r\000\040\000D\000a\000t\000a\000\040\000D\000o\000c\000u\000m\000e\000n\000t\000a\000t\000i\000o\000n}{section.3.3}% 24
\BOOKMARK [3][-]{subsubsection.3.3.2.1}{\376\377\0003\000.\0003\000.\0002\000.\0001\000\040\000c\000o\000l\000s}{subsection.3.3.2}% 25
\BOOKMARK [3][-]{subsubsection.3.3.2.2}{\376\377\0003\000.\0003\000.\0002\000.\0002\000\040\000e\000l\000e\000m\000e\000n\000t\000s}{subsection.3.3.2}% 26
\BOOKMARK [3][-]{subsubsection.3.3.2.3}{\376\377\0003\000.\0003\000.\0002\000.\0003\000\040\000r\000o\000w\000s}{subsection.3.3.2}% 27
\BOOKMARK [3][-]{subsubsection.3.3.2.4}{\376\377\0003\000.\0003\000.\0002\000.\0004\000\040\000s\000t\000r\000i\000d\000e\000\137\000r}{subsection.3.3.2}% 28
\BOOKMARK [0][-]{chapter.4}{\376\377\0004\000\040\000F\000i\000l\000e\000\040\000D\000o\000c\000u\000m\000e\000n\000t\000a\000t\000i\000o\000n}{}% 29
\BOOKMARK [1][-]{section.4.1}{\376\377\0004\000.\0001\000\040\000M\000a\000t\000r\000i\000x\0002\000D\000.\000h\000\040\000F\000i\000l\000e\000\040\000R\000e\000f\000e\000r\000e\000n\000c\000e}{chapter.4}% 30
\BOOKMARK [2][-]{subsection.4.1.1}{\376\377\0004\000.\0001\000.\0001\000\040\000D\000e\000t\000a\000i\000l\000e\000d\000\040\000D\000e\000s\000c\000r\000i\000p\000t\000i\000o\000n}{section.4.1}% 31
\BOOKMARK [2][-]{subsection.4.1.2}{\376\377\0004\000.\0001\000.\0002\000\040\000M\000a\000c\000r\000o\000\040\000D\000e\000f\000i\000n\000i\000t\000i\000o\000n\000\040\000D\000o\000c\000u\000m\000e\000n\000t\000a\000t\000i\000o\000n}{section.4.1}% 32
\BOOKMARK [3][-]{subsubsection.4.1.2.1}{\376\377\0004\000.\0001\000.\0002\000.\0001\000\040\000\137\000\137\000U\000S\000E\000\137\000M\000I\000S\000C}{subsection.4.1.2}% 33
\BOOKMARK [3][-]{subsubsection.4.1.2.2}{\376\377\0004\000.\0001\000.\0002\000.\0002\000\040\000M\000A\000T\0002\000D\000\137\000A\000T}{subsection.4.1.2}% 34
\BOOKMARK [3][-]{subsubsection.4.1.2.3}{\376\377\0004\000.\0001\000.\0002\000.\0003\000\040\000M\000A\000T\0002\000D\000\137\000A\000T\000\137\000U\000I\000N\000T\0003\0002}{subsection.4.1.2}% 35
\BOOKMARK [3][-]{subsubsection.4.1.2.4}{\376\377\0004\000.\0001\000.\0002\000.\0004\000\040\000M\000A\000T\0002\000D\000\137\000M\000I\000N\000O\000R\000\137\000A\000T}{subsection.4.1.2}% 36
\BOOKMARK [3][-]{subsubsection.4.1.2.5}{\376\377\0004\000.\0001\000.\0002\000.\0005\000\040\000M\000A\000T\0002\000D\000\137\000M\000I\000N\000O\000R\000\137\000P\000R\000I\000N\000T}{subsection.4.1.2}% 37
\BOOKMARK [3][-]{subsubsection.4.1.2.6}{\376\377\0004\000.\0001\000.\0002\000.\0006\000\040\000m\000a\000t\0002\000D\000\137\000n\000o\000r\000m\000a\000l\000i\000z\000e}{subsection.4.1.2}% 38
\BOOKMARK [3][-]{subsubsection.4.1.2.7}{\376\377\0004\000.\0001\000.\0002\000.\0007\000\040\000M\000A\000T\0002\000D\000\137\000P\000R\000I\000N\000T}{subsection.4.1.2}% 39
\BOOKMARK [3][-]{subsubsection.4.1.2.8}{\376\377\0004\000.\0001\000.\0002\000.\0008\000\040\000M\000A\000T\0002\000D\000\137\000P\000R\000I\000N\000T\000\137\000A\000S\000\137\000C\000O\000L}{subsection.4.1.2}% 40
\BOOKMARK [3][-]{subsubsection.4.1.2.9}{\376\377\0004\000.\0001\000.\0002\000.\0009\000\040\000M\000A\000T\000R\000I\000X\0002\000D\000\137\000A\000S\000S\000E\000R\000T}{subsection.4.1.2}% 41
\BOOKMARK [3][-]{subsubsection.4.1.2.10}{\376\377\0004\000.\0001\000.\0002\000.\0001\0000\000\040\000M\000A\000T\000R\000I\000X\0002\000D\000\137\000M\000A\000L\000L\000O\000C}{subsection.4.1.2}% 42
\BOOKMARK [3][-]{subsubsection.4.1.2.11}{\376\377\0004\000.\0001\000.\0002\000.\0001\0001\000\040\000P\000I}{subsection.4.1.2}% 43
\BOOKMARK [2][-]{subsection.4.1.3}{\376\377\0004\000.\0001\000.\0003\000\040\000F\000u\000n\000c\000t\000i\000o\000n\000\040\000D\000o\000c\000u\000m\000e\000n\000t\000a\000t\000i\000o\000n}{section.4.1}% 44
\BOOKMARK [3][-]{subsubsection.4.1.3.1}{\376\377\0004\000.\0001\000.\0003\000.\0001\000\040\000m\000a\000t\0002\000D\000\137\000a\000d\000d\000\050\000\051}{subsection.4.1.3}% 45
\BOOKMARK [3][-]{subsubsection.4.1.3.2}{\376\377\0004\000.\0001\000.\0003\000.\0002\000\040\000m\000a\000t\0002\000D\000\137\000a\000d\000d\000\137\000c\000o\000l\000\137\000t\000o\000\137\000c\000o\000l\000\050\000\051}{subsection.4.1.3}% 46
\BOOKMARK [3][-]{subsubsection.4.1.3.3}{\376\377\0004\000.\0001\000.\0003\000.\0003\000\040\000m\000a\000t\0002\000D\000\137\000a\000d\000d\000\137\000r\000o\000w\000\137\000t\000i\000m\000e\000\137\000f\000a\000c\000t\000o\000r\000\137\000t\000o\000\137\000r\000o\000w\000\050\000\051}{subsection.4.1.3}% 47
\BOOKMARK [3][-]{subsubsection.4.1.3.4}{\376\377\0004\000.\0001\000.\0003\000.\0004\000\040\000m\000a\000t\0002\000D\000\137\000a\000d\000d\000\137\000r\000o\000w\000\137\000t\000o\000\137\000r\000o\000w\000\050\000\051}{subsection.4.1.3}% 48
\BOOKMARK [3][-]{subsubsection.4.1.3.5}{\376\377\0004\000.\0001\000.\0003\000.\0005\000\040\000m\000a\000t\0002\000D\000\137\000a\000l\000l\000o\000c\000\050\000\051}{subsection.4.1.3}% 49
\BOOKMARK [3][-]{subsubsection.4.1.3.6}{\376\377\0004\000.\0001\000.\0003\000.\0006\000\040\000m\000a\000t\0002\000D\000\137\000a\000l\000l\000o\000c\000\137\000u\000i\000n\000t\0003\0002\000\050\000\051}{subsection.4.1.3}% 50
\BOOKMARK [3][-]{subsubsection.4.1.3.7}{\376\377\0004\000.\0001\000.\0003\000.\0007\000\040\000m\000a\000t\0002\000D\000\137\000c\000a\000l\000c\000\137\000n\000o\000r\000m\000a\000\050\000\051}{subsection.4.1.3}% 51
\BOOKMARK [3][-]{subsubsection.4.1.3.8}{\376\377\0004\000.\0001\000.\0003\000.\0008\000\040\000m\000a\000t\0002\000D\000\137\000c\000o\000l\000\137\000i\000s\000\137\000a\000l\000l\000\137\000d\000i\000g\000i\000t\000\050\000\051}{subsection.4.1.3}% 52
\BOOKMARK [3][-]{subsubsection.4.1.3.9}{\376\377\0004\000.\0001\000.\0003\000.\0009\000\040\000m\000a\000t\0002\000D\000\137\000c\000o\000p\000y\000\050\000\051}{subsection.4.1.3}% 53
\BOOKMARK [3][-]{subsubsection.4.1.3.10}{\376\377\0004\000.\0001\000.\0003\000.\0001\0000\000\040\000m\000a\000t\0002\000D\000\137\000c\000o\000p\000y\000\137\000m\000a\000t\000\137\000t\000o\000\137\000m\000a\000t\000\137\000a\000t\000\137\000w\000i\000n\000d\000o\000w\000\050\000\051}{subsection.4.1.3}% 54
\BOOKMARK [3][-]{subsubsection.4.1.3.11}{\376\377\0004\000.\0001\000.\0003\000.\0001\0001\000\040\000m\000a\000t\0002\000D\000\137\000c\000r\000o\000s\000s\000\050\000\051}{subsection.4.1.3}% 55
\BOOKMARK [3][-]{subsubsection.4.1.3.12}{\376\377\0004\000.\0001\000.\0003\000.\0001\0002\000\040\000m\000a\000t\0002\000D\000\137\000d\000e\000t\000\050\000\051}{subsection.4.1.3}% 56
\BOOKMARK [3][-]{subsubsection.4.1.3.13}{\376\377\0004\000.\0001\000.\0003\000.\0001\0003\000\040\000m\000a\000t\0002\000D\000\137\000d\000e\000t\000\137\0002\000x\0002\000\137\000m\000a\000t\000\050\000\051}{subsection.4.1.3}% 57
\BOOKMARK [3][-]{subsubsection.4.1.3.14}{\376\377\0004\000.\0001\000.\0003\000.\0001\0004\000\040\000m\000a\000t\0002\000D\000\137\000d\000e\000t\000\137\0002\000x\0002\000\137\000m\000a\000t\000\137\000m\000i\000n\000o\000r\000\050\000\051}{subsection.4.1.3}% 58
\BOOKMARK [3][-]{subsubsection.4.1.3.15}{\376\377\0004\000.\0001\000.\0003\000.\0001\0005\000\040\000m\000a\000t\0002\000D\000\137\000d\000o\000t\000\050\000\051}{subsection.4.1.3}% 59
\BOOKMARK [3][-]{subsubsection.4.1.3.16}{\376\377\0004\000.\0001\000.\0003\000.\0001\0006\000\040\000m\000a\000t\0002\000D\000\137\000d\000o\000t\000\137\000p\000r\000o\000d\000u\000c\000t\000\050\000\051}{subsection.4.1.3}% 60
\BOOKMARK [3][-]{subsubsection.4.1.3.17}{\376\377\0004\000.\0001\000.\0003\000.\0001\0007\000\040\000m\000a\000t\0002\000D\000\137\000f\000i\000l\000l\000\050\000\051}{subsection.4.1.3}% 61
\BOOKMARK [3][-]{subsubsection.4.1.3.18}{\376\377\0004\000.\0001\000.\0003\000.\0001\0008\000\040\000m\000a\000t\0002\000D\000\137\000f\000i\000l\000l\000\137\000s\000e\000q\000u\000e\000n\000c\000e\000\050\000\051}{subsection.4.1.3}% 62
\BOOKMARK [3][-]{subsubsection.4.1.3.19}{\376\377\0004\000.\0001\000.\0003\000.\0001\0009\000\040\000m\000a\000t\0002\000D\000\137\000f\000i\000l\000l\000\137\000u\000i\000n\000t\0003\0002\000\050\000\051}{subsection.4.1.3}% 63
\BOOKMARK [3][-]{subsubsection.4.1.3.20}{\376\377\0004\000.\0001\000.\0003\000.\0002\0000\000\040\000m\000a\000t\0002\000D\000\137\000f\000r\000e\000e\000\050\000\051}{subsection.4.1.3}% 64
\BOOKMARK [3][-]{subsubsection.4.1.3.21}{\376\377\0004\000.\0001\000.\0003\000.\0002\0001\000\040\000m\000a\000t\0002\000D\000\137\000f\000r\000e\000e\000\137\000u\000i\000n\000t\0003\0002\000\050\000\051}{subsection.4.1.3}% 65
\BOOKMARK [3][-]{subsubsection.4.1.3.22}{\376\377\0004\000.\0001\000.\0003\000.\0002\0002\000\040\000m\000a\000t\0002\000D\000\137\000g\000e\000t\000\137\000c\000o\000l\000\050\000\051}{subsection.4.1.3}% 66
\BOOKMARK [3][-]{subsubsection.4.1.3.23}{\376\377\0004\000.\0001\000.\0003\000.\0002\0003\000\040\000m\000a\000t\0002\000D\000\137\000g\000e\000t\000\137\000r\000o\000w\000\050\000\051}{subsection.4.1.3}% 67
\BOOKMARK [3][-]{subsubsection.4.1.3.24}{\376\377\0004\000.\0001\000.\0003\000.\0002\0004\000\040\000m\000a\000t\0002\000D\000\137\000i\000n\000v\000e\000r\000t\000\050\000\051}{subsection.4.1.3}% 68
\BOOKMARK [3][-]{subsubsection.4.1.3.25}{\376\377\0004\000.\0001\000.\0003\000.\0002\0005\000\040\000m\000a\000t\0002\000D\000\137\000L\000U\000P\000\137\000d\000e\000c\000o\000m\000p\000o\000s\000i\000t\000i\000o\000n\000\137\000w\000i\000t\000h\000\137\000s\000w\000a\000p\000\050\000\051}{subsection.4.1.3}% 69
\BOOKMARK [3][-]{subsubsection.4.1.3.26}{\376\377\0004\000.\0001\000.\0003\000.\0002\0006\000\040\000m\000a\000t\0002\000D\000\137\000m\000a\000k\000e\000\137\000i\000d\000e\000n\000t\000i\000t\000y\000\050\000\051}{subsection.4.1.3}% 70
\BOOKMARK [3][-]{subsubsection.4.1.3.27}{\376\377\0004\000.\0001\000.\0003\000.\0002\0007\000\040\000m\000a\000t\0002\000D\000\137\000m\000a\000t\000\137\000i\000s\000\137\000a\000l\000l\000\137\000d\000i\000g\000i\000t\000\050\000\051}{subsection.4.1.3}% 71
\BOOKMARK [3][-]{subsubsection.4.1.3.28}{\376\377\0004\000.\0001\000.\0003\000.\0002\0008\000\040\000m\000a\000t\0002\000D\000\137\000m\000i\000n\000o\000r\000\137\000a\000l\000l\000o\000c\000\137\000f\000i\000l\000l\000\137\000f\000r\000o\000m\000\137\000m\000a\000t\000\050\000\051}{subsection.4.1.3}% 72
\BOOKMARK [3][-]{subsubsection.4.1.3.29}{\376\377\0004\000.\0001\000.\0003\000.\0002\0009\000\040\000m\000a\000t\0002\000D\000\137\000m\000i\000n\000o\000r\000\137\000a\000l\000l\000o\000c\000\137\000f\000i\000l\000l\000\137\000f\000r\000o\000m\000\137\000m\000a\000t\000\137\000m\000i\000n\000o\000r\000\050\000\051}{subsection.4.1.3}% 73
\BOOKMARK [3][-]{subsubsection.4.1.3.30}{\376\377\0004\000.\0001\000.\0003\000.\0003\0000\000\040\000m\000a\000t\0002\000D\000\137\000m\000i\000n\000o\000r\000\137\000d\000e\000t\000\050\000\051}{subsection.4.1.3}% 74
\BOOKMARK [3][-]{subsubsection.4.1.3.31}{\376\377\0004\000.\0001\000.\0003\000.\0003\0001\000\040\000m\000a\000t\0002\000D\000\137\000m\000i\000n\000o\000r\000\137\000f\000r\000e\000e\000\050\000\051}{subsection.4.1.3}% 75
\BOOKMARK [3][-]{subsubsection.4.1.3.32}{\376\377\0004\000.\0001\000.\0003\000.\0003\0002\000\040\000m\000a\000t\0002\000D\000\137\000m\000i\000n\000o\000r\000\137\000p\000r\000i\000n\000t\000\050\000\051}{subsection.4.1.3}% 76
\BOOKMARK [3][-]{subsubsection.4.1.3.33}{\376\377\0004\000.\0001\000.\0003\000.\0003\0003\000\040\000m\000a\000t\0002\000D\000\137\000m\000u\000l\000t\000\050\000\051}{subsection.4.1.3}% 77
\BOOKMARK [3][-]{subsubsection.4.1.3.34}{\376\377\0004\000.\0001\000.\0003\000.\0003\0004\000\040\000m\000a\000t\0002\000D\000\137\000m\000u\000l\000t\000\137\000r\000o\000w\000\050\000\051}{subsection.4.1.3}% 78
\BOOKMARK [3][-]{subsubsection.4.1.3.35}{\376\377\0004\000.\0001\000.\0003\000.\0003\0005\000\040\000m\000a\000t\0002\000D\000\137\000o\000f\000f\000s\000e\000t\0002\000d\000\050\000\051}{subsection.4.1.3}% 79
\BOOKMARK [3][-]{subsubsection.4.1.3.36}{\376\377\0004\000.\0001\000.\0003\000.\0003\0006\000\040\000m\000a\000t\0002\000D\000\137\000o\000f\000f\000s\000e\000t\0002\000d\000\137\000u\000i\000n\000t\0003\0002\000\050\000\051}{subsection.4.1.3}% 80
\BOOKMARK [3][-]{subsubsection.4.1.3.37}{\376\377\0004\000.\0001\000.\0003\000.\0003\0007\000\040\000m\000a\000t\0002\000D\000\137\000p\000r\000i\000n\000t\000\050\000\051}{subsection.4.1.3}% 81
\BOOKMARK [3][-]{subsubsection.4.1.3.38}{\376\377\0004\000.\0001\000.\0003\000.\0003\0008\000\040\000m\000a\000t\0002\000D\000\137\000p\000r\000i\000n\000t\000\137\000a\000s\000\137\000c\000o\000l\000\050\000\051}{subsection.4.1.3}% 82
\BOOKMARK [3][-]{subsubsection.4.1.3.39}{\376\377\0004\000.\0001\000.\0003\000.\0003\0009\000\040\000m\000a\000t\0002\000D\000\137\000r\000a\000n\000d\000\050\000\051}{subsection.4.1.3}% 83
\BOOKMARK [3][-]{subsubsection.4.1.3.40}{\376\377\0004\000.\0001\000.\0003\000.\0004\0000\000\040\000m\000a\000t\0002\000D\000\137\000r\000a\000n\000d\000\137\000d\000o\000u\000b\000l\000e\000\050\000\051}{subsection.4.1.3}% 84
\BOOKMARK [3][-]{subsubsection.4.1.3.41}{\376\377\0004\000.\0001\000.\0003\000.\0004\0001\000\040\000m\000a\000t\0002\000D\000\137\000r\000o\000w\000\137\000i\000s\000\137\000a\000l\000l\000\137\000d\000i\000g\000i\000t\000\050\000\051}{subsection.4.1.3}% 85
\BOOKMARK [3][-]{subsubsection.4.1.3.42}{\376\377\0004\000.\0001\000.\0003\000.\0004\0002\000\040\000m\000a\000t\0002\000D\000\137\000s\000e\000t\000\137\000D\000C\000M\000\137\000z\000y\000x\000\050\000\051}{subsection.4.1.3}% 86
\BOOKMARK [3][-]{subsubsection.4.1.3.43}{\376\377\0004\000.\0001\000.\0003\000.\0004\0003\000\040\000m\000a\000t\0002\000D\000\137\000s\000e\000t\000\137\000i\000d\000e\000n\000t\000i\000t\000y\000\050\000\051}{subsection.4.1.3}% 87
\BOOKMARK [3][-]{subsubsection.4.1.3.44}{\376\377\0004\000.\0001\000.\0003\000.\0004\0004\000\040\000m\000a\000t\0002\000D\000\137\000s\000e\000t\000\137\000r\000o\000t\000\137\000m\000a\000t\000\137\000x\000\050\000\051}{subsection.4.1.3}% 88
\BOOKMARK [3][-]{subsubsection.4.1.3.45}{\376\377\0004\000.\0001\000.\0003\000.\0004\0005\000\040\000m\000a\000t\0002\000D\000\137\000s\000e\000t\000\137\000r\000o\000t\000\137\000m\000a\000t\000\137\000y\000\050\000\051}{subsection.4.1.3}% 89
\BOOKMARK [3][-]{subsubsection.4.1.3.46}{\376\377\0004\000.\0001\000.\0003\000.\0004\0006\000\040\000m\000a\000t\0002\000D\000\137\000s\000e\000t\000\137\000r\000o\000t\000\137\000m\000a\000t\000\137\000z\000\050\000\051}{subsection.4.1.3}% 90
\BOOKMARK [3][-]{subsubsection.4.1.3.47}{\376\377\0004\000.\0001\000.\0003\000.\0004\0007\000\040\000m\000a\000t\0002\000D\000\137\000s\000o\000l\000v\000e\000\137\000l\000i\000n\000e\000a\000r\000\137\000s\000y\000s\000\137\000L\000U\000P\000\137\000d\000e\000c\000o\000m\000p\000o\000s\000i\000t\000i\000o\000n\000\050\000\051}{subsection.4.1.3}% 91
\BOOKMARK [3][-]{subsubsection.4.1.3.48}{\376\377\0004\000.\0001\000.\0003\000.\0004\0008\000\040\000m\000a\000t\0002\000D\000\137\000s\000u\000b\000\050\000\051}{subsection.4.1.3}% 92
\BOOKMARK [3][-]{subsubsection.4.1.3.49}{\376\377\0004\000.\0001\000.\0003\000.\0004\0009\000\040\000m\000a\000t\0002\000D\000\137\000s\000u\000b\000\137\000c\000o\000l\000\137\000t\000o\000\137\000c\000o\000l\000\050\000\051}{subsection.4.1.3}% 93
\BOOKMARK [3][-]{subsubsection.4.1.3.50}{\376\377\0004\000.\0001\000.\0003\000.\0005\0000\000\040\000m\000a\000t\0002\000D\000\137\000s\000u\000b\000\137\000r\000o\000w\000\137\000t\000i\000m\000e\000\137\000f\000a\000c\000t\000o\000r\000\137\000t\000o\000\137\000r\000o\000w\000\050\000\051}{subsection.4.1.3}% 94
\BOOKMARK [3][-]{subsubsection.4.1.3.51}{\376\377\0004\000.\0001\000.\0003\000.\0005\0001\000\040\000m\000a\000t\0002\000D\000\137\000s\000u\000b\000\137\000r\000o\000w\000\137\000t\000o\000\137\000r\000o\000w\000\050\000\051}{subsection.4.1.3}% 95
\BOOKMARK [3][-]{subsubsection.4.1.3.52}{\376\377\0004\000.\0001\000.\0003\000.\0005\0002\000\040\000m\000a\000t\0002\000D\000\137\000s\000w\000a\000p\000\137\000r\000o\000w\000s\000\050\000\051}{subsection.4.1.3}% 96
\BOOKMARK [3][-]{subsubsection.4.1.3.53}{\376\377\0004\000.\0001\000.\0003\000.\0005\0003\000\040\000m\000a\000t\0002\000D\000\137\000t\000r\000a\000n\000s\000p\000o\000s\000e\000\050\000\051}{subsection.4.1.3}% 97
\BOOKMARK [3][-]{subsubsection.4.1.3.54}{\376\377\0004\000.\0001\000.\0003\000.\0005\0004\000\040\000m\000a\000t\0002\000D\000\137\000t\000r\000i\000a\000n\000g\000u\000l\000a\000t\000e\000\050\000\051}{subsection.4.1.3}% 98
\BOOKMARK [1][-]{section.4.2}{\376\377\0004\000.\0002\000\040\000M\000a\000t\000r\000i\000x\0002\000D\000.\000h}{chapter.4}% 99
\BOOKMARK [1][-]{section.4.3}{\376\377\0004\000.\0003\000\040\000t\000e\000m\000p\000.\000c\000\040\000F\000i\000l\000e\000\040\000R\000e\000f\000e\000r\000e\000n\000c\000e}{chapter.4}% 100
\BOOKMARK [2][-]{subsection.4.3.1}{\376\377\0004\000.\0003\000.\0001\000\040\000M\000a\000c\000r\000o\000\040\000D\000e\000f\000i\000n\000i\000t\000i\000o\000n\000\040\000D\000o\000c\000u\000m\000e\000n\000t\000a\000t\000i\000o\000n}{section.4.3}% 101
\BOOKMARK [3][-]{subsubsection.4.3.1.1}{\376\377\0004\000.\0003\000.\0001\000.\0001\000\040\000M\000A\000T\000R\000I\000X\0002\000D\000\137\000I\000M\000P\000L\000E\000M\000E\000N\000T\000A\000T\000I\000O\000N}{subsection.4.3.1}% 102
\BOOKMARK [2][-]{subsection.4.3.2}{\376\377\0004\000.\0003\000.\0002\000\040\000F\000u\000n\000c\000t\000i\000o\000n\000\040\000D\000o\000c\000u\000m\000e\000n\000t\000a\000t\000i\000o\000n}{section.4.3}% 103
\BOOKMARK [3][-]{subsubsection.4.3.2.1}{\376\377\0004\000.\0003\000.\0002\000.\0001\000\040\000m\000a\000i\000n\000\050\000\051}{subsection.4.3.2}% 104
\BOOKMARK [1][-]{section.4.4}{\376\377\0004\000.\0004\000\040\000t\000e\000m\000p\000.\000c}{chapter.4}% 105
\BOOKMARK [0][-]{section*.13}{\376\377\000I\000n\000d\000e\000x}{}% 106
